#
# There is insufficient memory for the Java Runtime Environment to continue.
# Native memory allocation (malloc) failed to allocate 1760656 bytes for Chunk::new
# Possible reasons:
#   The system is out of physical RAM or swap space
#   The process is running with CompressedOops enabled, and the Java Heap may be blocking the growth of the native heap
# Possible solutions:
#   Reduce memory load on the system
#   Increase physical memory or swap space
#   Check if swap backing store is full
#   Decrease Java heap size (-Xmx/-Xms)
#   Decrease number of Java threads
#   Decrease Java thread stack sizes (-Xss)
#   Set larger code cache with -XX:ReservedCodeCacheSize=
#   JVM is running with Zero Based Compressed Oops mode in which the Java heap is
#     placed in the first 32GB address space. The Java Heap base address is the
#     maximum limit for the native heap growth. Please use -XX:HeapBaseMinAddress
#     to set the Java Heap base and to place the Java Heap above 32GB virtual address.
# This output file may be truncated or incomplete.
#
#  Out of Memory Error (./src/hotspot/share/memory/arena.cpp:197), pid=19792, tid=9972
#
# JRE version: OpenJDK Runtime Environment Microsoft-25199 (11.0.12+7) (build 11.0.12+7)
# Java VM: OpenJDK 64-Bit Server VM Microsoft-25199 (11.0.12+7, mixed mode, tiered, compressed oops, g1 gc, windows-amd64)
# No core dump will be written. Minidumps are not enabled by default on client versions of Windows
#

---------------  S U M M A R Y ------------

Command Line: -Dapplication.home=C:\Program Files\Microsoft\jdk-11.0.12.7-hotspot --add-modules=ALL-DEFAULT -Xms8m -Dfile.encoding=UTF8 -Djdk.module.main=jdk.compiler jdk.compiler/com.sun.tools.javac.Main @C:\Users\djsha\AppData\Local\Temp\tmpB688.tmp -target 1.8 -source 1.8

Host: Intel(R) Core(TM) i5-7400 CPU @ 3.00GHz, 4 cores, 31G,  Windows 10 , 64 bit Build 19041 (10.0.19041.1706)
Time: Thu Jun  2 21:53:58 2022 GTB Summer Time elapsed time: 7.540430 seconds (0d 0h 0m 7s)

---------------  T H R E A D  ---------------

Current thread (0x00000210bc572800):  JavaThread "C2 CompilerThread0" daemon [_thread_in_native, id=9972, stack(0x00000039d1500000,0x00000039d1600000)]


Current CompileTask:
C2:   7540 4406       4       com.sun.tools.javac.comp.TransTypes::addBridgeIfNeeded (251 bytes)

Stack: [0x00000039d1500000,0x00000039d1600000]
Native frames: (J=compiled Java code, j=interpreted, Vv=VM code, C=native code)
V  [jvm.dll+0x6090fa]
V  [jvm.dll+0x79229e]
V  [jvm.dll+0x79396f]
V  [jvm.dll+0x794033]
V  [jvm.dll+0x24bed8]
V  [jvm.dll+0xc219c]
V  [jvm.dll+0xc275c]
V  [jvm.dll+0x3548a7]
V  [jvm.dll+0x321fb3]
V  [jvm.dll+0x3212ea]
V  [jvm.dll+0x205585]
V  [jvm.dll+0x20476d]
V  [jvm.dll+0x18996c]
V  [jvm.dll+0x213dd7]
V  [jvm.dll+0x211f9b]
V  [jvm.dll+0x7563a9]
V  [jvm.dll+0x74f414]
V  [jvm.dll+0x607f56]
C  [ucrtbase.dll+0x21bb2]
C  [KERNEL32.DLL+0x17034]
C  [ntdll.dll+0x52651]


---------------  P R O C E S S  ---------------

Threads class SMR info:
_java_thread_list=0x00000210bd6d87a0, length=11, elements={
0x000002108f12a000, 0x00000210bc52c800, 0x00000210bc558000, 0x00000210bcec3000,
0x00000210bc569000, 0x00000210bc56d800, 0x00000210bc572800, 0x00000210bc57a000,
0x00000210bcecc000, 0x00000210bd029800, 0x00000210bda14000
}

Java Threads: ( => current thread )
  0x000002108f12a000 JavaThread "main" [_thread_in_native, id=13516, stack(0x00000039d0900000,0x00000039d0a00000)]
  0x00000210bc52c800 JavaThread "Reference Handler" daemon [_thread_blocked, id=23192, stack(0x00000039d1000000,0x00000039d1100000)]
  0x00000210bc558000 JavaThread "Finalizer" daemon [_thread_blocked, id=19020, stack(0x00000039d1100000,0x00000039d1200000)]
  0x00000210bcec3000 JavaThread "Signal Dispatcher" daemon [_thread_blocked, id=1160, stack(0x00000039d1200000,0x00000039d1300000)]
  0x00000210bc569000 JavaThread "Attach Listener" daemon [_thread_blocked, id=26932, stack(0x00000039d1300000,0x00000039d1400000)]
  0x00000210bc56d800 JavaThread "Service Thread" daemon [_thread_blocked, id=30432, stack(0x00000039d1400000,0x00000039d1500000)]
=>0x00000210bc572800 JavaThread "C2 CompilerThread0" daemon [_thread_in_native, id=9972, stack(0x00000039d1500000,0x00000039d1600000)]
  0x00000210bc57a000 JavaThread "C1 CompilerThread0" daemon [_thread_blocked, id=23884, stack(0x00000039d1600000,0x00000039d1700000)]
  0x00000210bcecc000 JavaThread "Sweeper thread" daemon [_thread_blocked, id=4420, stack(0x00000039d1700000,0x00000039d1800000)]
  0x00000210bd029800 JavaThread "Common-Cleaner" daemon [_thread_blocked, id=11992, stack(0x00000039d1800000,0x00000039d1900000)]
  0x00000210bda14000 JavaThread "C2 CompilerThread1" daemon [_thread_in_vm, id=22720, stack(0x00000039d1900000,0x00000039d1a00000)]

Other Threads:
  0x00000210bc52b000 VMThread "VM Thread" [stack: 0x00000039d0f00000,0x00000039d1000000] [id=20744]
  0x00000210bd10b000 WatcherThread [stack: 0x00000039d1a00000,0x00000039d1b00000] [id=13280]
  0x000002108f142800 GCTaskThread "GC Thread#0" [stack: 0x00000039d0a00000,0x00000039d0b00000] [id=7548]
  0x00000210bd306800 GCTaskThread "GC Thread#1" [stack: 0x00000039d1b00000,0x00000039d1c00000] [id=30328]
  0x00000210be67f000 GCTaskThread "GC Thread#2" [stack: 0x00000039d1d00000,0x00000039d1e00000] [id=23796]
  0x00000210be4d2800 GCTaskThread "GC Thread#3" [stack: 0x00000039d2000000,0x00000039d2100000] [id=6604]
  0x000002108f1f7000 ConcurrentGCThread "G1 Main Marker" [stack: 0x00000039d0b00000,0x00000039d0c00000] [id=26048]
  0x000002108f1f8000 ConcurrentGCThread "G1 Conc#0" [stack: 0x00000039d0c00000,0x00000039d0d00000] [id=23020]
  0x00000210bc387800 ConcurrentGCThread "G1 Refine#0" [stack: 0x00000039d0d00000,0x00000039d0e00000] [id=5572]
  0x00000210bfcf6800 ConcurrentGCThread "G1 Refine#1" [stack: 0x00000039d1c00000,0x00000039d1d00000] [id=16124]
  0x00000210bf500000 ConcurrentGCThread "G1 Refine#2" [stack: 0x00000039d1e00000,0x00000039d1f00000] [id=10180]
  0x00000210bf644800 ConcurrentGCThread "G1 Refine#3" [stack: 0x00000039d1f00000,0x00000039d2000000] [id=10008]
  0x00000210bc389800 ConcurrentGCThread "G1 Young RemSet Sampling" [stack: 0x00000039d0e00000,0x00000039d0f00000] [id=30336]

Threads with active compile tasks:
C2 CompilerThread0   7558 4406       4       com.sun.tools.javac.comp.TransTypes::addBridgeIfNeeded (251 bytes)
C2 CompilerThread1   7558 4383       4       com.sun.tools.javac.code.Symbol$MethodSymbol::implementation (57 bytes)

VM state:not at safepoint (normal execution)

VM Mutex/Monitor currently owned by a thread: None

Heap address: 0x0000000600800000, size: 8184 MB, Compressed Oops mode: Zero based, Oop shift amount: 3
Narrow klass base: 0x0000000800000000, Narrow klass shift: 0
Compressed class space size: 1073741824 Address: 0x0000000800000000

Heap:
 garbage-first heap   total 319488K, used 126709K [0x0000000600800000, 0x0000000800000000)
  region size 1024K, 44 young (45056K), 1 survivors (1024K)
 Metaspace       used 18299K, capacity 18651K, committed 18816K, reserved 1067008K
  class space    used 1696K, capacity 1821K, committed 1920K, reserved 1048576K
Heap Regions: E=young(eden), S=young(survivor), O=old, HS=humongous(starts), HC=humongous(continues), CS=collection set, F=free, A=archive, TAMS=top-at-mark-start (previous, next)
|   0|0x0000000600800000, 0x0000000600900000, 0x0000000600900000|100%| O|  |TAMS 0x0000000600900000, 0x0000000600800000| Untracked 
|   1|0x0000000600900000, 0x0000000600a00000, 0x0000000600a00000|100%| O|  |TAMS 0x0000000600a00000, 0x0000000600900000| Untracked 
|   2|0x0000000600a00000, 0x0000000600b00000, 0x0000000600b00000|100%| O|  |TAMS 0x0000000600b00000, 0x0000000600a00000| Untracked 
|   3|0x0000000600b00000, 0x0000000600c00000, 0x0000000600c00000|100%| O|  |TAMS 0x0000000600c00000, 0x0000000600b00000| Untracked 
|   4|0x0000000600c00000, 0x0000000600d00000, 0x0000000600d00000|100%| O|  |TAMS 0x0000000600d00000, 0x0000000600c00000| Untracked 
|   5|0x0000000600d00000, 0x0000000600e00000, 0x0000000600e00000|100%| O|  |TAMS 0x0000000600e00000, 0x0000000600d00000| Untracked 
|   6|0x0000000600e00000, 0x0000000600f00000, 0x0000000600f00000|100%| O|  |TAMS 0x0000000600f00000, 0x0000000600e00000| Untracked 
|   7|0x0000000600f00000, 0x0000000601000000, 0x0000000601000000|100%| O|  |TAMS 0x0000000601000000, 0x0000000600f00000| Untracked 
|   8|0x0000000601000000, 0x0000000601100000, 0x0000000601100000|100%| O|  |TAMS 0x0000000601100000, 0x0000000601000000| Untracked 
|   9|0x0000000601100000, 0x0000000601200000, 0x0000000601200000|100%| O|  |TAMS 0x0000000601200000, 0x0000000601100000| Untracked 
|  10|0x0000000601200000, 0x0000000601300000, 0x0000000601300000|100%| O|  |TAMS 0x0000000601300000, 0x0000000601200000| Untracked 
|  11|0x0000000601300000, 0x0000000601400000, 0x0000000601400000|100%| O|  |TAMS 0x0000000601400000, 0x0000000601300000| Untracked 
|  12|0x0000000601400000, 0x0000000601500000, 0x0000000601500000|100%| O|  |TAMS 0x0000000601500000, 0x0000000601400000| Untracked 
|  13|0x0000000601500000, 0x0000000601600000, 0x0000000601600000|100%|HS|  |TAMS 0x0000000601600000, 0x0000000601500000| Complete 
|  14|0x0000000601600000, 0x0000000601700000, 0x0000000601700000|100%| O|  |TAMS 0x0000000601700000, 0x0000000601600000| Untracked 
|  15|0x0000000601700000, 0x0000000601800000, 0x0000000601800000|100%| O|  |TAMS 0x0000000601800000, 0x0000000601700000| Untracked 
|  16|0x0000000601800000, 0x0000000601900000, 0x0000000601900000|100%|HS|  |TAMS 0x0000000601900000, 0x0000000601800000| Complete 
|  17|0x0000000601900000, 0x0000000601a00000, 0x0000000601a00000|100%|HC|  |TAMS 0x0000000601a00000, 0x0000000601900000| Complete 
|  18|0x0000000601a00000, 0x0000000601b00000, 0x0000000601b00000|100%|HC|  |TAMS 0x0000000601b00000, 0x0000000601a00000| Complete 
|  19|0x0000000601b00000, 0x0000000601c00000, 0x0000000601c00000|100%| O|  |TAMS 0x0000000601c00000, 0x0000000601b00000| Untracked 
|  20|0x0000000601c00000, 0x0000000601d00000, 0x0000000601d00000|100%|HS|  |TAMS 0x0000000601d00000, 0x0000000601c00000| Complete 
|  21|0x0000000601d00000, 0x0000000601e00000, 0x0000000601e00000|100%|HC|  |TAMS 0x0000000601e00000, 0x0000000601d00000| Complete 
|  22|0x0000000601e00000, 0x0000000601f00000, 0x0000000601f00000|100%|HC|  |TAMS 0x0000000601f00000, 0x0000000601e00000| Complete 
|  23|0x0000000601f00000, 0x0000000602000000, 0x0000000602000000|100%|HC|  |TAMS 0x0000000602000000, 0x0000000601f00000| Complete 
|  24|0x0000000602000000, 0x0000000602100000, 0x0000000602100000|100%|HC|  |TAMS 0x0000000602100000, 0x0000000602000000| Complete 
|  25|0x0000000602100000, 0x0000000602200000, 0x0000000602200000|100%|HS|  |TAMS 0x0000000602200000, 0x0000000602100000| Complete 
|  26|0x0000000602200000, 0x0000000602300000, 0x0000000602300000|100%|HC|  |TAMS 0x0000000602300000, 0x0000000602200000| Complete 
|  27|0x0000000602300000, 0x0000000602400000, 0x0000000602400000|100%| O|  |TAMS 0x0000000602400000, 0x0000000602300000| Untracked 
|  28|0x0000000602400000, 0x0000000602500000, 0x0000000602500000|100%| O|  |TAMS 0x0000000602500000, 0x0000000602400000| Untracked 
|  29|0x0000000602500000, 0x0000000602600000, 0x0000000602600000|100%| O|  |TAMS 0x0000000602600000, 0x0000000602500000| Untracked 
|  30|0x0000000602600000, 0x0000000602700000, 0x0000000602700000|100%| O|  |TAMS 0x0000000602700000, 0x0000000602600000| Untracked 
|  31|0x0000000602700000, 0x0000000602800000, 0x0000000602800000|100%| O|  |TAMS 0x0000000602800000, 0x0000000602700000| Untracked 
|  32|0x0000000602800000, 0x0000000602900000, 0x0000000602900000|100%| O|  |TAMS 0x0000000602900000, 0x0000000602800000| Untracked 
|  33|0x0000000602900000, 0x0000000602a00000, 0x0000000602a00000|100%| O|  |TAMS 0x0000000602a00000, 0x0000000602900000| Untracked 
|  34|0x0000000602a00000, 0x0000000602b00000, 0x0000000602b00000|100%| O|  |TAMS 0x0000000602b00000, 0x0000000602a00000| Untracked 
|  35|0x0000000602b00000, 0x0000000602c00000, 0x0000000602c00000|100%| O|  |TAMS 0x0000000602c00000, 0x0000000602b00000| Untracked 
|  36|0x0000000602c00000, 0x0000000602d00000, 0x0000000602d00000|100%| O|  |TAMS 0x0000000602d00000, 0x0000000602c00000| Untracked 
|  37|0x0000000602d00000, 0x0000000602e00000, 0x0000000602e00000|100%| O|  |TAMS 0x0000000602e00000, 0x0000000602d00000| Untracked 
|  38|0x0000000602e00000, 0x0000000602f00000, 0x0000000602f00000|100%| O|  |TAMS 0x0000000602f00000, 0x0000000602e00000| Untracked 
|  39|0x0000000602f00000, 0x0000000603000000, 0x0000000603000000|100%| O|  |TAMS 0x0000000603000000, 0x0000000602f00000| Untracked 
|  40|0x0000000603000000, 0x0000000603100000, 0x0000000603100000|100%| O|  |TAMS 0x0000000603100000, 0x0000000603000000| Untracked 
|  41|0x0000000603100000, 0x0000000603200000, 0x0000000603200000|100%| O|  |TAMS 0x0000000603200000, 0x0000000603100000| Untracked 
|  42|0x0000000603200000, 0x0000000603300000, 0x0000000603300000|100%| O|  |TAMS 0x0000000603300000, 0x0000000603200000| Untracked 
|  43|0x0000000603300000, 0x0000000603400000, 0x0000000603400000|100%| O|  |TAMS 0x0000000603400000, 0x0000000603300000| Untracked 
|  44|0x0000000603400000, 0x0000000603500000, 0x0000000603500000|100%| O|  |TAMS 0x0000000603500000, 0x0000000603400000| Untracked 
|  45|0x0000000603500000, 0x0000000603600000, 0x0000000603600000|100%| O|  |TAMS 0x0000000603600000, 0x0000000603500000| Untracked 
|  46|0x0000000603600000, 0x0000000603700000, 0x0000000603700000|100%| O|  |TAMS 0x0000000603700000, 0x0000000603600000| Untracked 
|  47|0x0000000603700000, 0x0000000603800000, 0x0000000603800000|100%| O|  |TAMS 0x0000000603800000, 0x0000000603700000| Untracked 
|  48|0x0000000603800000, 0x0000000603900000, 0x0000000603900000|100%| O|  |TAMS 0x0000000603900000, 0x0000000603800000| Untracked 
|  49|0x0000000603900000, 0x0000000603a00000, 0x0000000603a00000|100%| O|  |TAMS 0x0000000603a00000, 0x0000000603900000| Untracked 
|  50|0x0000000603a00000, 0x0000000603b00000, 0x0000000603b00000|100%|HS|  |TAMS 0x0000000603b00000, 0x0000000603a00000| Complete 
|  51|0x0000000603b00000, 0x0000000603c00000, 0x0000000603c00000|100%|HC|  |TAMS 0x0000000603c00000, 0x0000000603b00000| Complete 
|  52|0x0000000603c00000, 0x0000000603d00000, 0x0000000603d00000|100%| O|  |TAMS 0x0000000603d00000, 0x0000000603c00000| Untracked 
|  53|0x0000000603d00000, 0x0000000603e00000, 0x0000000603e00000|100%| O|  |TAMS 0x0000000603e00000, 0x0000000603d00000| Untracked 
|  54|0x0000000603e00000, 0x0000000603f00000, 0x0000000603f00000|100%| O|  |TAMS 0x0000000603f00000, 0x0000000603e00000| Untracked 
|  55|0x0000000603f00000, 0x0000000604000000, 0x0000000604000000|100%| O|  |TAMS 0x0000000604000000, 0x0000000603f00000| Untracked 
|  56|0x0000000604000000, 0x0000000604100000, 0x0000000604100000|100%| O|  |TAMS 0x0000000604100000, 0x0000000604000000| Untracked 
|  57|0x0000000604100000, 0x0000000604200000, 0x0000000604200000|100%| O|  |TAMS 0x0000000604200000, 0x0000000604100000| Untracked 
|  58|0x0000000604200000, 0x0000000604300000, 0x0000000604300000|100%| O|  |TAMS 0x0000000604300000, 0x0000000604200000| Untracked 
|  59|0x0000000604300000, 0x0000000604400000, 0x0000000604400000|100%| O|  |TAMS 0x0000000604400000, 0x0000000604300000| Untracked 
|  60|0x0000000604400000, 0x0000000604500000, 0x0000000604500000|100%| O|  |TAMS 0x0000000604500000, 0x0000000604400000| Untracked 
|  61|0x0000000604500000, 0x0000000604600000, 0x0000000604600000|100%| O|  |TAMS 0x0000000604600000, 0x0000000604500000| Untracked 
|  62|0x0000000604600000, 0x0000000604700000, 0x0000000604700000|100%| O|  |TAMS 0x0000000604700000, 0x0000000604600000| Untracked 
|  63|0x0000000604700000, 0x0000000604800000, 0x0000000604800000|100%| O|  |TAMS 0x0000000604800000, 0x0000000604700000| Untracked 
|  64|0x0000000604800000, 0x0000000604900000, 0x0000000604900000|100%| O|  |TAMS 0x0000000604900000, 0x0000000604800000| Untracked 
|  65|0x0000000604900000, 0x0000000604a00000, 0x0000000604a00000|100%| O|  |TAMS 0x0000000604a00000, 0x0000000604900000| Untracked 
|  66|0x0000000604a00000, 0x0000000604b00000, 0x0000000604b00000|100%| O|  |TAMS 0x0000000604a00000, 0x0000000604a00000| Untracked 
|  67|0x0000000604b00000, 0x0000000604c00000, 0x0000000604c00000|100%| O|  |TAMS 0x0000000604c00000, 0x0000000604b00000| Untracked 
|  68|0x0000000604c00000, 0x0000000604d00000, 0x0000000604d00000|100%| O|  |TAMS 0x0000000604d00000, 0x0000000604c00000| Untracked 
|  69|0x0000000604d00000, 0x0000000604e00000, 0x0000000604e00000|100%| O|  |TAMS 0x0000000604e00000, 0x0000000604d00000| Untracked 
|  70|0x0000000604e00000, 0x0000000604f00000, 0x0000000604f00000|100%| O|  |TAMS 0x0000000604f00000, 0x0000000604e00000| Untracked 
|  71|0x0000000604f00000, 0x0000000605000000, 0x0000000605000000|100%| O|  |TAMS 0x0000000605000000, 0x0000000604f00000| Untracked 
|  72|0x0000000605000000, 0x0000000605100000, 0x0000000605100000|100%| O|  |TAMS 0x0000000605100000, 0x0000000605000000| Untracked 
|  73|0x0000000605100000, 0x0000000605200000, 0x0000000605200000|100%| O|  |TAMS 0x0000000605200000, 0x0000000605100000| Untracked 
|  74|0x0000000605200000, 0x0000000605300000, 0x0000000605300000|100%| O|  |TAMS 0x0000000605300000, 0x0000000605200000| Untracked 
|  75|0x0000000605300000, 0x0000000605400000, 0x0000000605400000|100%| O|  |TAMS 0x0000000605400000, 0x0000000605300000| Untracked 
|  76|0x0000000605400000, 0x0000000605500000, 0x0000000605500000|100%| O|  |TAMS 0x0000000605500000, 0x0000000605400000| Untracked 
|  77|0x0000000605500000, 0x0000000605600000, 0x0000000605600000|100%| O|  |TAMS 0x0000000605500000, 0x0000000605500000| Untracked 
|  78|0x0000000605600000, 0x0000000605700000, 0x0000000605700000|100%| O|  |TAMS 0x0000000605600000, 0x0000000605600000| Untracked 
|  79|0x0000000605700000, 0x0000000605800000, 0x0000000605800000|100%| O|  |TAMS 0x0000000605700000, 0x0000000605700000| Untracked 
|  80|0x0000000605800000, 0x00000006058bfa00, 0x0000000605900000| 74%| O|  |TAMS 0x0000000605800000, 0x0000000605800000| Untracked 
|  81|0x0000000605900000, 0x0000000605900000, 0x0000000605a00000|  0%| F|  |TAMS 0x0000000605900000, 0x0000000605900000| Untracked 
|  82|0x0000000605a00000, 0x0000000605a00000, 0x0000000605b00000|  0%| F|  |TAMS 0x0000000605a00000, 0x0000000605a00000| Untracked 
|  83|0x0000000605b00000, 0x0000000605b00000, 0x0000000605c00000|  0%| F|  |TAMS 0x0000000605b00000, 0x0000000605b00000| Untracked 
|  84|0x0000000605c00000, 0x0000000605c00000, 0x0000000605d00000|  0%| F|  |TAMS 0x0000000605c00000, 0x0000000605c00000| Untracked 
|  85|0x0000000605d00000, 0x0000000605d00000, 0x0000000605e00000|  0%| F|  |TAMS 0x0000000605d00000, 0x0000000605d00000| Untracked 
|  86|0x0000000605e00000, 0x0000000605e00000, 0x0000000605f00000|  0%| F|  |TAMS 0x0000000605e00000, 0x0000000605e00000| Untracked 
|  87|0x0000000605f00000, 0x0000000605f00000, 0x0000000606000000|  0%| F|  |TAMS 0x0000000605f00000, 0x0000000605f00000| Untracked 
|  88|0x0000000606000000, 0x0000000606000000, 0x0000000606100000|  0%| F|  |TAMS 0x0000000606000000, 0x0000000606000000| Untracked 
|  89|0x0000000606100000, 0x0000000606100000, 0x0000000606200000|  0%| F|  |TAMS 0x0000000606100000, 0x0000000606100000| Untracked 
|  90|0x0000000606200000, 0x0000000606200000, 0x0000000606300000|  0%| F|  |TAMS 0x0000000606200000, 0x0000000606200000| Untracked 
|  91|0x0000000606300000, 0x0000000606300000, 0x0000000606400000|  0%| F|  |TAMS 0x0000000606300000, 0x0000000606300000| Untracked 
|  92|0x0000000606400000, 0x0000000606400000, 0x0000000606500000|  0%| F|  |TAMS 0x0000000606400000, 0x0000000606400000| Untracked 
|  93|0x0000000606500000, 0x0000000606500000, 0x0000000606600000|  0%| F|  |TAMS 0x0000000606500000, 0x0000000606500000| Untracked 
|  94|0x0000000606600000, 0x0000000606600000, 0x0000000606700000|  0%| F|  |TAMS 0x0000000606600000, 0x0000000606600000| Untracked 
|  95|0x0000000606700000, 0x0000000606700000, 0x0000000606800000|  0%| F|  |TAMS 0x0000000606700000, 0x0000000606700000| Untracked 
|  96|0x0000000606800000, 0x0000000606800000, 0x0000000606900000|  0%| F|  |TAMS 0x0000000606800000, 0x0000000606800000| Untracked 
|  97|0x0000000606900000, 0x0000000606900000, 0x0000000606a00000|  0%| F|  |TAMS 0x0000000606900000, 0x0000000606900000| Untracked 
|  98|0x0000000606a00000, 0x0000000606a00000, 0x0000000606b00000|  0%| F|  |TAMS 0x0000000606a00000, 0x0000000606a00000| Untracked 
|  99|0x0000000606b00000, 0x0000000606b00000, 0x0000000606c00000|  0%| F|  |TAMS 0x0000000606b00000, 0x0000000606b00000| Untracked 
| 100|0x0000000606c00000, 0x0000000606c00000, 0x0000000606d00000|  0%| F|  |TAMS 0x0000000606c00000, 0x0000000606c00000| Untracked 
| 101|0x0000000606d00000, 0x0000000606d00000, 0x0000000606e00000|  0%| F|  |TAMS 0x0000000606d00000, 0x0000000606d00000| Untracked 
| 102|0x0000000606e00000, 0x0000000606e00000, 0x0000000606f00000|  0%| F|  |TAMS 0x0000000606e00000, 0x0000000606e00000| Untracked 
| 103|0x0000000606f00000, 0x0000000606f00000, 0x0000000607000000|  0%| F|  |TAMS 0x0000000606f00000, 0x0000000606f00000| Untracked 
| 104|0x0000000607000000, 0x0000000607000000, 0x0000000607100000|  0%| F|  |TAMS 0x0000000607000000, 0x0000000607000000| Untracked 
| 105|0x0000000607100000, 0x0000000607100000, 0x0000000607200000|  0%| F|  |TAMS 0x0000000607100000, 0x0000000607100000| Untracked 
| 106|0x0000000607200000, 0x0000000607200000, 0x0000000607300000|  0%| F|  |TAMS 0x0000000607200000, 0x0000000607200000| Untracked 
| 107|0x0000000607300000, 0x0000000607300000, 0x0000000607400000|  0%| F|  |TAMS 0x0000000607300000, 0x0000000607300000| Untracked 
| 108|0x0000000607400000, 0x0000000607400000, 0x0000000607500000|  0%| F|  |TAMS 0x0000000607400000, 0x0000000607400000| Untracked 
| 109|0x0000000607500000, 0x0000000607500000, 0x0000000607600000|  0%| F|  |TAMS 0x0000000607500000, 0x0000000607500000| Untracked 
| 110|0x0000000607600000, 0x0000000607600000, 0x0000000607700000|  0%| F|  |TAMS 0x0000000607600000, 0x0000000607600000| Untracked 
| 111|0x0000000607700000, 0x0000000607700000, 0x0000000607800000|  0%| F|  |TAMS 0x0000000607700000, 0x0000000607700000| Untracked 
| 112|0x0000000607800000, 0x0000000607800000, 0x0000000607900000|  0%| F|  |TAMS 0x0000000607800000, 0x0000000607800000| Untracked 
| 113|0x0000000607900000, 0x0000000607900000, 0x0000000607a00000|  0%| F|  |TAMS 0x0000000607900000, 0x0000000607900000| Untracked 
| 114|0x0000000607a00000, 0x0000000607a00000, 0x0000000607b00000|  0%| F|  |TAMS 0x0000000607a00000, 0x0000000607a00000| Untracked 
| 115|0x0000000607b00000, 0x0000000607b00000, 0x0000000607c00000|  0%| F|  |TAMS 0x0000000607b00000, 0x0000000607b00000| Untracked 
| 116|0x0000000607c00000, 0x0000000607c00000, 0x0000000607d00000|  0%| F|  |TAMS 0x0000000607c00000, 0x0000000607c00000| Untracked 
| 117|0x0000000607d00000, 0x0000000607d00000, 0x0000000607e00000|  0%| F|  |TAMS 0x0000000607d00000, 0x0000000607d00000| Untracked 
| 118|0x0000000607e00000, 0x0000000607e00000, 0x0000000607f00000|  0%| F|  |TAMS 0x0000000607e00000, 0x0000000607e00000| Untracked 
| 119|0x0000000607f00000, 0x0000000607f00000, 0x0000000608000000|  0%| F|  |TAMS 0x0000000607f00000, 0x0000000607f00000| Untracked 
| 120|0x0000000608000000, 0x0000000608000000, 0x0000000608100000|  0%| F|  |TAMS 0x0000000608000000, 0x0000000608000000| Untracked 
| 121|0x0000000608100000, 0x0000000608100000, 0x0000000608200000|  0%| F|  |TAMS 0x0000000608100000, 0x0000000608100000| Untracked 
| 122|0x0000000608200000, 0x0000000608200000, 0x0000000608300000|  0%| F|  |TAMS 0x0000000608200000, 0x0000000608200000| Untracked 
| 123|0x0000000608300000, 0x0000000608300000, 0x0000000608400000|  0%| F|  |TAMS 0x0000000608300000, 0x0000000608300000| Untracked 
| 124|0x0000000608400000, 0x0000000608400000, 0x0000000608500000|  0%| F|  |TAMS 0x0000000608400000, 0x0000000608400000| Untracked 
| 125|0x0000000608500000, 0x0000000608500000, 0x0000000608600000|  0%| F|  |TAMS 0x0000000608500000, 0x0000000608500000| Untracked 
| 126|0x0000000608600000, 0x0000000608600000, 0x0000000608700000|  0%| F|  |TAMS 0x0000000608600000, 0x0000000608600000| Untracked 
| 127|0x0000000608700000, 0x0000000608700000, 0x0000000608800000|  0%| F|  |TAMS 0x0000000608700000, 0x0000000608700000| Untracked 
| 128|0x0000000608800000, 0x0000000608800000, 0x0000000608900000|  0%| F|  |TAMS 0x0000000608800000, 0x0000000608800000| Untracked 
| 129|0x0000000608900000, 0x0000000608900000, 0x0000000608a00000|  0%| F|  |TAMS 0x0000000608900000, 0x0000000608900000| Untracked 
| 130|0x0000000608a00000, 0x0000000608a00000, 0x0000000608b00000|  0%| F|  |TAMS 0x0000000608a00000, 0x0000000608a00000| Untracked 
| 131|0x0000000608b00000, 0x0000000608b00000, 0x0000000608c00000|  0%| F|  |TAMS 0x0000000608b00000, 0x0000000608b00000| Untracked 
| 132|0x0000000608c00000, 0x0000000608c00000, 0x0000000608d00000|  0%| F|  |TAMS 0x0000000608c00000, 0x0000000608c00000| Untracked 
| 133|0x0000000608d00000, 0x0000000608d00000, 0x0000000608e00000|  0%| F|  |TAMS 0x0000000608d00000, 0x0000000608d00000| Untracked 
| 134|0x0000000608e00000, 0x0000000608e00000, 0x0000000608f00000|  0%| F|  |TAMS 0x0000000608e00000, 0x0000000608e00000| Untracked 
| 135|0x0000000608f00000, 0x0000000608f00000, 0x0000000609000000|  0%| F|  |TAMS 0x0000000608f00000, 0x0000000608f00000| Untracked 
| 136|0x0000000609000000, 0x0000000609000000, 0x0000000609100000|  0%| F|  |TAMS 0x0000000609000000, 0x0000000609000000| Untracked 
| 137|0x0000000609100000, 0x0000000609100000, 0x0000000609200000|  0%| F|  |TAMS 0x0000000609100000, 0x0000000609100000| Untracked 
| 138|0x0000000609200000, 0x0000000609200000, 0x0000000609300000|  0%| F|  |TAMS 0x0000000609200000, 0x0000000609200000| Untracked 
| 139|0x0000000609300000, 0x0000000609300000, 0x0000000609400000|  0%| F|  |TAMS 0x0000000609300000, 0x0000000609300000| Untracked 
| 140|0x0000000609400000, 0x0000000609400000, 0x0000000609500000|  0%| F|  |TAMS 0x0000000609400000, 0x0000000609400000| Untracked 
| 141|0x0000000609500000, 0x0000000609500000, 0x0000000609600000|  0%| F|  |TAMS 0x0000000609500000, 0x0000000609500000| Untracked 
| 142|0x0000000609600000, 0x0000000609600000, 0x0000000609700000|  0%| F|  |TAMS 0x0000000609600000, 0x0000000609600000| Untracked 
| 143|0x0000000609700000, 0x0000000609700000, 0x0000000609800000|  0%| F|  |TAMS 0x0000000609700000, 0x0000000609700000| Untracked 
| 144|0x0000000609800000, 0x0000000609800000, 0x0000000609900000|  0%| F|  |TAMS 0x0000000609800000, 0x0000000609800000| Untracked 
| 145|0x0000000609900000, 0x0000000609900000, 0x0000000609a00000|  0%| F|  |TAMS 0x0000000609900000, 0x0000000609900000| Untracked 
| 146|0x0000000609a00000, 0x0000000609a00000, 0x0000000609b00000|  0%| F|  |TAMS 0x0000000609a00000, 0x0000000609a00000| Untracked 
| 147|0x0000000609b00000, 0x0000000609b00000, 0x0000000609c00000|  0%| F|  |TAMS 0x0000000609b00000, 0x0000000609b00000| Untracked 
| 148|0x0000000609c00000, 0x0000000609c00000, 0x0000000609d00000|  0%| F|  |TAMS 0x0000000609c00000, 0x0000000609c00000| Untracked 
| 149|0x0000000609d00000, 0x0000000609d00000, 0x0000000609e00000|  0%| F|  |TAMS 0x0000000609d00000, 0x0000000609d00000| Untracked 
| 150|0x0000000609e00000, 0x0000000609e00000, 0x0000000609f00000|  0%| F|  |TAMS 0x0000000609e00000, 0x0000000609e00000| Untracked 
| 151|0x0000000609f00000, 0x0000000609f00000, 0x000000060a000000|  0%| F|  |TAMS 0x0000000609f00000, 0x0000000609f00000| Untracked 
| 152|0x000000060a000000, 0x000000060a000000, 0x000000060a100000|  0%| F|  |TAMS 0x000000060a000000, 0x000000060a000000| Untracked 
| 153|0x000000060a100000, 0x000000060a100000, 0x000000060a200000|  0%| F|  |TAMS 0x000000060a100000, 0x000000060a100000| Untracked 
| 154|0x000000060a200000, 0x000000060a200000, 0x000000060a300000|  0%| F|  |TAMS 0x000000060a200000, 0x000000060a200000| Untracked 
| 155|0x000000060a300000, 0x000000060a300000, 0x000000060a400000|  0%| F|  |TAMS 0x000000060a300000, 0x000000060a300000| Untracked 
| 156|0x000000060a400000, 0x000000060a400000, 0x000000060a500000|  0%| F|  |TAMS 0x000000060a400000, 0x000000060a400000| Untracked 
| 157|0x000000060a500000, 0x000000060a500000, 0x000000060a600000|  0%| F|  |TAMS 0x000000060a500000, 0x000000060a500000| Untracked 
| 158|0x000000060a600000, 0x000000060a600000, 0x000000060a700000|  0%| F|  |TAMS 0x000000060a600000, 0x000000060a600000| Untracked 
| 159|0x000000060a700000, 0x000000060a700000, 0x000000060a800000|  0%| F|  |TAMS 0x000000060a700000, 0x000000060a700000| Untracked 
| 160|0x000000060a800000, 0x000000060a800000, 0x000000060a900000|  0%| F|  |TAMS 0x000000060a800000, 0x000000060a800000| Untracked 
| 161|0x000000060a900000, 0x000000060a900000, 0x000000060aa00000|  0%| F|  |TAMS 0x000000060a900000, 0x000000060a900000| Untracked 
| 162|0x000000060aa00000, 0x000000060aa00000, 0x000000060ab00000|  0%| F|  |TAMS 0x000000060aa00000, 0x000000060aa00000| Untracked 
| 163|0x000000060ab00000, 0x000000060ab00000, 0x000000060ac00000|  0%| F|  |TAMS 0x000000060ab00000, 0x000000060ab00000| Untracked 
| 164|0x000000060ac00000, 0x000000060ac00000, 0x000000060ad00000|  0%| F|  |TAMS 0x000000060ac00000, 0x000000060ac00000| Untracked 
| 165|0x000000060ad00000, 0x000000060ad00000, 0x000000060ae00000|  0%| F|  |TAMS 0x000000060ad00000, 0x000000060ad00000| Untracked 
| 166|0x000000060ae00000, 0x000000060ae00000, 0x000000060af00000|  0%| F|  |TAMS 0x000000060ae00000, 0x000000060ae00000| Untracked 
| 167|0x000000060af00000, 0x000000060af00000, 0x000000060b000000|  0%| F|  |TAMS 0x000000060af00000, 0x000000060af00000| Untracked 
| 168|0x000000060b000000, 0x000000060b000000, 0x000000060b100000|  0%| F|  |TAMS 0x000000060b000000, 0x000000060b000000| Untracked 
| 169|0x000000060b100000, 0x000000060b100000, 0x000000060b200000|  0%| F|  |TAMS 0x000000060b100000, 0x000000060b100000| Untracked 
| 170|0x000000060b200000, 0x000000060b200000, 0x000000060b300000|  0%| F|  |TAMS 0x000000060b200000, 0x000000060b200000| Untracked 
| 171|0x000000060b300000, 0x000000060b300000, 0x000000060b400000|  0%| F|  |TAMS 0x000000060b300000, 0x000000060b300000| Untracked 
| 172|0x000000060b400000, 0x000000060b400000, 0x000000060b500000|  0%| F|  |TAMS 0x000000060b400000, 0x000000060b400000| Untracked 
| 173|0x000000060b500000, 0x000000060b500000, 0x000000060b600000|  0%| F|  |TAMS 0x000000060b500000, 0x000000060b500000| Untracked 
| 174|0x000000060b600000, 0x000000060b600000, 0x000000060b700000|  0%| F|  |TAMS 0x000000060b600000, 0x000000060b600000| Untracked 
| 175|0x000000060b700000, 0x000000060b700000, 0x000000060b800000|  0%| F|  |TAMS 0x000000060b700000, 0x000000060b700000| Untracked 
| 176|0x000000060b800000, 0x000000060b800000, 0x000000060b900000|  0%| F|  |TAMS 0x000000060b800000, 0x000000060b800000| Untracked 
| 177|0x000000060b900000, 0x000000060b900000, 0x000000060ba00000|  0%| F|  |TAMS 0x000000060b900000, 0x000000060b900000| Untracked 
| 178|0x000000060ba00000, 0x000000060ba00000, 0x000000060bb00000|  0%| F|  |TAMS 0x000000060ba00000, 0x000000060ba00000| Untracked 
| 179|0x000000060bb00000, 0x000000060bb00000, 0x000000060bc00000|  0%| F|  |TAMS 0x000000060bb00000, 0x000000060bb00000| Untracked 
| 180|0x000000060bc00000, 0x000000060bc00000, 0x000000060bd00000|  0%| F|  |TAMS 0x000000060bc00000, 0x000000060bc00000| Untracked 
| 181|0x000000060bd00000, 0x000000060bd00000, 0x000000060be00000|  0%| F|  |TAMS 0x000000060bd00000, 0x000000060bd00000| Untracked 
| 182|0x000000060be00000, 0x000000060be00000, 0x000000060bf00000|  0%| F|  |TAMS 0x000000060be00000, 0x000000060be00000| Untracked 
| 183|0x000000060bf00000, 0x000000060bf00000, 0x000000060c000000|  0%| F|  |TAMS 0x000000060bf00000, 0x000000060bf00000| Untracked 
| 184|0x000000060c000000, 0x000000060c000000, 0x000000060c100000|  0%| F|  |TAMS 0x000000060c000000, 0x000000060c000000| Untracked 
| 185|0x000000060c100000, 0x000000060c100000, 0x000000060c200000|  0%| F|  |TAMS 0x000000060c100000, 0x000000060c100000| Untracked 
| 186|0x000000060c200000, 0x000000060c200000, 0x000000060c300000|  0%| F|  |TAMS 0x000000060c200000, 0x000000060c200000| Untracked 
| 187|0x000000060c300000, 0x000000060c300000, 0x000000060c400000|  0%| F|  |TAMS 0x000000060c300000, 0x000000060c300000| Untracked 
| 188|0x000000060c400000, 0x000000060c400000, 0x000000060c500000|  0%| F|  |TAMS 0x000000060c400000, 0x000000060c400000| Untracked 
| 189|0x000000060c500000, 0x000000060c500000, 0x000000060c600000|  0%| F|  |TAMS 0x000000060c500000, 0x000000060c500000| Untracked 
| 190|0x000000060c600000, 0x000000060c600000, 0x000000060c700000|  0%| F|  |TAMS 0x000000060c600000, 0x000000060c600000| Untracked 
| 191|0x000000060c700000, 0x000000060c700000, 0x000000060c800000|  0%| F|  |TAMS 0x000000060c700000, 0x000000060c700000| Untracked 
| 192|0x000000060c800000, 0x000000060c800000, 0x000000060c900000|  0%| F|  |TAMS 0x000000060c800000, 0x000000060c800000| Untracked 
| 193|0x000000060c900000, 0x000000060c900000, 0x000000060ca00000|  0%| F|  |TAMS 0x000000060c900000, 0x000000060c900000| Untracked 
| 194|0x000000060ca00000, 0x000000060ca00000, 0x000000060cb00000|  0%| F|  |TAMS 0x000000060ca00000, 0x000000060ca00000| Untracked 
| 195|0x000000060cb00000, 0x000000060cb00000, 0x000000060cc00000|  0%| F|  |TAMS 0x000000060cb00000, 0x000000060cb00000| Untracked 
| 196|0x000000060cc00000, 0x000000060cc00000, 0x000000060cd00000|  0%| F|  |TAMS 0x000000060cc00000, 0x000000060cc00000| Untracked 
| 197|0x000000060cd00000, 0x000000060cd00000, 0x000000060ce00000|  0%| F|  |TAMS 0x000000060cd00000, 0x000000060cd00000| Untracked 
| 198|0x000000060ce00000, 0x000000060ce00000, 0x000000060cf00000|  0%| F|  |TAMS 0x000000060ce00000, 0x000000060ce00000| Untracked 
| 199|0x000000060cf00000, 0x000000060cf00000, 0x000000060d000000|  0%| F|  |TAMS 0x000000060cf00000, 0x000000060cf00000| Untracked 
| 200|0x000000060d000000, 0x000000060d000000, 0x000000060d100000|  0%| F|  |TAMS 0x000000060d000000, 0x000000060d000000| Untracked 
| 201|0x000000060d100000, 0x000000060d100000, 0x000000060d200000|  0%| F|  |TAMS 0x000000060d100000, 0x000000060d100000| Untracked 
| 202|0x000000060d200000, 0x000000060d200000, 0x000000060d300000|  0%| F|  |TAMS 0x000000060d200000, 0x000000060d200000| Untracked 
| 203|0x000000060d300000, 0x000000060d300000, 0x000000060d400000|  0%| F|  |TAMS 0x000000060d300000, 0x000000060d300000| Untracked 
| 204|0x000000060d400000, 0x000000060d400000, 0x000000060d500000|  0%| F|  |TAMS 0x000000060d400000, 0x000000060d400000| Untracked 
| 205|0x000000060d500000, 0x000000060d500000, 0x000000060d600000|  0%| F|  |TAMS 0x000000060d500000, 0x000000060d500000| Untracked 
| 206|0x000000060d600000, 0x000000060d600000, 0x000000060d700000|  0%| F|  |TAMS 0x000000060d600000, 0x000000060d600000| Untracked 
| 207|0x000000060d700000, 0x000000060d700000, 0x000000060d800000|  0%| F|  |TAMS 0x000000060d700000, 0x000000060d700000| Untracked 
| 208|0x000000060d800000, 0x000000060d800000, 0x000000060d900000|  0%| F|  |TAMS 0x000000060d800000, 0x000000060d800000| Untracked 
| 209|0x000000060d900000, 0x000000060d900000, 0x000000060da00000|  0%| F|  |TAMS 0x000000060d900000, 0x000000060d900000| Untracked 
| 210|0x000000060da00000, 0x000000060da00000, 0x000000060db00000|  0%| F|  |TAMS 0x000000060da00000, 0x000000060da00000| Untracked 
| 211|0x000000060db00000, 0x000000060db00000, 0x000000060dc00000|  0%| F|  |TAMS 0x000000060db00000, 0x000000060db00000| Untracked 
| 212|0x000000060dc00000, 0x000000060dc00000, 0x000000060dd00000|  0%| F|  |TAMS 0x000000060dc00000, 0x000000060dc00000| Untracked 
| 213|0x000000060dd00000, 0x000000060dd00000, 0x000000060de00000|  0%| F|  |TAMS 0x000000060dd00000, 0x000000060dd00000| Untracked 
| 214|0x000000060de00000, 0x000000060de00000, 0x000000060df00000|  0%| F|  |TAMS 0x000000060de00000, 0x000000060de00000| Untracked 
| 215|0x000000060df00000, 0x000000060df00000, 0x000000060e000000|  0%| F|  |TAMS 0x000000060df00000, 0x000000060df00000| Untracked 
| 216|0x000000060e000000, 0x000000060e000000, 0x000000060e100000|  0%| F|  |TAMS 0x000000060e000000, 0x000000060e000000| Untracked 
| 217|0x000000060e100000, 0x000000060e100000, 0x000000060e200000|  0%| F|  |TAMS 0x000000060e100000, 0x000000060e100000| Untracked 
| 218|0x000000060e200000, 0x000000060e200000, 0x000000060e300000|  0%| F|  |TAMS 0x000000060e200000, 0x000000060e200000| Untracked 
| 219|0x000000060e300000, 0x000000060e300000, 0x000000060e400000|  0%| F|  |TAMS 0x000000060e300000, 0x000000060e300000| Untracked 
| 220|0x000000060e400000, 0x000000060e400000, 0x000000060e500000|  0%| F|  |TAMS 0x000000060e400000, 0x000000060e400000| Untracked 
| 221|0x000000060e500000, 0x000000060e500000, 0x000000060e600000|  0%| F|  |TAMS 0x000000060e500000, 0x000000060e500000| Untracked 
| 222|0x000000060e600000, 0x000000060e600000, 0x000000060e700000|  0%| F|  |TAMS 0x000000060e600000, 0x000000060e600000| Untracked 
| 223|0x000000060e700000, 0x000000060e700000, 0x000000060e800000|  0%| F|  |TAMS 0x000000060e700000, 0x000000060e700000| Untracked 
| 224|0x000000060e800000, 0x000000060e800000, 0x000000060e900000|  0%| F|  |TAMS 0x000000060e800000, 0x000000060e800000| Untracked 
| 225|0x000000060e900000, 0x000000060e900000, 0x000000060ea00000|  0%| F|  |TAMS 0x000000060e900000, 0x000000060e900000| Untracked 
| 226|0x000000060ea00000, 0x000000060ea00000, 0x000000060eb00000|  0%| F|  |TAMS 0x000000060ea00000, 0x000000060ea00000| Untracked 
| 227|0x000000060eb00000, 0x000000060eb00000, 0x000000060ec00000|  0%| F|  |TAMS 0x000000060eb00000, 0x000000060eb00000| Untracked 
| 228|0x000000060ec00000, 0x000000060ec00000, 0x000000060ed00000|  0%| F|  |TAMS 0x000000060ec00000, 0x000000060ec00000| Untracked 
| 229|0x000000060ed00000, 0x000000060ed00000, 0x000000060ee00000|  0%| F|  |TAMS 0x000000060ed00000, 0x000000060ed00000| Untracked 
| 230|0x000000060ee00000, 0x000000060ee00000, 0x000000060ef00000|  0%| F|  |TAMS 0x000000060ee00000, 0x000000060ee00000| Untracked 
| 231|0x000000060ef00000, 0x000000060ef00000, 0x000000060f000000|  0%| F|  |TAMS 0x000000060ef00000, 0x000000060ef00000| Untracked 
| 232|0x000000060f000000, 0x000000060f000000, 0x000000060f100000|  0%| F|  |TAMS 0x000000060f000000, 0x000000060f000000| Untracked 
| 233|0x000000060f100000, 0x000000060f100000, 0x000000060f200000|  0%| F|  |TAMS 0x000000060f100000, 0x000000060f100000| Untracked 
| 234|0x000000060f200000, 0x000000060f200000, 0x000000060f300000|  0%| F|  |TAMS 0x000000060f200000, 0x000000060f200000| Untracked 
| 235|0x000000060f300000, 0x000000060f300000, 0x000000060f400000|  0%| F|  |TAMS 0x000000060f300000, 0x000000060f300000| Untracked 
| 236|0x000000060f400000, 0x000000060f400000, 0x000000060f500000|  0%| F|  |TAMS 0x000000060f400000, 0x000000060f400000| Untracked 
| 237|0x000000060f500000, 0x000000060f500000, 0x000000060f600000|  0%| F|  |TAMS 0x000000060f500000, 0x000000060f500000| Untracked 
| 238|0x000000060f600000, 0x000000060f600000, 0x000000060f700000|  0%| F|  |TAMS 0x000000060f600000, 0x000000060f600000| Untracked 
| 239|0x000000060f700000, 0x000000060f700000, 0x000000060f800000|  0%| F|  |TAMS 0x000000060f700000, 0x000000060f700000| Untracked 
| 240|0x000000060f800000, 0x000000060f800000, 0x000000060f900000|  0%| F|  |TAMS 0x000000060f800000, 0x000000060f800000| Untracked 
| 241|0x000000060f900000, 0x000000060f900000, 0x000000060fa00000|  0%| F|  |TAMS 0x000000060f900000, 0x000000060f900000| Untracked 
| 242|0x000000060fa00000, 0x000000060fa00000, 0x000000060fb00000|  0%| F|  |TAMS 0x000000060fa00000, 0x000000060fa00000| Untracked 
| 243|0x000000060fb00000, 0x000000060fb00000, 0x000000060fc00000|  0%| F|  |TAMS 0x000000060fb00000, 0x000000060fb00000| Untracked 
| 244|0x000000060fc00000, 0x000000060fc00000, 0x000000060fd00000|  0%| F|  |TAMS 0x000000060fc00000, 0x000000060fc00000| Untracked 
| 245|0x000000060fd00000, 0x000000060fd00000, 0x000000060fe00000|  0%| F|  |TAMS 0x000000060fd00000, 0x000000060fd00000| Untracked 
| 246|0x000000060fe00000, 0x000000060fe00000, 0x000000060ff00000|  0%| F|  |TAMS 0x000000060fe00000, 0x000000060fe00000| Untracked 
| 247|0x000000060ff00000, 0x000000060ff00000, 0x0000000610000000|  0%| F|  |TAMS 0x000000060ff00000, 0x000000060ff00000| Untracked 
| 248|0x0000000610000000, 0x0000000610000000, 0x0000000610100000|  0%| F|  |TAMS 0x0000000610000000, 0x0000000610000000| Untracked 
| 249|0x0000000610100000, 0x0000000610100000, 0x0000000610200000|  0%| F|  |TAMS 0x0000000610100000, 0x0000000610100000| Untracked 
| 250|0x0000000610200000, 0x0000000610200000, 0x0000000610300000|  0%| F|  |TAMS 0x0000000610200000, 0x0000000610200000| Untracked 
| 251|0x0000000610300000, 0x0000000610300000, 0x0000000610400000|  0%| F|  |TAMS 0x0000000610300000, 0x0000000610300000| Untracked 
| 252|0x0000000610400000, 0x0000000610400000, 0x0000000610500000|  0%| F|  |TAMS 0x0000000610400000, 0x0000000610400000| Untracked 
| 253|0x0000000610500000, 0x0000000610500000, 0x0000000610600000|  0%| F|  |TAMS 0x0000000610500000, 0x0000000610500000| Untracked 
| 254|0x0000000610600000, 0x0000000610600000, 0x0000000610700000|  0%| F|  |TAMS 0x0000000610600000, 0x0000000610600000| Untracked 
| 255|0x0000000610700000, 0x0000000610700000, 0x0000000610800000|  0%| F|  |TAMS 0x0000000610700000, 0x0000000610700000| Untracked 
| 256|0x0000000610800000, 0x0000000610800000, 0x0000000610900000|  0%| F|  |TAMS 0x0000000610800000, 0x0000000610800000| Untracked 
| 257|0x0000000610900000, 0x0000000610900000, 0x0000000610a00000|  0%| F|  |TAMS 0x0000000610900000, 0x0000000610900000| Untracked 
| 258|0x0000000610a00000, 0x0000000610a00000, 0x0000000610b00000|  0%| F|  |TAMS 0x0000000610a00000, 0x0000000610a00000| Untracked 
| 259|0x0000000610b00000, 0x0000000610b00000, 0x0000000610c00000|  0%| F|  |TAMS 0x0000000610b00000, 0x0000000610b00000| Untracked 
| 260|0x0000000610c00000, 0x0000000610c00000, 0x0000000610d00000|  0%| F|  |TAMS 0x0000000610c00000, 0x0000000610c00000| Untracked 
| 261|0x0000000610d00000, 0x0000000610d00000, 0x0000000610e00000|  0%| F|  |TAMS 0x0000000610d00000, 0x0000000610d00000| Untracked 
| 262|0x0000000610e00000, 0x0000000610e00000, 0x0000000610f00000|  0%| F|  |TAMS 0x0000000610e00000, 0x0000000610e00000| Untracked 
| 263|0x0000000610f00000, 0x0000000610f00000, 0x0000000611000000|  0%| F|  |TAMS 0x0000000610f00000, 0x0000000610f00000| Untracked 
| 264|0x0000000611000000, 0x0000000611000000, 0x0000000611100000|  0%| F|  |TAMS 0x0000000611000000, 0x0000000611000000| Untracked 
| 265|0x0000000611100000, 0x0000000611100000, 0x0000000611200000|  0%| F|  |TAMS 0x0000000611100000, 0x0000000611100000| Untracked 
| 266|0x0000000611200000, 0x0000000611200000, 0x0000000611300000|  0%| F|  |TAMS 0x0000000611200000, 0x0000000611200000| Untracked 
| 267|0x0000000611300000, 0x0000000611300000, 0x0000000611400000|  0%| F|  |TAMS 0x0000000611300000, 0x0000000611300000| Untracked 
| 268|0x0000000611400000, 0x0000000611480800, 0x0000000611500000| 50%| E|  |TAMS 0x0000000611400000, 0x0000000611400000| Complete 
| 269|0x0000000611500000, 0x0000000611600000, 0x0000000611600000|100%| E|CS|TAMS 0x0000000611500000, 0x0000000611500000| Complete 
| 270|0x0000000611600000, 0x0000000611700000, 0x0000000611700000|100%| E|CS|TAMS 0x0000000611600000, 0x0000000611600000| Complete 
| 271|0x0000000611700000, 0x0000000611800000, 0x0000000611800000|100%| E|CS|TAMS 0x0000000611700000, 0x0000000611700000| Complete 
| 272|0x0000000611800000, 0x0000000611900000, 0x0000000611900000|100%| E|CS|TAMS 0x0000000611800000, 0x0000000611800000| Complete 
| 273|0x0000000611900000, 0x0000000611a00000, 0x0000000611a00000|100%| E|CS|TAMS 0x0000000611900000, 0x0000000611900000| Complete 
| 274|0x0000000611a00000, 0x0000000611b00000, 0x0000000611b00000|100%| E|CS|TAMS 0x0000000611a00000, 0x0000000611a00000| Complete 
| 275|0x0000000611b00000, 0x0000000611c00000, 0x0000000611c00000|100%| E|CS|TAMS 0x0000000611b00000, 0x0000000611b00000| Complete 
| 276|0x0000000611c00000, 0x0000000611d00000, 0x0000000611d00000|100%| E|CS|TAMS 0x0000000611c00000, 0x0000000611c00000| Complete 
| 277|0x0000000611d00000, 0x0000000611e00000, 0x0000000611e00000|100%| E|CS|TAMS 0x0000000611d00000, 0x0000000611d00000| Complete 
| 278|0x0000000611e00000, 0x0000000611f00000, 0x0000000611f00000|100%| E|CS|TAMS 0x0000000611e00000, 0x0000000611e00000| Complete 
| 279|0x0000000611f00000, 0x0000000612000000, 0x0000000612000000|100%| E|CS|TAMS 0x0000000611f00000, 0x0000000611f00000| Complete 
| 280|0x0000000612000000, 0x0000000612100000, 0x0000000612100000|100%| E|CS|TAMS 0x0000000612000000, 0x0000000612000000| Complete 
| 281|0x0000000612100000, 0x0000000612200000, 0x0000000612200000|100%| E|CS|TAMS 0x0000000612100000, 0x0000000612100000| Complete 
| 282|0x0000000612200000, 0x0000000612300000, 0x0000000612300000|100%| E|CS|TAMS 0x0000000612200000, 0x0000000612200000| Complete 
| 283|0x0000000612300000, 0x0000000612400000, 0x0000000612400000|100%| E|CS|TAMS 0x0000000612300000, 0x0000000612300000| Complete 
| 284|0x0000000612400000, 0x0000000612500000, 0x0000000612500000|100%| E|CS|TAMS 0x0000000612400000, 0x0000000612400000| Complete 
| 285|0x0000000612500000, 0x0000000612600000, 0x0000000612600000|100%| E|CS|TAMS 0x0000000612500000, 0x0000000612500000| Complete 
| 286|0x0000000612600000, 0x0000000612700000, 0x0000000612700000|100%| E|CS|TAMS 0x0000000612600000, 0x0000000612600000| Complete 
| 287|0x0000000612700000, 0x0000000612800000, 0x0000000612800000|100%| E|CS|TAMS 0x0000000612700000, 0x0000000612700000| Complete 
| 288|0x0000000612800000, 0x0000000612900000, 0x0000000612900000|100%| E|CS|TAMS 0x0000000612800000, 0x0000000612800000| Complete 
| 289|0x0000000612900000, 0x0000000612a00000, 0x0000000612a00000|100%| E|CS|TAMS 0x0000000612900000, 0x0000000612900000| Complete 
| 290|0x0000000612a00000, 0x0000000612b00000, 0x0000000612b00000|100%| E|CS|TAMS 0x0000000612a00000, 0x0000000612a00000| Complete 
| 291|0x0000000612b00000, 0x0000000612c00000, 0x0000000612c00000|100%| E|CS|TAMS 0x0000000612b00000, 0x0000000612b00000| Complete 
| 292|0x0000000612c00000, 0x0000000612d00000, 0x0000000612d00000|100%| E|CS|TAMS 0x0000000612c00000, 0x0000000612c00000| Complete 
| 293|0x0000000612d00000, 0x0000000612e00000, 0x0000000612e00000|100%| E|CS|TAMS 0x0000000612d00000, 0x0000000612d00000| Complete 
| 294|0x0000000612e00000, 0x0000000612f00000, 0x0000000612f00000|100%| E|CS|TAMS 0x0000000612e00000, 0x0000000612e00000| Complete 
| 295|0x0000000612f00000, 0x0000000613000000, 0x0000000613000000|100%| E|CS|TAMS 0x0000000612f00000, 0x0000000612f00000| Complete 
| 296|0x0000000613000000, 0x0000000613100000, 0x0000000613100000|100%| E|CS|TAMS 0x0000000613000000, 0x0000000613000000| Complete 
| 297|0x0000000613100000, 0x0000000613200000, 0x0000000613200000|100%| E|CS|TAMS 0x0000000613100000, 0x0000000613100000| Complete 
| 298|0x0000000613200000, 0x00000006132fdd40, 0x0000000613300000| 99%| S|CS|TAMS 0x0000000613200000, 0x0000000613200000| Complete 
| 299|0x0000000613300000, 0x0000000613400000, 0x0000000613400000|100%| E|CS|TAMS 0x0000000613300000, 0x0000000613300000| Complete 
| 300|0x0000000613400000, 0x0000000613500000, 0x0000000613500000|100%| E|CS|TAMS 0x0000000613400000, 0x0000000613400000| Complete 
| 301|0x0000000613500000, 0x0000000613600000, 0x0000000613600000|100%| E|CS|TAMS 0x0000000613500000, 0x0000000613500000| Complete 
| 302|0x0000000613600000, 0x0000000613700000, 0x0000000613700000|100%| E|CS|TAMS 0x0000000613600000, 0x0000000613600000| Complete 
| 303|0x0000000613700000, 0x0000000613800000, 0x0000000613800000|100%| E|CS|TAMS 0x0000000613700000, 0x0000000613700000| Complete 
| 304|0x0000000613800000, 0x0000000613900000, 0x0000000613900000|100%| E|CS|TAMS 0x0000000613800000, 0x0000000613800000| Complete 
| 305|0x0000000613900000, 0x0000000613a00000, 0x0000000613a00000|100%| E|CS|TAMS 0x0000000613900000, 0x0000000613900000| Complete 
| 306|0x0000000613a00000, 0x0000000613b00000, 0x0000000613b00000|100%| E|CS|TAMS 0x0000000613a00000, 0x0000000613a00000| Complete 
| 307|0x0000000613b00000, 0x0000000613c00000, 0x0000000613c00000|100%| E|CS|TAMS 0x0000000613b00000, 0x0000000613b00000| Complete 
| 308|0x0000000613c00000, 0x0000000613d00000, 0x0000000613d00000|100%| E|CS|TAMS 0x0000000613c00000, 0x0000000613c00000| Complete 
| 309|0x0000000613d00000, 0x0000000613e00000, 0x0000000613e00000|100%| E|CS|TAMS 0x0000000613d00000, 0x0000000613d00000| Complete 
| 310|0x0000000613e00000, 0x0000000613f00000, 0x0000000613f00000|100%| E|CS|TAMS 0x0000000613e00000, 0x0000000613e00000| Complete 
| 311|0x0000000613f00000, 0x0000000614000000, 0x0000000614000000|100%| E|CS|TAMS 0x0000000613f00000, 0x0000000613f00000| Complete 

Card table byte_map: [0x00000210a7e70000,0x00000210a8e70000] _byte_map_base: 0x00000210a4e6c000

Marking Bits (Prev, Next): (CMBitMap*) 0x000002108f1d6060, (CMBitMap*) 0x000002108f1d6028
 Prev Bits: [0x00000210b1e50000, 0x00000210b9e30000)
 Next Bits: [0x00000210a9e70000, 0x00000210b1e50000)

Polling page: 0x000002108d7b0000

Metaspace:

Usage:
  Non-class:     16.44 MB capacity,    16.21 MB ( 99%) used,   192.77 KB (  1%) free+waste,    34.31 KB ( <1%) overhead. 
      Class:      1.78 MB capacity,     1.66 MB ( 93%) used,   110.92 KB (  6%) free+waste,    13.56 KB ( <1%) overhead. 
       Both:     18.21 MB capacity,    17.87 MB ( 98%) used,   303.69 KB (  2%) free+waste,    47.88 KB ( <1%) overhead. 

Virtual space:
  Non-class space:       18.00 MB reserved,      16.50 MB ( 92%) committed 
      Class space:        1.00 GB reserved,       1.88 MB ( <1%) committed 
             Both:        1.02 GB reserved,      18.38 MB (  2%) committed 

Chunk freelists:
   Non-Class:  2.00 KB
       Class:  3.00 KB
        Both:  5.00 KB

MaxMetaspaceSize: 17179869184.00 GB
CompressedClassSpaceSize: 1.00 GB
Initial GC threshold: 20.80 MB
Current GC threshold: 29.79 MB
CDS: off

CodeHeap 'non-profiled nmethods': size=120064Kb used=2700Kb max_used=2700Kb free=117363Kb
 bounds [0x000002109f310000, 0x000002109f5c0000, 0x00000210a6850000]
CodeHeap 'profiled nmethods': size=120000Kb used=11763Kb max_used=11763Kb free=108236Kb
 bounds [0x0000021097de0000, 0x0000021098960000, 0x000002109f310000]
CodeHeap 'non-nmethods': size=5696Kb used=1160Kb max_used=1218Kb free=4535Kb
 bounds [0x0000021097850000, 0x0000021097ac0000, 0x0000021097de0000]
 total_blobs=4816 nmethods=4410 adapters=318
 compilation: enabled
              stopped_count=0, restarted_count=0
 full_count=0

Compilation events (20 events):
Event: 7.485 Thread 0x00000210bc57a000 4470       2       com.sun.tools.javac.code.Types::overrideEquivalent (41 bytes)
Event: 7.486 Thread 0x00000210bc57a000 nmethod 4470 0x0000021098954d90 code [0x0000021098954fe0, 0x00000210989555e8]
Event: 7.487 Thread 0x00000210bc57a000 4471       2       com.sun.tools.javac.code.Type$TypeVar::<init> (49 bytes)
Event: 7.487 Thread 0x00000210bc57a000 nmethod 4471 0x0000021098955a90 code [0x0000021098955c80, 0x0000021098956128]
Event: 7.492 Thread 0x00000210bc57a000 4472   !   2       com.sun.tools.javac.comp.Check::importAccessible (68 bytes)
Event: 7.492 Thread 0x00000210bc57a000 nmethod 4472 0x0000021098956310 code [0x00000210989564e0, 0x00000210989566f8]
Event: 7.492 Thread 0x00000210bc57a000 4473       2       com.sun.tools.javac.jvm.Items$StaticItem::invoke (61 bytes)
Event: 7.493 Thread 0x00000210bc57a000 nmethod 4473 0x0000021098956810 code [0x0000021098956a00, 0x0000021098956c78]
Event: 7.493 Thread 0x00000210bc57a000 4474       2       com.sun.tools.javac.jvm.Code::emitInvokevirtual (50 bytes)
Event: 7.493 Thread 0x00000210bc57a000 nmethod 4474 0x0000021098956e90 code [0x00000210989570a0, 0x0000021098957418]
Event: 7.493 Thread 0x00000210bc57a000 4475       2       com.sun.tools.javac.jvm.Items::makeCondItem (8 bytes)
Event: 7.493 Thread 0x00000210bc57a000 nmethod 4475 0x0000021098957690 code [0x0000021098957840, 0x0000021098957a78]
Event: 7.493 Thread 0x00000210bc57a000 4476       2       com.sun.tools.javac.jvm.Items::makeCondItem (12 bytes)
Event: 7.493 Thread 0x00000210bc57a000 nmethod 4476 0x0000021098957b90 code [0x0000021098957d40, 0x0000021098958058]
Event: 7.493 Thread 0x00000210bc57a000 4477       2       com.sun.tools.javac.jvm.Items$CondItem::<init> (28 bytes)
Event: 7.493 Thread 0x00000210bc57a000 nmethod 4477 0x0000021098958110 code [0x00000210989582c0, 0x0000021098958558]
Event: 7.494 Thread 0x00000210bc57a000 4478       2       com.sun.tools.javac.jvm.Code::resolvePending (20 bytes)
Event: 7.494 Thread 0x00000210bc57a000 nmethod 4478 0x0000021098958610 code [0x00000210989587c0, 0x0000021098958908]
Event: 7.496 Thread 0x00000210bc57a000 4479       2       com.sun.tools.javac.jvm.ClassWriter::writeStackMap (644 bytes)
Event: 7.499 Thread 0x00000210bc57a000 nmethod 4479 0x0000021098958990 code [0x0000021098959060, 0x000002109895b6d8]

GC Heap History (20 events):
Event: 4.012 GC heap before
{Heap before GC invocations=39 (full 0):
 garbage-first heap   total 38912K, used 27837K [0x0000000600800000, 0x0000000800000000)
  region size 1024K, 5 young (5120K), 1 survivors (1024K)
 Metaspace       used 13821K, capacity 14132K, committed 14336K, reserved 1062912K
  class space    used 1434K, capacity 1503K, committed 1536K, reserved 1048576K
}
Event: 4.015 GC heap after
{Heap after GC invocations=40 (full 0):
 garbage-first heap   total 79872K, used 24113K [0x0000000600800000, 0x0000000800000000)
  region size 1024K, 1 young (1024K), 1 survivors (1024K)
 Metaspace       used 13821K, capacity 14132K, committed 14336K, reserved 1062912K
  class space    used 1434K, capacity 1503K, committed 1536K, reserved 1048576K
}
Event: 4.300 GC heap before
{Heap before GC invocations=41 (full 0):
 garbage-first heap   total 79872K, used 56881K [0x0000000600800000, 0x0000000800000000)
  region size 1024K, 19 young (19456K), 1 survivors (1024K)
 Metaspace       used 13962K, capacity 14262K, committed 14336K, reserved 1062912K
  class space    used 1434K, capacity 1503K, committed 1536K, reserved 1048576K
}
Event: 4.306 GC heap after
{Heap after GC invocations=42 (full 0):
 garbage-first heap   total 79872K, used 29339K [0x0000000600800000, 0x0000000800000000)
  region size 1024K, 3 young (3072K), 3 survivors (3072K)
 Metaspace       used 13962K, capacity 14262K, committed 14336K, reserved 1062912K
  class space    used 1434K, capacity 1503K, committed 1536K, reserved 1048576K
}
Event: 4.705 GC heap before
{Heap before GC invocations=42 (full 0):
 garbage-first heap   total 79872K, used 50843K [0x0000000600800000, 0x0000000800000000)
  region size 1024K, 22 young (22528K), 3 survivors (3072K)
 Metaspace       used 15274K, capacity 15508K, committed 15744K, reserved 1062912K
  class space    used 1541K, capacity 1641K, committed 1664K, reserved 1048576K
}
Event: 4.714 GC heap after
{Heap after GC invocations=43 (full 0):
 garbage-first heap   total 79872K, used 37268K [0x0000000600800000, 0x0000000800000000)
  region size 1024K, 3 young (3072K), 3 survivors (3072K)
 Metaspace       used 15274K, capacity 15508K, committed 15744K, reserved 1062912K
  class space    used 1541K, capacity 1641K, committed 1664K, reserved 1048576K
}
Event: 5.021 GC heap before
{Heap before GC invocations=43 (full 0):
 garbage-first heap   total 79872K, used 53652K [0x0000000600800000, 0x0000000800000000)
  region size 1024K, 18 young (18432K), 3 survivors (3072K)
 Metaspace       used 15858K, capacity 16190K, committed 16384K, reserved 1064960K
  class space    used 1588K, capacity 1695K, committed 1792K, reserved 1048576K
}
Event: 5.030 GC heap after
{Heap after GC invocations=44 (full 0):
 garbage-first heap   total 79872K, used 43472K [0x0000000600800000, 0x0000000800000000)
  region size 1024K, 3 young (3072K), 3 survivors (3072K)
 Metaspace       used 15858K, capacity 16190K, committed 16384K, reserved 1064960K
  class space    used 1588K, capacity 1695K, committed 1792K, reserved 1048576K
}
Event: 5.101 GC heap before
{Heap before GC invocations=44 (full 0):
 garbage-first heap   total 79872K, used 56784K [0x0000000600800000, 0x0000000800000000)
  region size 1024K, 16 young (16384K), 3 survivors (3072K)
 Metaspace       used 15917K, capacity 16258K, committed 16384K, reserved 1064960K
  class space    used 1588K, capacity 1696K, committed 1792K, reserved 1048576K
}
Event: 5.120 GC heap after
{Heap after GC invocations=45 (full 0):
 garbage-first heap   total 159744K, used 53150K [0x0000000600800000, 0x0000000800000000)
  region size 1024K, 2 young (2048K), 2 survivors (2048K)
 Metaspace       used 15917K, capacity 16258K, committed 16384K, reserved 1064960K
  class space    used 1588K, capacity 1696K, committed 1792K, reserved 1048576K
}
Event: 5.363 GC heap before
{Heap before GC invocations=46 (full 0):
 garbage-first heap   total 159744K, used 87966K [0x0000000600800000, 0x0000000800000000)
  region size 1024K, 34 young (34816K), 2 survivors (2048K)
 Metaspace       used 16250K, capacity 16541K, committed 16640K, reserved 1064960K
  class space    used 1596K, capacity 1700K, committed 1792K, reserved 1048576K
}
Event: 5.393 GC heap after
{Heap after GC invocations=47 (full 0):
 garbage-first heap   total 159744K, used 72704K [0x0000000600800000, 0x0000000800000000)
  region size 1024K, 5 young (5120K), 5 survivors (5120K)
 Metaspace       used 16250K, capacity 16541K, committed 16640K, reserved 1064960K
  class space    used 1596K, capacity 1700K, committed 1792K, reserved 1048576K
}
Event: 5.652 GC heap before
{Heap before GC invocations=47 (full 0):
 garbage-first heap   total 159744K, used 99328K [0x0000000600800000, 0x0000000800000000)
  region size 1024K, 31 young (31744K), 5 survivors (5120K)
 Metaspace       used 16319K, capacity 16609K, committed 16896K, reserved 1064960K
  class space    used 1596K, capacity 1700K, committed 1792K, reserved 1048576K
}
Event: 5.663 GC heap after
{Heap after GC invocations=48 (full 0):
 garbage-first heap   total 159744K, used 78336K [0x0000000600800000, 0x0000000800000000)
  region size 1024K, 4 young (4096K), 4 survivors (4096K)
 Metaspace       used 16319K, capacity 16609K, committed 16896K, reserved 1064960K
  class space    used 1596K, capacity 1700K, committed 1792K, reserved 1048576K
}
Event: 6.246 GC heap before
{Heap before GC invocations=48 (full 0):
 garbage-first heap   total 159744K, used 104960K [0x0000000600800000, 0x0000000800000000)
  region size 1024K, 30 young (30720K), 4 survivors (4096K)
 Metaspace       used 17651K, capacity 18004K, committed 18304K, reserved 1064960K
  class space    used 1694K, capacity 1821K, committed 1920K, reserved 1048576K
}
Event: 6.256 GC heap after
{Heap after GC invocations=49 (full 0):
 garbage-first heap   total 159744K, used 82468K [0x0000000600800000, 0x0000000800000000)
  region size 1024K, 4 young (4096K), 4 survivors (4096K)
 Metaspace       used 17651K, capacity 18004K, committed 18304K, reserved 1064960K
  class space    used 1694K, capacity 1821K, committed 1920K, reserved 1048576K
}
Event: 7.039 GC heap before
{Heap before GC invocations=50 (full 0):
 garbage-first heap   total 159744K, used 109092K [0x0000000600800000, 0x0000000800000000)
  region size 1024K, 31 young (31744K), 4 survivors (4096K)
 Metaspace       used 18047K, capacity 18390K, committed 18560K, reserved 1067008K
  class space    used 1695K, capacity 1821K, committed 1920K, reserved 1048576K
}
Event: 7.052 GC heap after
{Heap after GC invocations=51 (full 0):
 garbage-first heap   total 319488K, used 82792K [0x0000000600800000, 0x0000000800000000)
  region size 1024K, 2 young (2048K), 2 survivors (2048K)
 Metaspace       used 18047K, capacity 18390K, committed 18560K, reserved 1067008K
  class space    used 1695K, capacity 1821K, committed 1920K, reserved 1048576K
}
Event: 7.197 GC heap before
{Heap before GC invocations=51 (full 0):
 garbage-first heap   total 319488K, used 96104K [0x0000000600800000, 0x0000000800000000)
  region size 1024K, 15 young (15360K), 2 survivors (2048K)
 Metaspace       used 18175K, capacity 18519K, committed 18816K, reserved 1067008K
  class space    used 1696K, capacity 1821K, committed 1920K, reserved 1048576K
}
Event: 7.203 GC heap after
{Heap after GC invocations=52 (full 0):
 garbage-first heap   total 319488K, used 83701K [0x0000000600800000, 0x0000000800000000)
  region size 1024K, 1 young (1024K), 1 survivors (1024K)
 Metaspace       used 18175K, capacity 18519K, committed 18816K, reserved 1067008K
  class space    used 1696K, capacity 1821K, committed 1920K, reserved 1048576K
}

Deoptimization events (20 events):
Event: 7.255 Thread 0x000002108f12a000 DEOPT PACKING pc=0x000002109f57e2b8 sp=0x00000039d09fe7e0
Event: 7.255 Thread 0x000002108f12a000 DEOPT UNPACKING pc=0x000002109789a1af sp=0x00000039d09fe718 mode 2
Event: 7.255 Thread 0x000002108f12a000 Uncommon trap: trap_request=0xffffffc6 fr.pc=0x000002109f57e2b8 relative=0x00000000000001b8
Event: 7.255 Thread 0x000002108f12a000 Uncommon trap: reason=bimorphic_or_optimized_type_check action=maybe_recompile pc=0x000002109f57e2b8 method=com.sun.tools.javac.code.Types$5.visitType(Lcom/sun/tools/javac/code/Type;Lcom/sun/tools/javac/code/Type;)Ljava/lang/Boolean; @ 14 c2
Event: 7.255 Thread 0x000002108f12a000 DEOPT PACKING pc=0x000002109f57e2b8 sp=0x00000039d09fe8b0
Event: 7.255 Thread 0x000002108f12a000 DEOPT UNPACKING pc=0x000002109789a1af sp=0x00000039d09fe7e8 mode 2
Event: 7.255 Thread 0x000002108f12a000 Uncommon trap: trap_request=0xffffffc6 fr.pc=0x000002109f57e2b8 relative=0x00000000000001b8
Event: 7.255 Thread 0x000002108f12a000 Uncommon trap: reason=bimorphic_or_optimized_type_check action=maybe_recompile pc=0x000002109f57e2b8 method=com.sun.tools.javac.code.Types$5.visitType(Lcom/sun/tools/javac/code/Type;Lcom/sun/tools/javac/code/Type;)Ljava/lang/Boolean; @ 14 c2
Event: 7.255 Thread 0x000002108f12a000 DEOPT PACKING pc=0x000002109f57e2b8 sp=0x00000039d09fe7e0
Event: 7.255 Thread 0x000002108f12a000 DEOPT UNPACKING pc=0x000002109789a1af sp=0x00000039d09fe718 mode 2
Event: 7.332 Thread 0x000002108f12a000 DEOPT PACKING pc=0x00000210987e3ac3 sp=0x00000039d09fe060
Event: 7.332 Thread 0x000002108f12a000 DEOPT UNPACKING pc=0x000002109789a95e sp=0x00000039d09fd570 mode 0
Event: 7.352 Thread 0x000002108f12a000 DEOPT PACKING pc=0x000002109853b7a8 sp=0x00000039d09feaf0
Event: 7.352 Thread 0x000002108f12a000 DEOPT UNPACKING pc=0x000002109789a95e sp=0x00000039d09fdfe8 mode 0
Event: 7.359 Thread 0x000002108f12a000 Uncommon trap: trap_request=0xffffff4d fr.pc=0x000002109f5948f8 relative=0x0000000000001338
Event: 7.359 Thread 0x000002108f12a000 Uncommon trap: reason=unstable_if action=reinterpret pc=0x000002109f5948f8 method=com.sun.tools.javac.code.Symbol$MethodSymbol.binaryOverrides(Lcom/sun/tools/javac/code/Symbol;Lcom/sun/tools/javac/code/Symbol$TypeSymbol;Lcom/sun/tools/javac/code/Types;)Z 
Event: 7.359 Thread 0x000002108f12a000 DEOPT PACKING pc=0x000002109f5948f8 sp=0x00000039d09febb0
Event: 7.359 Thread 0x000002108f12a000 DEOPT UNPACKING pc=0x000002109789a1af sp=0x00000039d09feb60 mode 2
Event: 7.401 Thread 0x000002108f12a000 DEOPT PACKING pc=0x00000210988abf81 sp=0x00000039d09fe770
Event: 7.401 Thread 0x000002108f12a000 DEOPT UNPACKING pc=0x000002109789a95e sp=0x00000039d09fdc10 mode 0

Classes redefined (0 events):
No events

Internal exceptions (20 events):
Event: 7.375 Thread 0x000002108f12a000 Exception <a 'sun/nio/fs/WindowsException'{0x0000000612879e08}> (0x0000000612879e08) thrown at [./src/hotspot/share/prims/jni.cpp, line 615]
Event: 7.378 Thread 0x000002108f12a000 Exception <a 'sun/nio/fs/WindowsException'{0x000000061289a488}> (0x000000061289a488) thrown at [./src/hotspot/share/prims/jni.cpp, line 615]
Event: 7.387 Thread 0x000002108f12a000 Exception <a 'sun/nio/fs/WindowsException'{0x000000061274c740}> (0x000000061274c740) thrown at [./src/hotspot/share/prims/jni.cpp, line 615]
Event: 7.390 Thread 0x000002108f12a000 Exception <a 'sun/nio/fs/WindowsException'{0x000000061276a080}> (0x000000061276a080) thrown at [./src/hotspot/share/prims/jni.cpp, line 615]
Event: 7.395 Thread 0x000002108f12a000 Exception <a 'sun/nio/fs/WindowsException'{0x00000006127b7338}> (0x00000006127b7338) thrown at [./src/hotspot/share/prims/jni.cpp, line 615]
Event: 7.399 Thread 0x000002108f12a000 Exception <a 'sun/nio/fs/WindowsException'{0x00000006127be780}> (0x00000006127be780) thrown at [./src/hotspot/share/prims/jni.cpp, line 615]
Event: 7.407 Thread 0x000002108f12a000 Exception <a 'sun/nio/fs/WindowsException'{0x0000000612542658}> (0x0000000612542658) thrown at [./src/hotspot/share/prims/jni.cpp, line 615]
Event: 7.423 Thread 0x000002108f12a000 Exception <a 'sun/nio/fs/WindowsException'{0x000000061227fdd8}> (0x000000061227fdd8) thrown at [./src/hotspot/share/prims/jni.cpp, line 615]
Event: 7.424 Thread 0x000002108f12a000 Exception <a 'sun/nio/fs/WindowsException'{0x000000061228a640}> (0x000000061228a640) thrown at [./src/hotspot/share/prims/jni.cpp, line 615]
Event: 7.432 Thread 0x000002108f12a000 Exception <a 'sun/nio/fs/WindowsException'{0x000000061214b188}> (0x000000061214b188) thrown at [./src/hotspot/share/prims/jni.cpp, line 615]
Event: 7.463 Thread 0x000002108f12a000 Exception <a 'sun/nio/fs/WindowsException'{0x0000000611beb870}> (0x0000000611beb870) thrown at [./src/hotspot/share/prims/jni.cpp, line 615]
Event: 7.466 Thread 0x000002108f12a000 Exception <a 'sun/nio/fs/WindowsException'{0x0000000611bf4d70}> (0x0000000611bf4d70) thrown at [./src/hotspot/share/prims/jni.cpp, line 615]
Event: 7.469 Thread 0x000002108f12a000 Exception <a 'sun/nio/fs/WindowsException'{0x0000000611bfe310}> (0x0000000611bfe310) thrown at [./src/hotspot/share/prims/jni.cpp, line 615]
Event: 7.471 Thread 0x000002108f12a000 Exception <a 'sun/nio/fs/WindowsException'{0x0000000611a07d90}> (0x0000000611a07d90) thrown at [./src/hotspot/share/prims/jni.cpp, line 615]
Event: 7.477 Thread 0x000002108f12a000 Exception <a 'sun/nio/fs/WindowsException'{0x0000000611a536a0}> (0x0000000611a536a0) thrown at [./src/hotspot/share/prims/jni.cpp, line 615]
Event: 7.484 Thread 0x000002108f12a000 Exception <a 'sun/nio/fs/WindowsException'{0x000000061195bb48}> (0x000000061195bb48) thrown at [./src/hotspot/share/prims/jni.cpp, line 615]
Event: 7.496 Thread 0x000002108f12a000 Exception <a 'sun/nio/fs/WindowsException'{0x0000000611849450}> (0x0000000611849450) thrown at [./src/hotspot/share/prims/jni.cpp, line 615]
Event: 7.502 Thread 0x000002108f12a000 Exception <a 'sun/nio/fs/WindowsException'{0x0000000611757240}> (0x0000000611757240) thrown at [./src/hotspot/share/prims/jni.cpp, line 615]
Event: 7.504 Thread 0x000002108f12a000 Exception <a 'sun/nio/fs/WindowsException'{0x000000061178d6f0}> (0x000000061178d6f0) thrown at [./src/hotspot/share/prims/jni.cpp, line 615]
Event: 7.523 Thread 0x000002108f12a000 Exception <a 'sun/nio/fs/WindowsException'{0x000000061145dd90}> (0x000000061145dd90) thrown at [./src/hotspot/share/prims/jni.cpp, line 615]

Events (20 events):
Event: 6.127 Executing VM operation: ICBufferFull done
Event: 6.246 Executing VM operation: G1CollectForAllocation
Event: 6.256 Executing VM operation: G1CollectForAllocation done
Event: 6.337 Executing VM operation: CGC_Operation
Event: 6.341 Executing VM operation: CGC_Operation done
Event: 6.390 Executing VM operation: CGC_Operation
Event: 6.391 Executing VM operation: CGC_Operation done
Event: 6.795 Executing VM operation: ICBufferFull
Event: 6.795 Executing VM operation: ICBufferFull done
Event: 6.929 Executing VM operation: ICBufferFull
Event: 6.930 Executing VM operation: ICBufferFull done
Event: 7.015 Executing VM operation: ICBufferFull
Event: 7.015 Executing VM operation: ICBufferFull done
Event: 7.039 Executing VM operation: G1CollectForAllocation
Event: 7.052 Executing VM operation: G1CollectForAllocation done
Event: 7.148 Executing VM operation: ICBufferFull
Event: 7.149 Executing VM operation: ICBufferFull done
Event: 7.196 Executing VM operation: G1CollectForAllocation
Event: 7.203 Executing VM operation: G1CollectForAllocation done
Event: 7.334 Loaded shared library C:\Program Files\Microsoft\jdk-11.0.12.7-hotspot\bin\nio.dll


Dynamic libraries:
0x00007ff65f830000 - 0x00007ff65f837000 	C:\Program Files\Microsoft\jdk-11.0.12.7-hotspot\bin\javac.exe
0x00007ff822390000 - 0x00007ff822585000 	C:\Windows\SYSTEM32\ntdll.dll
0x00007ff821ea0000 - 0x00007ff821f5d000 	C:\Windows\System32\KERNEL32.DLL
0x00007ff81fde0000 - 0x00007ff8200ad000 	C:\Windows\System32\KERNELBASE.dll
0x00007ff81fbe0000 - 0x00007ff81fce0000 	C:\Windows\System32\ucrtbase.dll
0x00007ff81af10000 - 0x00007ff81af27000 	C:\Program Files\Microsoft\jdk-11.0.12.7-hotspot\bin\jli.dll
0x00007ff81ae80000 - 0x00007ff81ae95000 	C:\Program Files\Microsoft\jdk-11.0.12.7-hotspot\bin\VCRUNTIME140.dll
0x00007ff821f60000 - 0x00007ff822100000 	C:\Windows\System32\USER32.dll
0x00007ff8203b0000 - 0x00007ff8203d2000 	C:\Windows\System32\win32u.dll
0x00007ff814340000 - 0x00007ff8145da000 	C:\Windows\WinSxS\amd64_microsoft.windows.common-controls_6595b64144ccf1df_6.0.19041.1110_none_60b5254171f9507e\COMCTL32.dll
0x00007ff821430000 - 0x00007ff82145a000 	C:\Windows\System32\GDI32.dll
0x00007ff820db0000 - 0x00007ff820e4e000 	C:\Windows\System32\msvcrt.dll
0x00007ff8202a0000 - 0x00007ff8203ab000 	C:\Windows\System32\gdi32full.dll
0x00007ff81faa0000 - 0x00007ff81fb3d000 	C:\Windows\System32\msvcp_win.dll
0x00007ff821e10000 - 0x00007ff821e40000 	C:\Windows\System32\IMM32.DLL
0x00007ff80d390000 - 0x00007ff80d42b000 	C:\Program Files\Microsoft\jdk-11.0.12.7-hotspot\bin\msvcp140.dll
0x00007fffe2580000 - 0x00007fffe30e1000 	C:\Program Files\Microsoft\jdk-11.0.12.7-hotspot\bin\server\jvm.dll
0x00007ff821d00000 - 0x00007ff821dae000 	C:\Windows\System32\ADVAPI32.dll
0x00007ff820e50000 - 0x00007ff820eec000 	C:\Windows\System32\sechost.dll
0x00007ff8204f0000 - 0x00007ff820615000 	C:\Windows\System32\RPCRT4.dll
0x00007ff820da0000 - 0x00007ff820da8000 	C:\Windows\System32\PSAPI.DLL
0x00007ff811a70000 - 0x00007ff811a79000 	C:\Windows\SYSTEM32\WSOCK32.dll
0x00007ff815300000 - 0x00007ff815327000 	C:\Windows\SYSTEM32\WINMM.dll
0x00007ff8199b0000 - 0x00007ff8199ba000 	C:\Windows\SYSTEM32\VERSION.dll
0x00007ff821c90000 - 0x00007ff821cfb000 	C:\Windows\System32\WS2_32.dll
0x00007ff81d8e0000 - 0x00007ff81d8f2000 	C:\Windows\SYSTEM32\kernel.appcore.dll
0x00007ff81ae70000 - 0x00007ff81ae80000 	C:\Program Files\Microsoft\jdk-11.0.12.7-hotspot\bin\verify.dll
0x00007ff811cf0000 - 0x00007ff811ed4000 	C:\Windows\SYSTEM32\DBGHELP.DLL
0x00007ff811a80000 - 0x00007ff811aac000 	C:\Windows\SYSTEM32\dbgcore.DLL
0x00007ff820210000 - 0x00007ff820292000 	C:\Windows\System32\bcryptPrimitives.dll
0x00007ff81ac10000 - 0x00007ff81ac38000 	C:\Program Files\Microsoft\jdk-11.0.12.7-hotspot\bin\java.dll
0x00007ff8192e0000 - 0x00007ff8192ea000 	C:\Program Files\Microsoft\jdk-11.0.12.7-hotspot\bin\jimage.dll
0x00007ff8192c0000 - 0x00007ff8192d7000 	C:\Program Files\Microsoft\jdk-11.0.12.7-hotspot\bin\zip.dll
0x00007ff821540000 - 0x00007ff821c84000 	C:\Windows\System32\SHELL32.dll
0x00007ff81dbc0000 - 0x00007ff81e354000 	C:\Windows\SYSTEM32\windows.storage.dll
0x00007ff8208f0000 - 0x00007ff820c44000 	C:\Windows\System32\combase.dll
0x00007ff81f500000 - 0x00007ff81f52c000 	C:\Windows\SYSTEM32\Wldp.dll
0x00007ff820440000 - 0x00007ff8204ed000 	C:\Windows\System32\SHCORE.dll
0x00007ff821e40000 - 0x00007ff821e95000 	C:\Windows\System32\shlwapi.dll
0x00007ff81f9e0000 - 0x00007ff81f9ff000 	C:\Windows\SYSTEM32\profapi.dll
0x00007ff811bb0000 - 0x00007ff811bc9000 	C:\Program Files\Microsoft\jdk-11.0.12.7-hotspot\bin\net.dll
0x00007ff817f60000 - 0x00007ff81806a000 	C:\Windows\SYSTEM32\WINHTTP.dll
0x00007ff81f260000 - 0x00007ff81f2ca000 	C:\Windows\system32\mswsock.dll
0x00007ff811b90000 - 0x00007ff811ba2000 	C:\Program Files\Microsoft\jdk-11.0.12.7-hotspot\bin\nio.dll

dbghelp: loaded successfully - version: 4.0.5 - missing functions: none
symbol engine: initialized successfully - sym options: 0x614 - pdb path: .;C:\Program Files\Microsoft\jdk-11.0.12.7-hotspot\bin;C:\Windows\SYSTEM32;C:\Windows\WinSxS\amd64_microsoft.windows.common-controls_6595b64144ccf1df_6.0.19041.1110_none_60b5254171f9507e;C:\Program Files\Microsoft\jdk-11.0.12.7-hotspot\bin\server

VM Arguments:
jvm_args: -Dapplication.home=C:\Program Files\Microsoft\jdk-11.0.12.7-hotspot --add-modules=ALL-DEFAULT -Xms8m -Dfile.encoding=UTF8 -Djdk.module.main=jdk.compiler 
java_command: jdk.compiler/com.sun.tools.javac.Main @C:\Users\djsha\AppData\Local\Temp\tmpB688.tmp -target 1.8 -source 1.8
java_class_path (initial): <not set>
Launcher Type: SUN_STANDARD

[Global flags]
     intx CICompilerCount                          = 3                                         {product} {ergonomic}
     uint ConcGCThreads                            = 1                                         {product} {ergonomic}
     uint G1ConcRefinementThreads                  = 4                                         {product} {ergonomic}
   size_t G1HeapRegionSize                         = 1048576                                   {product} {ergonomic}
    uintx GCDrainStackTargetSize                   = 64                                        {product} {ergonomic}
   size_t InitialHeapSize                          = 8388608                                   {product} {command line}
   size_t MarkStackSize                            = 4194304                                   {product} {ergonomic}
   size_t MaxHeapSize                              = 8581545984                                {product} {ergonomic}
   size_t MaxNewSize                               = 5148508160                                {product} {ergonomic}
   size_t MinHeapDeltaBytes                        = 1048576                                   {product} {ergonomic}
    uintx NonNMethodCodeHeapSize                   = 5830732                                {pd product} {ergonomic}
    uintx NonProfiledCodeHeapSize                  = 122913754                              {pd product} {ergonomic}
    uintx ProfiledCodeHeapSize                     = 122913754                              {pd product} {ergonomic}
    uintx ReservedCodeCacheSize                    = 251658240                              {pd product} {ergonomic}
     bool SegmentedCodeCache                       = true                                      {product} {ergonomic}
     bool UseCompressedClassPointers               = true                                 {lp64_product} {ergonomic}
     bool UseCompressedOops                        = true                                 {lp64_product} {ergonomic}
     bool UseG1GC                                  = true                                      {product} {ergonomic}
     bool UseLargePagesIndividualAllocation        = false                                  {pd product} {ergonomic}

Logging:
Log output configuration:
 #0: stdout all=warning uptime,level,tags
 #1: stderr all=off uptime,level,tags

Environment Variables:
PATH=C:\Program Files\Microsoft\jdk-11.0.12.7-hotspot\bin;C:\Program Files\Eclipse Foundation\jdk-8.0.302.8-hotspot\bin;C:\Program Files\Common Files\Oracle\Java\javapath;C:\Program Files (x86)\Common Files\Oracle\Java\javapath;C:\Windows\system32;C:\Windows;C:\Windows\System32\Wbem;C:\Windows\System32\WindowsPowerShell\v1.0\;C:\Windows\System32\OpenSSH\;C:\Program Files\Git\cmd;C:\Program Files\nodejs\;C:\Users\djsha\AppData\Local\Android\Sdk\platform-tools;C:\Users\djsha\AppData\Local\Android\Sdk\ndk\24.0.8215888;C:\Program Files (x86)\Microsoft SQL Server\150\DTS\Binn\;C:\Program Files\Azure Data Studio\bin;C:\Program Files\3D Space\TopoLT V13\;C:\Program Files\Microsoft SQL Server\130\Tools\Binn\;C:\Program Files\Microsoft SQL Server\150\Tools\Binn\;C:\Program Files\Microsoft SQL Server\Client SDK\ODBC\170\Tools\Binn\;C:\Program Files\dotnet\;C:\Users\djsha\AppData\Local\Microsoft\WindowsApps;C:\Users\djsha\AppData\Local\Programs\Microsoft VS Code\bin;C:\Users\djsha\.dotnet\tools;C:\Users\djsha\AppData\Roaming\npm;C:\Users\djsha\AppData\Local\Android\Sdk;C:\Users\djsha\AppData\Local\Android\Sdk\ndk\24.0.8215888;C:\Program Files\Azure Data Studio\bin;
USERNAME=djsha
OS=Windows_NT
PROCESSOR_IDENTIFIER=Intel64 Family 6 Model 158 Stepping 9, GenuineIntel



---------------  S Y S T E M  ---------------

OS: Windows 10 , 64 bit Build 19041 (10.0.19041.1706)
OS uptime: 6 days 14:33 hours

CPU:total 4 (initial active 4) (4 cores per cpu, 1 threads per core) family 6 model 158 stepping 9 microcode 0xb4, cmov, cx8, fxsr, mmx, sse, sse2, sse3, ssse3, sse4.1, sse4.2, popcnt, avx, avx2, aes, clmul, erms, 3dnowpref, lzcnt, tsc, tscinvbit, bmi1, bmi2, adx, fma

Memory: 4k page, system-wide physical 32730M (11348M free)
TotalPageFile size 36826M (AvailPageFile size 7M)
current process WorkingSet (physical memory assigned to process): 270M, peak: 273M
current process commit charge ("private bytes"): 454M, peak: 458M

vm_info: OpenJDK 64-Bit Server VM (11.0.12+7) for windows-amd64 JRE (11.0.12+7), built on Jul 21 2021 15:41:43 by "" with unknown MS VC++:1916

END.
