#
# There is insufficient memory for the Java Runtime Environment to continue.
# Native memory allocation (malloc) failed to allocate 1606576 bytes for Chunk::new
# Possible reasons:
#   The system is out of physical RAM or swap space
#   The process is running with CompressedOops enabled, and the Java Heap may be blocking the growth of the native heap
# Possible solutions:
#   Reduce memory load on the system
#   Increase physical memory or swap space
#   Check if swap backing store is full
#   Decrease Java heap size (-Xmx/-Xms)
#   Decrease number of Java threads
#   Decrease Java thread stack sizes (-Xss)
#   Set larger code cache with -XX:ReservedCodeCacheSize=
#   JVM is running with Zero Based Compressed Oops mode in which the Java heap is
#     placed in the first 32GB address space. The Java Heap base address is the
#     maximum limit for the native heap growth. Please use -XX:HeapBaseMinAddress
#     to set the Java Heap base and to place the Java Heap above 32GB virtual address.
# This output file may be truncated or incomplete.
#
#  Out of Memory Error (./src/hotspot/share/memory/arena.cpp:197), pid=16924, tid=29812
#
# JRE version: OpenJDK Runtime Environment Microsoft-25199 (11.0.12+7) (build 11.0.12+7)
# Java VM: OpenJDK 64-Bit Server VM Microsoft-25199 (11.0.12+7, mixed mode, tiered, compressed oops, g1 gc, windows-amd64)
# No core dump will be written. Minidumps are not enabled by default on client versions of Windows
#

---------------  S U M M A R Y ------------

Command Line: com.xamarin.androidx.jetifierWrapper.Main -intermediate obj\Release\110\androidx\_AndroidXJetifyEmbeddedFiles.jetify -parallel

Host: Intel(R) Core(TM) i5-7400 CPU @ 3.00GHz, 4 cores, 31G,  Windows 10 , 64 bit Build 19041 (10.0.19041.1706)
Time: Tue May 31 12:04:31 2022 GTB Summer Time elapsed time: 2.224965 seconds (0d 0h 0m 2s)

---------------  T H R E A D  ---------------

Current thread (0x00000298e1770000):  JavaThread "C2 CompilerThread0" daemon [_thread_in_native, id=29812, stack(0x000000d279900000,0x000000d279a00000)]


Current CompileTask:
C2:   2225 1748       4       com.android.tools.build.jetifier.processor.transform.resource.XmlResourcesTransformer::replaceWithPatterns (389 bytes)

Stack: [0x000000d279900000,0x000000d279a00000]
Native frames: (J=compiled Java code, j=interpreted, Vv=VM code, C=native code)
V  [jvm.dll+0x6090fa]
V  [jvm.dll+0x79229e]
V  [jvm.dll+0x79396f]
V  [jvm.dll+0x794033]
V  [jvm.dll+0x24bed8]
V  [jvm.dll+0xc219c]
V  [jvm.dll+0xc275c]
V  [jvm.dll+0x3548a7]
V  [jvm.dll+0x19dd71]
V  [jvm.dll+0x205692]
V  [jvm.dll+0x20476d]
V  [jvm.dll+0x18996c]
V  [jvm.dll+0x213dd7]
V  [jvm.dll+0x211f9b]
V  [jvm.dll+0x7563a9]
V  [jvm.dll+0x74f414]
V  [jvm.dll+0x607f56]
C  [ucrtbase.dll+0x21bb2]
C  [KERNEL32.DLL+0x17034]
C  [ntdll.dll+0x52651]


---------------  P R O C E S S  ---------------

Threads class SMR info:
_java_thread_list=0x00000298e1f63300, length=21, elements={
0x00000298b3a59800, 0x00000298e175e800, 0x00000298e175f000, 0x00000298e17bf800,
0x00000298e175a800, 0x00000298e175c000, 0x00000298e1770000, 0x00000298e1774800,
0x00000298e177a800, 0x00000298e1945000, 0x00000298e1a1b000, 0x00000298e1f79800,
0x00000298e1fb6000, 0x00000298e1fb6800, 0x00000298e1fb9800, 0x00000298e1fba000,
0x00000298e1fbb000, 0x00000298e1f6f000, 0x00000298e1f6f800, 0x00000298e1f87800,
0x00000298e1a1c000
}

Java Threads: ( => current thread )
  0x00000298b3a59800 JavaThread "main" [_thread_in_vm, id=15036, stack(0x000000d278d00000,0x000000d278e00000)]
  0x00000298e175e800 JavaThread "Reference Handler" daemon [_thread_blocked, id=17068, stack(0x000000d279400000,0x000000d279500000)]
  0x00000298e175f000 JavaThread "Finalizer" daemon [_thread_blocked, id=812, stack(0x000000d279500000,0x000000d279600000)]
  0x00000298e17bf800 JavaThread "Signal Dispatcher" daemon [_thread_blocked, id=24332, stack(0x000000d279600000,0x000000d279700000)]
  0x00000298e175a800 JavaThread "Attach Listener" daemon [_thread_blocked, id=16396, stack(0x000000d279700000,0x000000d279800000)]
  0x00000298e175c000 JavaThread "Service Thread" daemon [_thread_blocked, id=4324, stack(0x000000d279800000,0x000000d279900000)]
=>0x00000298e1770000 JavaThread "C2 CompilerThread0" daemon [_thread_in_native, id=29812, stack(0x000000d279900000,0x000000d279a00000)]
  0x00000298e1774800 JavaThread "C1 CompilerThread0" daemon [_thread_blocked, id=3488, stack(0x000000d279a00000,0x000000d279b00000)]
  0x00000298e177a800 JavaThread "Sweeper thread" daemon [_thread_blocked, id=25344, stack(0x000000d279b00000,0x000000d279c00000)]
  0x00000298e1945000 JavaThread "Common-Cleaner" daemon [_thread_blocked, id=4216, stack(0x000000d279d00000,0x000000d279e00000)]
  0x00000298e1a1b000 JavaThread "C2 CompilerThread1" daemon [_thread_in_native, id=29712, stack(0x000000d279e00000,0x000000d279f00000)]
  0x00000298e1f79800 JavaThread "pool-1-thread-1" [_thread_blocked, id=13004, stack(0x000000d279f00000,0x000000d27a000000)]
  0x00000298e1fb6000 JavaThread "pool-1-thread-2" [_thread_blocked, id=21132, stack(0x000000d27a000000,0x000000d27a100000)]
  0x00000298e1fb6800 JavaThread "pool-1-thread-3" [_thread_blocked, id=13492, stack(0x000000d27a100000,0x000000d27a200000)]
  0x00000298e1fb9800 JavaThread "pool-1-thread-4" [_thread_blocked, id=26616, stack(0x000000d27a200000,0x000000d27a300000)]
  0x00000298e1fba000 JavaThread "pool-1-thread-5" [_thread_in_native, id=9760, stack(0x000000d27a300000,0x000000d27a400000)]
  0x00000298e1fbb000 JavaThread "pool-1-thread-6" [_thread_blocked, id=14368, stack(0x000000d27a400000,0x000000d27a500000)]
  0x00000298e1f6f000 JavaThread "pool-1-thread-7" [_thread_blocked, id=13408, stack(0x000000d27a500000,0x000000d27a600000)]
  0x00000298e1f6f800 JavaThread "pool-1-thread-8" [_thread_blocked, id=10456, stack(0x000000d27a600000,0x000000d27a700000)]
  0x00000298e1f87800 JavaThread "pool-1-thread-9" [_thread_in_vm, id=15724, stack(0x000000d27a700000,0x000000d27a800000)]
  0x00000298e1a1c000 JavaThread "pool-1-thread-10" [_thread_blocked, id=7984, stack(0x000000d27a800000,0x000000d27a900000)]

Other Threads:
  0x00000298e1726800 VMThread "VM Thread" [stack: 0x000000d279300000,0x000000d279400000] [id=7256]
  0x00000298e1939800 WatcherThread [stack: 0x000000d279c00000,0x000000d279d00000] [id=26416]
  0x00000298b3a72800 GCTaskThread "GC Thread#0" [stack: 0x000000d278e00000,0x000000d278f00000] [id=18980]
  0x00000298e2081800 GCTaskThread "GC Thread#1" [stack: 0x000000d27a900000,0x000000d27aa00000] [id=22524]
  0x00000298e2082000 GCTaskThread "GC Thread#2" [stack: 0x000000d27aa00000,0x000000d27ab00000] [id=7688]
  0x00000298e2082800 GCTaskThread "GC Thread#3" [stack: 0x000000d27ab00000,0x000000d27ac00000] [id=10168]
  0x00000298b3af2000 ConcurrentGCThread "G1 Main Marker" [stack: 0x000000d278f00000,0x000000d279000000] [id=30432]
  0x00000298b3af3800 ConcurrentGCThread "G1 Conc#0" [stack: 0x000000d279000000,0x000000d279100000] [id=1848]
  0x00000298e0d80800 ConcurrentGCThread "G1 Refine#0" [stack: 0x000000d279100000,0x000000d279200000] [id=15320]
  0x00000298e0d82800 ConcurrentGCThread "G1 Young RemSet Sampling" [stack: 0x000000d279200000,0x000000d279300000] [id=13936]

Threads with active compile tasks:
C2 CompilerThread0   2255 1748       4       com.android.tools.build.jetifier.processor.transform.resource.XmlResourcesTransformer::replaceWithPatterns (389 bytes)
C2 CompilerThread1   2255 1809       4       com.sun.org.apache.xerces.internal.util.XMLResourceIdentifierImpl::setValues (28 bytes)

VM state:not at safepoint (normal execution)

VM Mutex/Monitor currently owned by a thread: None

Heap address: 0x0000000600800000, size: 8184 MB, Compressed Oops mode: Zero based, Oop shift amount: 3
Narrow klass base: 0x0000000800000000, Narrow klass shift: 0
Compressed class space size: 1073741824 Address: 0x0000000800000000

Heap:
 garbage-first heap   total 524288K, used 32716K [0x0000000600800000, 0x0000000800000000)
  region size 2048K, 17 young (34816K), 2 survivors (4096K)
 Metaspace       used 12775K, capacity 13059K, committed 13184K, reserved 1060864K
  class space    used 1067K, capacity 1151K, committed 1152K, reserved 1048576K
Heap Regions: E=young(eden), S=young(survivor), O=old, HS=humongous(starts), HC=humongous(continues), CS=collection set, F=free, A=archive, TAMS=top-at-mark-start (previous, next)
|   0|0x0000000600800000, 0x0000000600a00000, 0x0000000600a00000|100%| O|  |TAMS 0x0000000600800000, 0x0000000600800000| Untracked 
|   1|0x0000000600a00000, 0x0000000600b9b000, 0x0000000600c00000| 80%| O|  |TAMS 0x0000000600a00000, 0x0000000600a00000| Untracked 
|   2|0x0000000600c00000, 0x0000000600c00000, 0x0000000600e00000|  0%| F|  |TAMS 0x0000000600c00000, 0x0000000600c00000| Untracked 
|   3|0x0000000600e00000, 0x0000000600e00000, 0x0000000601000000|  0%| F|  |TAMS 0x0000000600e00000, 0x0000000600e00000| Untracked 
|   4|0x0000000601000000, 0x0000000601000000, 0x0000000601200000|  0%| F|  |TAMS 0x0000000601000000, 0x0000000601000000| Untracked 
|   5|0x0000000601200000, 0x0000000601200000, 0x0000000601400000|  0%| F|  |TAMS 0x0000000601200000, 0x0000000601200000| Untracked 
|   6|0x0000000601400000, 0x0000000601400000, 0x0000000601600000|  0%| F|  |TAMS 0x0000000601400000, 0x0000000601400000| Untracked 
|   7|0x0000000601600000, 0x0000000601600000, 0x0000000601800000|  0%| F|  |TAMS 0x0000000601600000, 0x0000000601600000| Untracked 
|   8|0x0000000601800000, 0x0000000601800000, 0x0000000601a00000|  0%| F|  |TAMS 0x0000000601800000, 0x0000000601800000| Untracked 
|   9|0x0000000601a00000, 0x0000000601a00000, 0x0000000601c00000|  0%| F|  |TAMS 0x0000000601a00000, 0x0000000601a00000| Untracked 
|  10|0x0000000601c00000, 0x0000000601c00000, 0x0000000601e00000|  0%| F|  |TAMS 0x0000000601c00000, 0x0000000601c00000| Untracked 
|  11|0x0000000601e00000, 0x0000000601e00000, 0x0000000602000000|  0%| F|  |TAMS 0x0000000601e00000, 0x0000000601e00000| Untracked 
|  12|0x0000000602000000, 0x0000000602000000, 0x0000000602200000|  0%| F|  |TAMS 0x0000000602000000, 0x0000000602000000| Untracked 
|  13|0x0000000602200000, 0x0000000602200000, 0x0000000602400000|  0%| F|  |TAMS 0x0000000602200000, 0x0000000602200000| Untracked 
|  14|0x0000000602400000, 0x0000000602400000, 0x0000000602600000|  0%| F|  |TAMS 0x0000000602400000, 0x0000000602400000| Untracked 
|  15|0x0000000602600000, 0x0000000602600000, 0x0000000602800000|  0%| F|  |TAMS 0x0000000602600000, 0x0000000602600000| Untracked 
|  16|0x0000000602800000, 0x0000000602800000, 0x0000000602a00000|  0%| F|  |TAMS 0x0000000602800000, 0x0000000602800000| Untracked 
|  17|0x0000000602a00000, 0x0000000602a00000, 0x0000000602c00000|  0%| F|  |TAMS 0x0000000602a00000, 0x0000000602a00000| Untracked 
|  18|0x0000000602c00000, 0x0000000602c00000, 0x0000000602e00000|  0%| F|  |TAMS 0x0000000602c00000, 0x0000000602c00000| Untracked 
|  19|0x0000000602e00000, 0x0000000602e00000, 0x0000000603000000|  0%| F|  |TAMS 0x0000000602e00000, 0x0000000602e00000| Untracked 
|  20|0x0000000603000000, 0x0000000603000000, 0x0000000603200000|  0%| F|  |TAMS 0x0000000603000000, 0x0000000603000000| Untracked 
|  21|0x0000000603200000, 0x0000000603200000, 0x0000000603400000|  0%| F|  |TAMS 0x0000000603200000, 0x0000000603200000| Untracked 
|  22|0x0000000603400000, 0x0000000603400000, 0x0000000603600000|  0%| F|  |TAMS 0x0000000603400000, 0x0000000603400000| Untracked 
|  23|0x0000000603600000, 0x0000000603600000, 0x0000000603800000|  0%| F|  |TAMS 0x0000000603600000, 0x0000000603600000| Untracked 
|  24|0x0000000603800000, 0x0000000603800000, 0x0000000603a00000|  0%| F|  |TAMS 0x0000000603800000, 0x0000000603800000| Untracked 
|  25|0x0000000603a00000, 0x0000000603a00000, 0x0000000603c00000|  0%| F|  |TAMS 0x0000000603a00000, 0x0000000603a00000| Untracked 
|  26|0x0000000603c00000, 0x0000000603c00000, 0x0000000603e00000|  0%| F|  |TAMS 0x0000000603c00000, 0x0000000603c00000| Untracked 
|  27|0x0000000603e00000, 0x0000000603e00000, 0x0000000604000000|  0%| F|  |TAMS 0x0000000603e00000, 0x0000000603e00000| Untracked 
|  28|0x0000000604000000, 0x0000000604000000, 0x0000000604200000|  0%| F|  |TAMS 0x0000000604000000, 0x0000000604000000| Untracked 
|  29|0x0000000604200000, 0x0000000604200000, 0x0000000604400000|  0%| F|  |TAMS 0x0000000604200000, 0x0000000604200000| Untracked 
|  30|0x0000000604400000, 0x0000000604400000, 0x0000000604600000|  0%| F|  |TAMS 0x0000000604400000, 0x0000000604400000| Untracked 
|  31|0x0000000604600000, 0x0000000604600000, 0x0000000604800000|  0%| F|  |TAMS 0x0000000604600000, 0x0000000604600000| Untracked 
|  32|0x0000000604800000, 0x0000000604800000, 0x0000000604a00000|  0%| F|  |TAMS 0x0000000604800000, 0x0000000604800000| Untracked 
|  33|0x0000000604a00000, 0x0000000604a00000, 0x0000000604c00000|  0%| F|  |TAMS 0x0000000604a00000, 0x0000000604a00000| Untracked 
|  34|0x0000000604c00000, 0x0000000604c00000, 0x0000000604e00000|  0%| F|  |TAMS 0x0000000604c00000, 0x0000000604c00000| Untracked 
|  35|0x0000000604e00000, 0x0000000604e00000, 0x0000000605000000|  0%| F|  |TAMS 0x0000000604e00000, 0x0000000604e00000| Untracked 
|  36|0x0000000605000000, 0x0000000605000000, 0x0000000605200000|  0%| F|  |TAMS 0x0000000605000000, 0x0000000605000000| Untracked 
|  37|0x0000000605200000, 0x0000000605200000, 0x0000000605400000|  0%| F|  |TAMS 0x0000000605200000, 0x0000000605200000| Untracked 
|  38|0x0000000605400000, 0x0000000605400000, 0x0000000605600000|  0%| F|  |TAMS 0x0000000605400000, 0x0000000605400000| Untracked 
|  39|0x0000000605600000, 0x0000000605600000, 0x0000000605800000|  0%| F|  |TAMS 0x0000000605600000, 0x0000000605600000| Untracked 
|  40|0x0000000605800000, 0x0000000605800000, 0x0000000605a00000|  0%| F|  |TAMS 0x0000000605800000, 0x0000000605800000| Untracked 
|  41|0x0000000605a00000, 0x0000000605a00000, 0x0000000605c00000|  0%| F|  |TAMS 0x0000000605a00000, 0x0000000605a00000| Untracked 
|  42|0x0000000605c00000, 0x0000000605c00000, 0x0000000605e00000|  0%| F|  |TAMS 0x0000000605c00000, 0x0000000605c00000| Untracked 
|  43|0x0000000605e00000, 0x0000000605e00000, 0x0000000606000000|  0%| F|  |TAMS 0x0000000605e00000, 0x0000000605e00000| Untracked 
|  44|0x0000000606000000, 0x0000000606000000, 0x0000000606200000|  0%| F|  |TAMS 0x0000000606000000, 0x0000000606000000| Untracked 
|  45|0x0000000606200000, 0x0000000606200000, 0x0000000606400000|  0%| F|  |TAMS 0x0000000606200000, 0x0000000606200000| Untracked 
|  46|0x0000000606400000, 0x0000000606400000, 0x0000000606600000|  0%| F|  |TAMS 0x0000000606400000, 0x0000000606400000| Untracked 
|  47|0x0000000606600000, 0x0000000606600000, 0x0000000606800000|  0%| F|  |TAMS 0x0000000606600000, 0x0000000606600000| Untracked 
|  48|0x0000000606800000, 0x0000000606800000, 0x0000000606a00000|  0%| F|  |TAMS 0x0000000606800000, 0x0000000606800000| Untracked 
|  49|0x0000000606a00000, 0x0000000606a00000, 0x0000000606c00000|  0%| F|  |TAMS 0x0000000606a00000, 0x0000000606a00000| Untracked 
|  50|0x0000000606c00000, 0x0000000606c00000, 0x0000000606e00000|  0%| F|  |TAMS 0x0000000606c00000, 0x0000000606c00000| Untracked 
|  51|0x0000000606e00000, 0x0000000606e00000, 0x0000000607000000|  0%| F|  |TAMS 0x0000000606e00000, 0x0000000606e00000| Untracked 
|  52|0x0000000607000000, 0x0000000607000000, 0x0000000607200000|  0%| F|  |TAMS 0x0000000607000000, 0x0000000607000000| Untracked 
|  53|0x0000000607200000, 0x0000000607200000, 0x0000000607400000|  0%| F|  |TAMS 0x0000000607200000, 0x0000000607200000| Untracked 
|  54|0x0000000607400000, 0x0000000607400000, 0x0000000607600000|  0%| F|  |TAMS 0x0000000607400000, 0x0000000607400000| Untracked 
|  55|0x0000000607600000, 0x0000000607600000, 0x0000000607800000|  0%| F|  |TAMS 0x0000000607600000, 0x0000000607600000| Untracked 
|  56|0x0000000607800000, 0x0000000607800000, 0x0000000607a00000|  0%| F|  |TAMS 0x0000000607800000, 0x0000000607800000| Untracked 
|  57|0x0000000607a00000, 0x0000000607a00000, 0x0000000607c00000|  0%| F|  |TAMS 0x0000000607a00000, 0x0000000607a00000| Untracked 
|  58|0x0000000607c00000, 0x0000000607c00000, 0x0000000607e00000|  0%| F|  |TAMS 0x0000000607c00000, 0x0000000607c00000| Untracked 
|  59|0x0000000607e00000, 0x0000000607e00000, 0x0000000608000000|  0%| F|  |TAMS 0x0000000607e00000, 0x0000000607e00000| Untracked 
|  60|0x0000000608000000, 0x0000000608000000, 0x0000000608200000|  0%| F|  |TAMS 0x0000000608000000, 0x0000000608000000| Untracked 
|  61|0x0000000608200000, 0x0000000608200000, 0x0000000608400000|  0%| F|  |TAMS 0x0000000608200000, 0x0000000608200000| Untracked 
|  62|0x0000000608400000, 0x0000000608400000, 0x0000000608600000|  0%| F|  |TAMS 0x0000000608400000, 0x0000000608400000| Untracked 
|  63|0x0000000608600000, 0x0000000608600000, 0x0000000608800000|  0%| F|  |TAMS 0x0000000608600000, 0x0000000608600000| Untracked 
|  64|0x0000000608800000, 0x0000000608800000, 0x0000000608a00000|  0%| F|  |TAMS 0x0000000608800000, 0x0000000608800000| Untracked 
|  65|0x0000000608a00000, 0x0000000608a00000, 0x0000000608c00000|  0%| F|  |TAMS 0x0000000608a00000, 0x0000000608a00000| Untracked 
|  66|0x0000000608c00000, 0x0000000608c00000, 0x0000000608e00000|  0%| F|  |TAMS 0x0000000608c00000, 0x0000000608c00000| Untracked 
|  67|0x0000000608e00000, 0x0000000608e00000, 0x0000000609000000|  0%| F|  |TAMS 0x0000000608e00000, 0x0000000608e00000| Untracked 
|  68|0x0000000609000000, 0x0000000609000000, 0x0000000609200000|  0%| F|  |TAMS 0x0000000609000000, 0x0000000609000000| Untracked 
|  69|0x0000000609200000, 0x0000000609200000, 0x0000000609400000|  0%| F|  |TAMS 0x0000000609200000, 0x0000000609200000| Untracked 
|  70|0x0000000609400000, 0x0000000609400000, 0x0000000609600000|  0%| F|  |TAMS 0x0000000609400000, 0x0000000609400000| Untracked 
|  71|0x0000000609600000, 0x0000000609600000, 0x0000000609800000|  0%| F|  |TAMS 0x0000000609600000, 0x0000000609600000| Untracked 
|  72|0x0000000609800000, 0x0000000609800000, 0x0000000609a00000|  0%| F|  |TAMS 0x0000000609800000, 0x0000000609800000| Untracked 
|  73|0x0000000609a00000, 0x0000000609a00000, 0x0000000609c00000|  0%| F|  |TAMS 0x0000000609a00000, 0x0000000609a00000| Untracked 
|  74|0x0000000609c00000, 0x0000000609c00000, 0x0000000609e00000|  0%| F|  |TAMS 0x0000000609c00000, 0x0000000609c00000| Untracked 
|  75|0x0000000609e00000, 0x0000000609e00000, 0x000000060a000000|  0%| F|  |TAMS 0x0000000609e00000, 0x0000000609e00000| Untracked 
|  76|0x000000060a000000, 0x000000060a000000, 0x000000060a200000|  0%| F|  |TAMS 0x000000060a000000, 0x000000060a000000| Untracked 
|  77|0x000000060a200000, 0x000000060a200000, 0x000000060a400000|  0%| F|  |TAMS 0x000000060a200000, 0x000000060a200000| Untracked 
|  78|0x000000060a400000, 0x000000060a400000, 0x000000060a600000|  0%| F|  |TAMS 0x000000060a400000, 0x000000060a400000| Untracked 
|  79|0x000000060a600000, 0x000000060a600000, 0x000000060a800000|  0%| F|  |TAMS 0x000000060a600000, 0x000000060a600000| Untracked 
|  80|0x000000060a800000, 0x000000060a800000, 0x000000060aa00000|  0%| F|  |TAMS 0x000000060a800000, 0x000000060a800000| Untracked 
|  81|0x000000060aa00000, 0x000000060aa00000, 0x000000060ac00000|  0%| F|  |TAMS 0x000000060aa00000, 0x000000060aa00000| Untracked 
|  82|0x000000060ac00000, 0x000000060ac00000, 0x000000060ae00000|  0%| F|  |TAMS 0x000000060ac00000, 0x000000060ac00000| Untracked 
|  83|0x000000060ae00000, 0x000000060ae00000, 0x000000060b000000|  0%| F|  |TAMS 0x000000060ae00000, 0x000000060ae00000| Untracked 
|  84|0x000000060b000000, 0x000000060b000000, 0x000000060b200000|  0%| F|  |TAMS 0x000000060b000000, 0x000000060b000000| Untracked 
|  85|0x000000060b200000, 0x000000060b200000, 0x000000060b400000|  0%| F|  |TAMS 0x000000060b200000, 0x000000060b200000| Untracked 
|  86|0x000000060b400000, 0x000000060b400000, 0x000000060b600000|  0%| F|  |TAMS 0x000000060b400000, 0x000000060b400000| Untracked 
|  87|0x000000060b600000, 0x000000060b600000, 0x000000060b800000|  0%| F|  |TAMS 0x000000060b600000, 0x000000060b600000| Untracked 
|  88|0x000000060b800000, 0x000000060b800000, 0x000000060ba00000|  0%| F|  |TAMS 0x000000060b800000, 0x000000060b800000| Untracked 
|  89|0x000000060ba00000, 0x000000060ba00000, 0x000000060bc00000|  0%| F|  |TAMS 0x000000060ba00000, 0x000000060ba00000| Untracked 
|  90|0x000000060bc00000, 0x000000060bc00000, 0x000000060be00000|  0%| F|  |TAMS 0x000000060bc00000, 0x000000060bc00000| Untracked 
|  91|0x000000060be00000, 0x000000060be00000, 0x000000060c000000|  0%| F|  |TAMS 0x000000060be00000, 0x000000060be00000| Untracked 
|  92|0x000000060c000000, 0x000000060c000000, 0x000000060c200000|  0%| F|  |TAMS 0x000000060c000000, 0x000000060c000000| Untracked 
|  93|0x000000060c200000, 0x000000060c200000, 0x000000060c400000|  0%| F|  |TAMS 0x000000060c200000, 0x000000060c200000| Untracked 
|  94|0x000000060c400000, 0x000000060c400000, 0x000000060c600000|  0%| F|  |TAMS 0x000000060c400000, 0x000000060c400000| Untracked 
|  95|0x000000060c600000, 0x000000060c600000, 0x000000060c800000|  0%| F|  |TAMS 0x000000060c600000, 0x000000060c600000| Untracked 
|  96|0x000000060c800000, 0x000000060c800000, 0x000000060ca00000|  0%| F|  |TAMS 0x000000060c800000, 0x000000060c800000| Untracked 
|  97|0x000000060ca00000, 0x000000060ca00000, 0x000000060cc00000|  0%| F|  |TAMS 0x000000060ca00000, 0x000000060ca00000| Untracked 
|  98|0x000000060cc00000, 0x000000060cc00000, 0x000000060ce00000|  0%| F|  |TAMS 0x000000060cc00000, 0x000000060cc00000| Untracked 
|  99|0x000000060ce00000, 0x000000060ce00000, 0x000000060d000000|  0%| F|  |TAMS 0x000000060ce00000, 0x000000060ce00000| Untracked 
| 100|0x000000060d000000, 0x000000060d000000, 0x000000060d200000|  0%| F|  |TAMS 0x000000060d000000, 0x000000060d000000| Untracked 
| 101|0x000000060d200000, 0x000000060d200000, 0x000000060d400000|  0%| F|  |TAMS 0x000000060d200000, 0x000000060d200000| Untracked 
| 102|0x000000060d400000, 0x000000060d400000, 0x000000060d600000|  0%| F|  |TAMS 0x000000060d400000, 0x000000060d400000| Untracked 
| 103|0x000000060d600000, 0x000000060d600000, 0x000000060d800000|  0%| F|  |TAMS 0x000000060d600000, 0x000000060d600000| Untracked 
| 104|0x000000060d800000, 0x000000060d800000, 0x000000060da00000|  0%| F|  |TAMS 0x000000060d800000, 0x000000060d800000| Untracked 
| 105|0x000000060da00000, 0x000000060da00000, 0x000000060dc00000|  0%| F|  |TAMS 0x000000060da00000, 0x000000060da00000| Untracked 
| 106|0x000000060dc00000, 0x000000060dc00000, 0x000000060de00000|  0%| F|  |TAMS 0x000000060dc00000, 0x000000060dc00000| Untracked 
| 107|0x000000060de00000, 0x000000060de00000, 0x000000060e000000|  0%| F|  |TAMS 0x000000060de00000, 0x000000060de00000| Untracked 
| 108|0x000000060e000000, 0x000000060e000000, 0x000000060e200000|  0%| F|  |TAMS 0x000000060e000000, 0x000000060e000000| Untracked 
| 109|0x000000060e200000, 0x000000060e200000, 0x000000060e400000|  0%| F|  |TAMS 0x000000060e200000, 0x000000060e200000| Untracked 
| 110|0x000000060e400000, 0x000000060e400000, 0x000000060e600000|  0%| F|  |TAMS 0x000000060e400000, 0x000000060e400000| Untracked 
| 111|0x000000060e600000, 0x000000060e600000, 0x000000060e800000|  0%| F|  |TAMS 0x000000060e600000, 0x000000060e600000| Untracked 
| 112|0x000000060e800000, 0x000000060e800000, 0x000000060ea00000|  0%| F|  |TAMS 0x000000060e800000, 0x000000060e800000| Untracked 
| 113|0x000000060ea00000, 0x000000060ea00000, 0x000000060ec00000|  0%| F|  |TAMS 0x000000060ea00000, 0x000000060ea00000| Untracked 
| 114|0x000000060ec00000, 0x000000060ec00000, 0x000000060ee00000|  0%| F|  |TAMS 0x000000060ec00000, 0x000000060ec00000| Untracked 
| 115|0x000000060ee00000, 0x000000060ee00000, 0x000000060f000000|  0%| F|  |TAMS 0x000000060ee00000, 0x000000060ee00000| Untracked 
| 116|0x000000060f000000, 0x000000060f000000, 0x000000060f200000|  0%| F|  |TAMS 0x000000060f000000, 0x000000060f000000| Untracked 
| 117|0x000000060f200000, 0x000000060f200000, 0x000000060f400000|  0%| F|  |TAMS 0x000000060f200000, 0x000000060f200000| Untracked 
| 118|0x000000060f400000, 0x000000060f400000, 0x000000060f600000|  0%| F|  |TAMS 0x000000060f400000, 0x000000060f400000| Untracked 
| 119|0x000000060f600000, 0x000000060f600000, 0x000000060f800000|  0%| F|  |TAMS 0x000000060f600000, 0x000000060f600000| Untracked 
| 120|0x000000060f800000, 0x000000060f800000, 0x000000060fa00000|  0%| F|  |TAMS 0x000000060f800000, 0x000000060f800000| Untracked 
| 121|0x000000060fa00000, 0x000000060fa00000, 0x000000060fc00000|  0%| F|  |TAMS 0x000000060fa00000, 0x000000060fa00000| Untracked 
| 122|0x000000060fc00000, 0x000000060fc00000, 0x000000060fe00000|  0%| F|  |TAMS 0x000000060fc00000, 0x000000060fc00000| Untracked 
| 123|0x000000060fe00000, 0x000000060fe00000, 0x0000000610000000|  0%| F|  |TAMS 0x000000060fe00000, 0x000000060fe00000| Untracked 
| 124|0x0000000610000000, 0x0000000610000000, 0x0000000610200000|  0%| F|  |TAMS 0x0000000610000000, 0x0000000610000000| Untracked 
| 125|0x0000000610200000, 0x0000000610200000, 0x0000000610400000|  0%| F|  |TAMS 0x0000000610200000, 0x0000000610200000| Untracked 
| 126|0x0000000610400000, 0x0000000610400000, 0x0000000610600000|  0%| F|  |TAMS 0x0000000610400000, 0x0000000610400000| Untracked 
| 127|0x0000000610600000, 0x0000000610600000, 0x0000000610800000|  0%| F|  |TAMS 0x0000000610600000, 0x0000000610600000| Untracked 
| 128|0x0000000610800000, 0x0000000610800000, 0x0000000610a00000|  0%| F|  |TAMS 0x0000000610800000, 0x0000000610800000| Untracked 
| 129|0x0000000610a00000, 0x0000000610a00000, 0x0000000610c00000|  0%| F|  |TAMS 0x0000000610a00000, 0x0000000610a00000| Untracked 
| 130|0x0000000610c00000, 0x0000000610c00000, 0x0000000610e00000|  0%| F|  |TAMS 0x0000000610c00000, 0x0000000610c00000| Untracked 
| 131|0x0000000610e00000, 0x0000000610e00000, 0x0000000611000000|  0%| F|  |TAMS 0x0000000610e00000, 0x0000000610e00000| Untracked 
| 132|0x0000000611000000, 0x0000000611000000, 0x0000000611200000|  0%| F|  |TAMS 0x0000000611000000, 0x0000000611000000| Untracked 
| 133|0x0000000611200000, 0x0000000611200000, 0x0000000611400000|  0%| F|  |TAMS 0x0000000611200000, 0x0000000611200000| Untracked 
| 134|0x0000000611400000, 0x0000000611400000, 0x0000000611600000|  0%| F|  |TAMS 0x0000000611400000, 0x0000000611400000| Untracked 
| 135|0x0000000611600000, 0x0000000611600000, 0x0000000611800000|  0%| F|  |TAMS 0x0000000611600000, 0x0000000611600000| Untracked 
| 136|0x0000000611800000, 0x0000000611800000, 0x0000000611a00000|  0%| F|  |TAMS 0x0000000611800000, 0x0000000611800000| Untracked 
| 137|0x0000000611a00000, 0x0000000611a00000, 0x0000000611c00000|  0%| F|  |TAMS 0x0000000611a00000, 0x0000000611a00000| Untracked 
| 138|0x0000000611c00000, 0x0000000611c00000, 0x0000000611e00000|  0%| F|  |TAMS 0x0000000611c00000, 0x0000000611c00000| Untracked 
| 139|0x0000000611e00000, 0x0000000611e00000, 0x0000000612000000|  0%| F|  |TAMS 0x0000000611e00000, 0x0000000611e00000| Untracked 
| 140|0x0000000612000000, 0x0000000612000000, 0x0000000612200000|  0%| F|  |TAMS 0x0000000612000000, 0x0000000612000000| Untracked 
| 141|0x0000000612200000, 0x0000000612200000, 0x0000000612400000|  0%| F|  |TAMS 0x0000000612200000, 0x0000000612200000| Untracked 
| 142|0x0000000612400000, 0x0000000612400000, 0x0000000612600000|  0%| F|  |TAMS 0x0000000612400000, 0x0000000612400000| Untracked 
| 143|0x0000000612600000, 0x0000000612600000, 0x0000000612800000|  0%| F|  |TAMS 0x0000000612600000, 0x0000000612600000| Untracked 
| 144|0x0000000612800000, 0x0000000612800000, 0x0000000612a00000|  0%| F|  |TAMS 0x0000000612800000, 0x0000000612800000| Untracked 
| 145|0x0000000612a00000, 0x0000000612a00000, 0x0000000612c00000|  0%| F|  |TAMS 0x0000000612a00000, 0x0000000612a00000| Untracked 
| 146|0x0000000612c00000, 0x0000000612c00000, 0x0000000612e00000|  0%| F|  |TAMS 0x0000000612c00000, 0x0000000612c00000| Untracked 
| 147|0x0000000612e00000, 0x0000000612e00000, 0x0000000613000000|  0%| F|  |TAMS 0x0000000612e00000, 0x0000000612e00000| Untracked 
| 148|0x0000000613000000, 0x0000000613000000, 0x0000000613200000|  0%| F|  |TAMS 0x0000000613000000, 0x0000000613000000| Untracked 
| 149|0x0000000613200000, 0x0000000613200000, 0x0000000613400000|  0%| F|  |TAMS 0x0000000613200000, 0x0000000613200000| Untracked 
| 150|0x0000000613400000, 0x0000000613400000, 0x0000000613600000|  0%| F|  |TAMS 0x0000000613400000, 0x0000000613400000| Untracked 
| 151|0x0000000613600000, 0x0000000613600000, 0x0000000613800000|  0%| F|  |TAMS 0x0000000613600000, 0x0000000613600000| Untracked 
| 152|0x0000000613800000, 0x0000000613800000, 0x0000000613a00000|  0%| F|  |TAMS 0x0000000613800000, 0x0000000613800000| Untracked 
| 153|0x0000000613a00000, 0x0000000613a00000, 0x0000000613c00000|  0%| F|  |TAMS 0x0000000613a00000, 0x0000000613a00000| Untracked 
| 154|0x0000000613c00000, 0x0000000613c00000, 0x0000000613e00000|  0%| F|  |TAMS 0x0000000613c00000, 0x0000000613c00000| Untracked 
| 155|0x0000000613e00000, 0x0000000613e00000, 0x0000000614000000|  0%| F|  |TAMS 0x0000000613e00000, 0x0000000613e00000| Untracked 
| 156|0x0000000614000000, 0x0000000614000000, 0x0000000614200000|  0%| F|  |TAMS 0x0000000614000000, 0x0000000614000000| Untracked 
| 157|0x0000000614200000, 0x0000000614200000, 0x0000000614400000|  0%| F|  |TAMS 0x0000000614200000, 0x0000000614200000| Untracked 
| 158|0x0000000614400000, 0x0000000614400000, 0x0000000614600000|  0%| F|  |TAMS 0x0000000614400000, 0x0000000614400000| Untracked 
| 159|0x0000000614600000, 0x0000000614600000, 0x0000000614800000|  0%| F|  |TAMS 0x0000000614600000, 0x0000000614600000| Untracked 
| 160|0x0000000614800000, 0x0000000614800000, 0x0000000614a00000|  0%| F|  |TAMS 0x0000000614800000, 0x0000000614800000| Untracked 
| 161|0x0000000614a00000, 0x0000000614a00000, 0x0000000614c00000|  0%| F|  |TAMS 0x0000000614a00000, 0x0000000614a00000| Untracked 
| 162|0x0000000614c00000, 0x0000000614c00000, 0x0000000614e00000|  0%| F|  |TAMS 0x0000000614c00000, 0x0000000614c00000| Untracked 
| 163|0x0000000614e00000, 0x0000000614e00000, 0x0000000615000000|  0%| F|  |TAMS 0x0000000614e00000, 0x0000000614e00000| Untracked 
| 164|0x0000000615000000, 0x0000000615000000, 0x0000000615200000|  0%| F|  |TAMS 0x0000000615000000, 0x0000000615000000| Untracked 
| 165|0x0000000615200000, 0x0000000615200000, 0x0000000615400000|  0%| F|  |TAMS 0x0000000615200000, 0x0000000615200000| Untracked 
| 166|0x0000000615400000, 0x0000000615400000, 0x0000000615600000|  0%| F|  |TAMS 0x0000000615400000, 0x0000000615400000| Untracked 
| 167|0x0000000615600000, 0x0000000615600000, 0x0000000615800000|  0%| F|  |TAMS 0x0000000615600000, 0x0000000615600000| Untracked 
| 168|0x0000000615800000, 0x0000000615800000, 0x0000000615a00000|  0%| F|  |TAMS 0x0000000615800000, 0x0000000615800000| Untracked 
| 169|0x0000000615a00000, 0x0000000615a00000, 0x0000000615c00000|  0%| F|  |TAMS 0x0000000615a00000, 0x0000000615a00000| Untracked 
| 170|0x0000000615c00000, 0x0000000615c00000, 0x0000000615e00000|  0%| F|  |TAMS 0x0000000615c00000, 0x0000000615c00000| Untracked 
| 171|0x0000000615e00000, 0x0000000615e00000, 0x0000000616000000|  0%| F|  |TAMS 0x0000000615e00000, 0x0000000615e00000| Untracked 
| 172|0x0000000616000000, 0x0000000616000000, 0x0000000616200000|  0%| F|  |TAMS 0x0000000616000000, 0x0000000616000000| Untracked 
| 173|0x0000000616200000, 0x0000000616200000, 0x0000000616400000|  0%| F|  |TAMS 0x0000000616200000, 0x0000000616200000| Untracked 
| 174|0x0000000616400000, 0x0000000616400000, 0x0000000616600000|  0%| F|  |TAMS 0x0000000616400000, 0x0000000616400000| Untracked 
| 175|0x0000000616600000, 0x0000000616600000, 0x0000000616800000|  0%| F|  |TAMS 0x0000000616600000, 0x0000000616600000| Untracked 
| 176|0x0000000616800000, 0x0000000616800000, 0x0000000616a00000|  0%| F|  |TAMS 0x0000000616800000, 0x0000000616800000| Untracked 
| 177|0x0000000616a00000, 0x0000000616a00000, 0x0000000616c00000|  0%| F|  |TAMS 0x0000000616a00000, 0x0000000616a00000| Untracked 
| 178|0x0000000616c00000, 0x0000000616c00000, 0x0000000616e00000|  0%| F|  |TAMS 0x0000000616c00000, 0x0000000616c00000| Untracked 
| 179|0x0000000616e00000, 0x0000000616e00000, 0x0000000617000000|  0%| F|  |TAMS 0x0000000616e00000, 0x0000000616e00000| Untracked 
| 180|0x0000000617000000, 0x0000000617000000, 0x0000000617200000|  0%| F|  |TAMS 0x0000000617000000, 0x0000000617000000| Untracked 
| 181|0x0000000617200000, 0x0000000617200000, 0x0000000617400000|  0%| F|  |TAMS 0x0000000617200000, 0x0000000617200000| Untracked 
| 182|0x0000000617400000, 0x0000000617400000, 0x0000000617600000|  0%| F|  |TAMS 0x0000000617400000, 0x0000000617400000| Untracked 
| 183|0x0000000617600000, 0x0000000617600000, 0x0000000617800000|  0%| F|  |TAMS 0x0000000617600000, 0x0000000617600000| Untracked 
| 184|0x0000000617800000, 0x0000000617800000, 0x0000000617a00000|  0%| F|  |TAMS 0x0000000617800000, 0x0000000617800000| Untracked 
| 185|0x0000000617a00000, 0x0000000617a00000, 0x0000000617c00000|  0%| F|  |TAMS 0x0000000617a00000, 0x0000000617a00000| Untracked 
| 186|0x0000000617c00000, 0x0000000617c00000, 0x0000000617e00000|  0%| F|  |TAMS 0x0000000617c00000, 0x0000000617c00000| Untracked 
| 187|0x0000000617e00000, 0x0000000617e00000, 0x0000000618000000|  0%| F|  |TAMS 0x0000000617e00000, 0x0000000617e00000| Untracked 
| 188|0x0000000618000000, 0x0000000618000000, 0x0000000618200000|  0%| F|  |TAMS 0x0000000618000000, 0x0000000618000000| Untracked 
| 189|0x0000000618200000, 0x0000000618200000, 0x0000000618400000|  0%| F|  |TAMS 0x0000000618200000, 0x0000000618200000| Untracked 
| 190|0x0000000618400000, 0x0000000618400000, 0x0000000618600000|  0%| F|  |TAMS 0x0000000618400000, 0x0000000618400000| Untracked 
| 191|0x0000000618600000, 0x0000000618600000, 0x0000000618800000|  0%| F|  |TAMS 0x0000000618600000, 0x0000000618600000| Untracked 
| 192|0x0000000618800000, 0x0000000618800000, 0x0000000618a00000|  0%| F|  |TAMS 0x0000000618800000, 0x0000000618800000| Untracked 
| 193|0x0000000618a00000, 0x0000000618a00000, 0x0000000618c00000|  0%| F|  |TAMS 0x0000000618a00000, 0x0000000618a00000| Untracked 
| 194|0x0000000618c00000, 0x0000000618c00000, 0x0000000618e00000|  0%| F|  |TAMS 0x0000000618c00000, 0x0000000618c00000| Untracked 
| 195|0x0000000618e00000, 0x0000000618e00000, 0x0000000619000000|  0%| F|  |TAMS 0x0000000618e00000, 0x0000000618e00000| Untracked 
| 196|0x0000000619000000, 0x0000000619000000, 0x0000000619200000|  0%| F|  |TAMS 0x0000000619000000, 0x0000000619000000| Untracked 
| 197|0x0000000619200000, 0x0000000619200000, 0x0000000619400000|  0%| F|  |TAMS 0x0000000619200000, 0x0000000619200000| Untracked 
| 198|0x0000000619400000, 0x0000000619400000, 0x0000000619600000|  0%| F|  |TAMS 0x0000000619400000, 0x0000000619400000| Untracked 
| 199|0x0000000619600000, 0x0000000619600000, 0x0000000619800000|  0%| F|  |TAMS 0x0000000619600000, 0x0000000619600000| Untracked 
| 200|0x0000000619800000, 0x0000000619800000, 0x0000000619a00000|  0%| F|  |TAMS 0x0000000619800000, 0x0000000619800000| Untracked 
| 201|0x0000000619a00000, 0x0000000619a00000, 0x0000000619c00000|  0%| F|  |TAMS 0x0000000619a00000, 0x0000000619a00000| Untracked 
| 202|0x0000000619c00000, 0x0000000619c00000, 0x0000000619e00000|  0%| F|  |TAMS 0x0000000619c00000, 0x0000000619c00000| Untracked 
| 203|0x0000000619e00000, 0x0000000619e00000, 0x000000061a000000|  0%| F|  |TAMS 0x0000000619e00000, 0x0000000619e00000| Untracked 
| 204|0x000000061a000000, 0x000000061a000000, 0x000000061a200000|  0%| F|  |TAMS 0x000000061a000000, 0x000000061a000000| Untracked 
| 205|0x000000061a200000, 0x000000061a200000, 0x000000061a400000|  0%| F|  |TAMS 0x000000061a200000, 0x000000061a200000| Untracked 
| 206|0x000000061a400000, 0x000000061a400000, 0x000000061a600000|  0%| F|  |TAMS 0x000000061a400000, 0x000000061a400000| Untracked 
| 207|0x000000061a600000, 0x000000061a600000, 0x000000061a800000|  0%| F|  |TAMS 0x000000061a600000, 0x000000061a600000| Untracked 
| 208|0x000000061a800000, 0x000000061a800000, 0x000000061aa00000|  0%| F|  |TAMS 0x000000061a800000, 0x000000061a800000| Untracked 
| 209|0x000000061aa00000, 0x000000061aa00000, 0x000000061ac00000|  0%| F|  |TAMS 0x000000061aa00000, 0x000000061aa00000| Untracked 
| 210|0x000000061ac00000, 0x000000061ac00000, 0x000000061ae00000|  0%| F|  |TAMS 0x000000061ac00000, 0x000000061ac00000| Untracked 
| 211|0x000000061ae00000, 0x000000061ae00000, 0x000000061b000000|  0%| F|  |TAMS 0x000000061ae00000, 0x000000061ae00000| Untracked 
| 212|0x000000061b000000, 0x000000061b000000, 0x000000061b200000|  0%| F|  |TAMS 0x000000061b000000, 0x000000061b000000| Untracked 
| 213|0x000000061b200000, 0x000000061b200000, 0x000000061b400000|  0%| F|  |TAMS 0x000000061b200000, 0x000000061b200000| Untracked 
| 214|0x000000061b400000, 0x000000061b400000, 0x000000061b600000|  0%| F|  |TAMS 0x000000061b400000, 0x000000061b400000| Untracked 
| 215|0x000000061b600000, 0x000000061b600000, 0x000000061b800000|  0%| F|  |TAMS 0x000000061b600000, 0x000000061b600000| Untracked 
| 216|0x000000061b800000, 0x000000061b800000, 0x000000061ba00000|  0%| F|  |TAMS 0x000000061b800000, 0x000000061b800000| Untracked 
| 217|0x000000061ba00000, 0x000000061ba00000, 0x000000061bc00000|  0%| F|  |TAMS 0x000000061ba00000, 0x000000061ba00000| Untracked 
| 218|0x000000061bc00000, 0x000000061bc00000, 0x000000061be00000|  0%| F|  |TAMS 0x000000061bc00000, 0x000000061bc00000| Untracked 
| 219|0x000000061be00000, 0x000000061be00000, 0x000000061c000000|  0%| F|  |TAMS 0x000000061be00000, 0x000000061be00000| Untracked 
| 220|0x000000061c000000, 0x000000061c000000, 0x000000061c200000|  0%| F|  |TAMS 0x000000061c000000, 0x000000061c000000| Untracked 
| 221|0x000000061c200000, 0x000000061c200000, 0x000000061c400000|  0%| F|  |TAMS 0x000000061c200000, 0x000000061c200000| Untracked 
| 222|0x000000061c400000, 0x000000061c400000, 0x000000061c600000|  0%| F|  |TAMS 0x000000061c400000, 0x000000061c400000| Untracked 
| 223|0x000000061c600000, 0x000000061c600000, 0x000000061c800000|  0%| F|  |TAMS 0x000000061c600000, 0x000000061c600000| Untracked 
| 224|0x000000061c800000, 0x000000061c800000, 0x000000061ca00000|  0%| F|  |TAMS 0x000000061c800000, 0x000000061c800000| Untracked 
| 225|0x000000061ca00000, 0x000000061ca00000, 0x000000061cc00000|  0%| F|  |TAMS 0x000000061ca00000, 0x000000061ca00000| Untracked 
| 226|0x000000061cc00000, 0x000000061cc00000, 0x000000061ce00000|  0%| F|  |TAMS 0x000000061cc00000, 0x000000061cc00000| Untracked 
| 227|0x000000061ce00000, 0x000000061ce00000, 0x000000061d000000|  0%| F|  |TAMS 0x000000061ce00000, 0x000000061ce00000| Untracked 
| 228|0x000000061d000000, 0x000000061d000000, 0x000000061d200000|  0%| F|  |TAMS 0x000000061d000000, 0x000000061d000000| Untracked 
| 229|0x000000061d200000, 0x000000061d200000, 0x000000061d400000|  0%| F|  |TAMS 0x000000061d200000, 0x000000061d200000| Untracked 
| 230|0x000000061d400000, 0x000000061d400000, 0x000000061d600000|  0%| F|  |TAMS 0x000000061d400000, 0x000000061d400000| Untracked 
| 231|0x000000061d600000, 0x000000061d600000, 0x000000061d800000|  0%| F|  |TAMS 0x000000061d600000, 0x000000061d600000| Untracked 
| 232|0x000000061d800000, 0x000000061d8581f0, 0x000000061da00000| 17%| S|CS|TAMS 0x000000061d800000, 0x000000061d800000| Complete 
| 233|0x000000061da00000, 0x000000061dc00000, 0x000000061dc00000|100%| S|CS|TAMS 0x000000061da00000, 0x000000061da00000| Complete 
| 234|0x000000061dc00000, 0x000000061dc00000, 0x000000061de00000|  0%| F|  |TAMS 0x000000061dc00000, 0x000000061dc00000| Untracked 
| 235|0x000000061de00000, 0x000000061de00000, 0x000000061e000000|  0%| F|  |TAMS 0x000000061de00000, 0x000000061de00000| Untracked 
| 236|0x000000061e000000, 0x000000061e000000, 0x000000061e200000|  0%| F|  |TAMS 0x000000061e000000, 0x000000061e000000| Untracked 
| 237|0x000000061e200000, 0x000000061e200000, 0x000000061e400000|  0%| F|  |TAMS 0x000000061e200000, 0x000000061e200000| Untracked 
| 238|0x000000061e400000, 0x000000061e400000, 0x000000061e600000|  0%| F|  |TAMS 0x000000061e400000, 0x000000061e400000| Untracked 
| 239|0x000000061e600000, 0x000000061e600000, 0x000000061e800000|  0%| F|  |TAMS 0x000000061e600000, 0x000000061e600000| Untracked 
| 240|0x000000061e800000, 0x000000061e800000, 0x000000061ea00000|  0%| F|  |TAMS 0x000000061e800000, 0x000000061e800000| Untracked 
| 241|0x000000061ea00000, 0x000000061ead6138, 0x000000061ec00000| 41%| E|  |TAMS 0x000000061ea00000, 0x000000061ea00000| Complete 
| 242|0x000000061ec00000, 0x000000061ee00000, 0x000000061ee00000|100%| E|CS|TAMS 0x000000061ec00000, 0x000000061ec00000| Complete 
| 243|0x000000061ee00000, 0x000000061f000000, 0x000000061f000000|100%| E|CS|TAMS 0x000000061ee00000, 0x000000061ee00000| Complete 
| 244|0x000000061f000000, 0x000000061f200000, 0x000000061f200000|100%| E|CS|TAMS 0x000000061f000000, 0x000000061f000000| Complete 
| 245|0x000000061f200000, 0x000000061f400000, 0x000000061f400000|100%| E|CS|TAMS 0x000000061f200000, 0x000000061f200000| Complete 
| 246|0x000000061f400000, 0x000000061f600000, 0x000000061f600000|100%| E|CS|TAMS 0x000000061f400000, 0x000000061f400000| Complete 
| 247|0x000000061f600000, 0x000000061f800000, 0x000000061f800000|100%| E|CS|TAMS 0x000000061f600000, 0x000000061f600000| Complete 
| 248|0x000000061f800000, 0x000000061fa00000, 0x000000061fa00000|100%| E|CS|TAMS 0x000000061f800000, 0x000000061f800000| Complete 
| 249|0x000000061fa00000, 0x000000061fc00000, 0x000000061fc00000|100%| E|CS|TAMS 0x000000061fa00000, 0x000000061fa00000| Complete 
| 250|0x000000061fc00000, 0x000000061fe00000, 0x000000061fe00000|100%| E|CS|TAMS 0x000000061fc00000, 0x000000061fc00000| Complete 
| 251|0x000000061fe00000, 0x0000000620000000, 0x0000000620000000|100%| E|  |TAMS 0x000000061fe00000, 0x000000061fe00000| Complete 
| 252|0x0000000620000000, 0x0000000620200000, 0x0000000620200000|100%| E|CS|TAMS 0x0000000620000000, 0x0000000620000000| Complete 
| 253|0x0000000620200000, 0x0000000620400000, 0x0000000620400000|100%| E|CS|TAMS 0x0000000620200000, 0x0000000620200000| Complete 
| 254|0x0000000620400000, 0x0000000620600000, 0x0000000620600000|100%| E|CS|TAMS 0x0000000620400000, 0x0000000620400000| Complete 
| 255|0x0000000620600000, 0x0000000620800000, 0x0000000620800000|100%| E|CS|TAMS 0x0000000620600000, 0x0000000620600000| Complete 

Card table byte_map: [0x00000298cc7a0000,0x00000298cd7a0000] _byte_map_base: 0x00000298c979c000

Marking Bits (Prev, Next): (CMBitMap*) 0x00000298b3ae1248, (CMBitMap*) 0x00000298b3ae1280
 Prev Bits: [0x00000298ce7a0000, 0x00000298d6780000)
 Next Bits: [0x00000298d6780000, 0x00000298de760000)

Polling page: 0x00000298b2120000

Metaspace:

Usage:
  Non-class:     11.63 MB capacity,    11.43 MB ( 98%) used,   182.26 KB (  2%) free+waste,    17.31 KB ( <1%) overhead. 
      Class:      1.12 MB capacity,     1.04 MB ( 93%) used,    77.31 KB (  7%) free+waste,     6.69 KB ( <1%) overhead. 
       Both:     12.75 MB capacity,    12.48 MB ( 98%) used,   259.57 KB (  2%) free+waste,    24.00 KB ( <1%) overhead. 

Virtual space:
  Non-class space:       12.00 MB reserved,      11.75 MB ( 98%) committed 
      Class space:        1.00 GB reserved,       1.13 MB ( <1%) committed 
             Both:        1.01 GB reserved,      12.88 MB (  1%) committed 

Chunk freelists:
   Non-Class:  60.00 KB
       Class:  1.00 KB
        Both:  61.00 KB

MaxMetaspaceSize: 17179869184.00 GB
CompressedClassSpaceSize: 1.00 GB
Initial GC threshold: 20.80 MB
Current GC threshold: 20.80 MB
CDS: off

CodeHeap 'non-profiled nmethods': size=120064Kb used=765Kb max_used=765Kb free=119299Kb
 bounds [0x00000298c3c40000, 0x00000298c3eb0000, 0x00000298cb180000]
CodeHeap 'profiled nmethods': size=120000Kb used=3848Kb max_used=3848Kb free=116151Kb
 bounds [0x00000298bc710000, 0x00000298bcae0000, 0x00000298c3c40000]
CodeHeap 'non-nmethods': size=5696Kb used=1149Kb max_used=1178Kb free=4546Kb
 bounds [0x00000298bc180000, 0x00000298bc3f0000, 0x00000298bc710000]
 total_blobs=2207 nmethods=1808 adapters=312
 compilation: enabled
              stopped_count=0, restarted_count=0
 full_count=0

Compilation events (20 events):
Event: 2.039 Thread 0x00000298e1774800 nmethod 1798 0x00000298bcac7b90 code [0x00000298bcac8300, 0x00000298bcacda58]
Event: 2.039 Thread 0x00000298e1774800 1800       3       com.sun.org.apache.xerces.internal.impl.XMLEntityManager$RewindableInputStream::<init> (48 bytes)
Event: 2.040 Thread 0x00000298e1774800 nmethod 1800 0x00000298bcacf990 code [0x00000298bcacfb60, 0x00000298bcacff18]
Event: 2.040 Thread 0x00000298e1774800 1788       3       com.sun.org.apache.xerces.internal.impl.XMLDocumentScannerImpl::<init> (126 bytes)
Event: 2.040 Thread 0x00000298e1774800 nmethod 1788 0x00000298bcad0010 code [0x00000298bcad02a0, 0x00000298bcad14d8]
Event: 2.040 Thread 0x00000298e1774800 1799       3       com.sun.org.apache.xerces.internal.impl.XMLEntityManager$RewindableInputStream::reset (9 bytes)
Event: 2.040 Thread 0x00000298e1774800 nmethod 1799 0x00000298bcad1890 code [0x00000298bcad1a40, 0x00000298bcad1b38]
Event: 2.041 Thread 0x00000298e1a1b000 nmethod 1801 0x00000298c3cfb110 code [0x00000298c3cfb2c0, 0x00000298c3cfb5f8]
Event: 2.067 Thread 0x00000298e1a1b000 1802       4       java.util.LinkedHashMap::get (33 bytes)
Event: 2.073 Thread 0x00000298e1a1b000 nmethod 1802 0x00000298c3cfb790 code [0x00000298c3cfb960, 0x00000298c3cfbe78]
Event: 2.077 Thread 0x00000298e1a1b000 1803       4       com.android.tools.build.jetifier.core.type.JavaType::hashCode (17 bytes)
Event: 2.080 Thread 0x00000298e1a1b000 nmethod 1803 0x00000298c3cfc210 code [0x00000298c3cfc3a0, 0x00000298c3cfc5d8]
Event: 2.096 Thread 0x00000298e1a1b000 1804       4       com.sun.org.apache.xerces.internal.impl.XMLEntityScanner::scanLiteral (755 bytes)
Event: 2.102 Thread 0x00000298e1774800 1805       3       java.util.concurrent.locks.AbstractQueuedSynchronizer::isOnSyncQueue (33 bytes)
Event: 2.102 Thread 0x00000298e1774800 nmethod 1805 0x00000298bcad1c10 code [0x00000298bcad1de0, 0x00000298bcad2138]
Event: 2.111 Thread 0x00000298e1a1b000 nmethod 1804 0x00000298c3cfc710 code [0x00000298c3cfc900, 0x00000298c3cfd3a8]
Event: 2.124 Thread 0x00000298e1a1b000 1806       4       java.lang.ref.Cleaner$1::apply (9 bytes)
Event: 2.125 Thread 0x00000298e1a1b000 nmethod 1806 0x00000298c3cfdc10 code [0x00000298c3cfdda0, 0x00000298c3cfde38]
Event: 2.152 Thread 0x00000298e1a1b000 1807       4       java.lang.CharacterDataLatin1::toUpperCase (53 bytes)
Event: 2.152 Thread 0x00000298e1a1b000 nmethod 1807 0x00000298c3cfdf10 code [0x00000298c3cfe0a0, 0x00000298c3cfe178]

GC Heap History (6 events):
Event: 1.021 GC heap before
{Heap before GC invocations=0 (full 0):
 garbage-first heap   total 524288K, used 22528K [0x0000000600800000, 0x0000000800000000)
  region size 2048K, 12 young (24576K), 0 survivors (0K)
 Metaspace       used 11639K, capacity 11848K, committed 12160K, reserved 1060864K
  class space    used 1015K, capacity 1053K, committed 1152K, reserved 1048576K
}
Event: 1.031 GC heap after
{Heap after GC invocations=1 (full 0):
 garbage-first heap   total 524288K, used 3682K [0x0000000600800000, 0x0000000800000000)
  region size 2048K, 2 young (4096K), 2 survivors (4096K)
 Metaspace       used 11639K, capacity 11848K, committed 12160K, reserved 1060864K
  class space    used 1015K, capacity 1053K, committed 1152K, reserved 1048576K
}
Event: 1.426 GC heap before
{Heap before GC invocations=1 (full 0):
 garbage-first heap   total 524288K, used 24162K [0x0000000600800000, 0x0000000800000000)
  region size 2048K, 12 young (24576K), 2 survivors (4096K)
 Metaspace       used 12426K, capacity 12669K, committed 12672K, reserved 1060864K
  class space    used 1067K, capacity 1151K, committed 1152K, reserved 1048576K
}
Event: 1.429 GC heap after
{Heap after GC invocations=2 (full 0):
 garbage-first heap   total 524288K, used 4668K [0x0000000600800000, 0x0000000800000000)
  region size 2048K, 1 young (2048K), 1 survivors (2048K)
 Metaspace       used 12426K, capacity 12669K, committed 12672K, reserved 1060864K
  class space    used 1067K, capacity 1151K, committed 1152K, reserved 1048576K
}
Event: 1.898 GC heap before
{Heap before GC invocations=2 (full 0):
 garbage-first heap   total 524288K, used 47676K [0x0000000600800000, 0x0000000800000000)
  region size 2048K, 22 young (45056K), 1 survivors (2048K)
 Metaspace       used 12746K, capacity 12995K, committed 13184K, reserved 1060864K
  class space    used 1067K, capacity 1151K, committed 1152K, reserved 1048576K
}
Event: 1.899 GC heap after
{Heap after GC invocations=3 (full 0):
 garbage-first heap   total 524288K, used 6092K [0x0000000600800000, 0x0000000800000000)
  region size 2048K, 2 young (4096K), 2 survivors (4096K)
 Metaspace       used 12746K, capacity 12995K, committed 13184K, reserved 1060864K
  class space    used 1067K, capacity 1151K, committed 1152K, reserved 1048576K
}

Deoptimization events (20 events):
Event: 1.488 Thread 0x00000298e1fb6800 DEOPT PACKING pc=0x00000298bc9a39e2 sp=0x000000d27a1fecc0
Event: 1.488 Thread 0x00000298e1fb6800 DEOPT UNPACKING pc=0x00000298bc1ca95e sp=0x000000d27a1fe200 mode 0
Event: 1.489 Thread 0x00000298e1fbb000 DEOPT PACKING pc=0x00000298bc9a39e2 sp=0x000000d27a4feed0
Event: 1.489 Thread 0x00000298e1fbb000 DEOPT UNPACKING pc=0x00000298bc1ca95e sp=0x000000d27a4fe410 mode 0
Event: 1.491 Thread 0x00000298e1fb6800 DEOPT PACKING pc=0x00000298bc9a39e2 sp=0x000000d27a1fecc0
Event: 1.491 Thread 0x00000298e1fb6800 DEOPT UNPACKING pc=0x00000298bc1ca95e sp=0x000000d27a1fe200 mode 0
Event: 1.491 Thread 0x00000298e1fbb000 DEOPT PACKING pc=0x00000298bc9a39c1 sp=0x000000d27a4feed0
Event: 1.491 Thread 0x00000298e1fbb000 DEOPT UNPACKING pc=0x00000298bc1ca95e sp=0x000000d27a4fe410 mode 0
Event: 1.493 Thread 0x00000298e1fb6800 DEOPT PACKING pc=0x00000298bc9a39e2 sp=0x000000d27a1fecc0
Event: 1.493 Thread 0x00000298e1fb6800 DEOPT UNPACKING pc=0x00000298bc1ca95e sp=0x000000d27a1fe200 mode 0
Event: 1.510 Thread 0x00000298e1fb6800 DEOPT PACKING pc=0x00000298bc9a39e2 sp=0x000000d27a1fecc0
Event: 1.510 Thread 0x00000298e1fb6800 DEOPT UNPACKING pc=0x00000298bc1ca95e sp=0x000000d27a1fe200 mode 0
Event: 1.623 Thread 0x00000298e1f87800 Uncommon trap: trap_request=0xffffff4d fr.pc=0x00000298c3cbdd60 relative=0x0000000000001080
Event: 1.623 Thread 0x00000298e1f87800 Uncommon trap: reason=unstable_if action=reinterpret pc=0x00000298c3cbdd60 method=java.util.regex.Pattern$CharPropertyGreedy.match(Ljava/util/regex/Matcher;ILjava/lang/CharSequence;)Z @ 70 c2
Event: 1.623 Thread 0x00000298e1f87800 DEOPT PACKING pc=0x00000298c3cbdd60 sp=0x000000d27a7fee10
Event: 1.625 Thread 0x00000298e1f87800 DEOPT UNPACKING pc=0x00000298bc1ca1af sp=0x000000d27a7fedb0 mode 2
Event: 1.769 Thread 0x00000298b3a59800 DEOPT PACKING pc=0x00000298bc934b64 sp=0x000000d278dfeb40
Event: 1.769 Thread 0x00000298b3a59800 DEOPT UNPACKING pc=0x00000298bc1ca95e sp=0x000000d278dfe0e0 mode 0
Event: 1.780 Thread 0x00000298e1fb9800 DEOPT PACKING pc=0x00000298bc9830ad sp=0x000000d27a2ff120
Event: 1.781 Thread 0x00000298e1fb9800 DEOPT UNPACKING pc=0x00000298bc1ca95e sp=0x000000d27a2fe5a8 mode 0

Classes redefined (0 events):
No events

Internal exceptions (6 events):
Event: 0.389 Thread 0x00000298b3a59800 Exception <a 'java/lang/NoSuchMethodError'{0x000000062045b298}: 'int java.lang.invoke.DirectMethodHandle$Holder.invokeSpecialIFC(java.lang.Object, java.lang.Object, int)'> (0x000000062045b298) thrown at [./src/hotspot/share/interpreter/linkResolver.cpp, line 773]
Event: 0.989 Thread 0x00000298e1fb6000 Exception <a 'java/lang/NoSuchMethodError'{0x000000061f278a78}: 'java.lang.Object java.lang.invoke.DirectMethodHandle$Holder.invokeStatic(java.lang.Object, java.lang.Object, java.lang.Object, java.lang.Object, java.lang.Object, java.lang.Object, java.lang.Object, java.lang.Object, java.lang.Object, java.lang.Object, java.lang.Object, java.lang.Object, java.lang.Object, java.lang.Object, java.lang.Object)'> (0x000000061f278a78) thrown at [./src/hotspot/share/interpreter/linkResolver.cpp, line 773]
Event: 0.991 Thread 0x00000298e1fb6000 Exception <a 'java/lang/NoSuchMethodError'{0x000000061f086b70}: 'java.lang.Object java.lang.invoke.DirectMethodHandle$Holder.invokeStatic(java.lang.Object, java.lang.Object, java.lang.Object, java.lang.Object, java.lang.Object, java.lang.Object, java.lang.Object, java.lang.Object, java.lang.Object, java.lang.Object, java.lang.Object, java.lang.Object, java.lang.Object, java.lang.Object, java.lang.Object, java.lang.Object)'> (0x000000061f086b70) thrown at [./src/hotspot/share/interpreter/linkResolver.cpp, l
Event: 0.993 Thread 0x00000298e1fb6000 Exception <a 'java/lang/NoSuchMethodError'{0x000000061f095e10}: 'java.lang.Object java.lang.invoke.DirectMethodHandle$Holder.invokeSpecial(java.lang.Object, java.lang.Object, int, int, java.lang.Object, java.lang.Object, java.lang.Object)'> (0x000000061f095e10) thrown at [./src/hotspot/share/interpreter/linkResolver.cpp, line 773]
Event: 0.993 Thread 0x00000298e1fb6000 Exception <a 'java/lang/NoSuchMethodError'{0x000000061f0993a0}: 'java.lang.Object java.lang.invoke.DelegatingMethodHandle$Holder.reinvoke_L(java.lang.Object, int, int, java.lang.Object, java.lang.Object, java.lang.Object)'> (0x000000061f0993a0) thrown at [./src/hotspot/share/interpreter/linkResolver.cpp, line 773]
Event: 0.994 Thread 0x00000298e1fb6000 Exception <a 'java/lang/NoSuchMethodError'{0x000000061f09d820}: 'java.lang.Object java.lang.invoke.DirectMethodHandle$Holder.invokeStatic(java.lang.Object, java.lang.Object, java.lang.Object, java.lang.Object, int)'> (0x000000061f09d820) thrown at [./src/hotspot/share/interpreter/linkResolver.cpp, line 773]

Events (20 events):
Event: 1.082 Executing VM operation: RevokeBias
Event: 1.082 Executing coalesced safepoint VM operation: RevokeBias
Event: 1.082 Executing coalesced safepoint VM operation: RevokeBias done
Event: 1.082 Executing VM operation: RevokeBias done
Event: 1.083 Executing VM operation: RevokeBias
Event: 1.083 Executing coalesced safepoint VM operation: RevokeBias
Event: 1.083 Executing coalesced safepoint VM operation: RevokeBias done
Event: 1.083 Executing coalesced safepoint VM operation: BulkRevokeBias
Event: 1.083 Executing coalesced safepoint VM operation: BulkRevokeBias done
Event: 1.083 Executing VM operation: RevokeBias done
Event: 1.099 Executing VM operation: RevokeBias
Event: 1.100 Executing VM operation: RevokeBias done
Event: 1.426 Executing VM operation: G1CollectForAllocation
Event: 1.429 Executing VM operation: G1CollectForAllocation done
Event: 1.518 Executing VM operation: RevokeBias
Event: 1.519 Executing VM operation: RevokeBias done
Event: 1.859 Loaded shared library C:\Program Files\Microsoft\jdk-11.0.12.7-hotspot\bin\nio.dll
Event: 1.898 Executing VM operation: G1CollectForAllocation
Event: 1.899 Executing VM operation: G1CollectForAllocation done
Event: 1.909 Loaded shared library C:\Program Files\Microsoft\jdk-11.0.12.7-hotspot\bin\java.dll


Dynamic libraries:
0x00007ff77c450000 - 0x00007ff77c45d000 	C:\Program Files\Microsoft\jdk-11.0.12.7-hotspot\bin\java.exe
0x00007ff822390000 - 0x00007ff822585000 	C:\Windows\SYSTEM32\ntdll.dll
0x00007ff821ea0000 - 0x00007ff821f5d000 	C:\Windows\System32\KERNEL32.DLL
0x00007ff81fde0000 - 0x00007ff8200ad000 	C:\Windows\System32\KERNELBASE.dll
0x00007ff81fbe0000 - 0x00007ff81fce0000 	C:\Windows\System32\ucrtbase.dll
0x00007ff80edd0000 - 0x00007ff80ede5000 	C:\Program Files\Microsoft\jdk-11.0.12.7-hotspot\bin\VCRUNTIME140.dll
0x00007ff80edb0000 - 0x00007ff80edc7000 	C:\Program Files\Microsoft\jdk-11.0.12.7-hotspot\bin\jli.dll
0x00007ff821f60000 - 0x00007ff822100000 	C:\Windows\System32\USER32.dll
0x00007ff8203b0000 - 0x00007ff8203d2000 	C:\Windows\System32\win32u.dll
0x00007ff814340000 - 0x00007ff8145da000 	C:\Windows\WinSxS\amd64_microsoft.windows.common-controls_6595b64144ccf1df_6.0.19041.1110_none_60b5254171f9507e\COMCTL32.dll
0x00007ff820db0000 - 0x00007ff820e4e000 	C:\Windows\System32\msvcrt.dll
0x00007ff821430000 - 0x00007ff82145a000 	C:\Windows\System32\GDI32.dll
0x00007ff8202a0000 - 0x00007ff8203ab000 	C:\Windows\System32\gdi32full.dll
0x00007ff81faa0000 - 0x00007ff81fb3d000 	C:\Windows\System32\msvcp_win.dll
0x00007ff821e10000 - 0x00007ff821e40000 	C:\Windows\System32\IMM32.DLL
0x00007ff802290000 - 0x00007ff80232b000 	C:\Program Files\Microsoft\jdk-11.0.12.7-hotspot\bin\msvcp140.dll
0x00007fffeb880000 - 0x00007fffec3e1000 	C:\Program Files\Microsoft\jdk-11.0.12.7-hotspot\bin\server\jvm.dll
0x00007ff821d00000 - 0x00007ff821dae000 	C:\Windows\System32\ADVAPI32.dll
0x00007ff820e50000 - 0x00007ff820eec000 	C:\Windows\System32\sechost.dll
0x00007ff8204f0000 - 0x00007ff820615000 	C:\Windows\System32\RPCRT4.dll
0x00007ff820da0000 - 0x00007ff820da8000 	C:\Windows\System32\PSAPI.DLL
0x00007ff811a70000 - 0x00007ff811a79000 	C:\Windows\SYSTEM32\WSOCK32.dll
0x00007ff821c90000 - 0x00007ff821cfb000 	C:\Windows\System32\WS2_32.dll
0x00007ff815300000 - 0x00007ff815327000 	C:\Windows\SYSTEM32\WINMM.dll
0x00007ff8199b0000 - 0x00007ff8199ba000 	C:\Windows\SYSTEM32\VERSION.dll
0x00007ff81d8e0000 - 0x00007ff81d8f2000 	C:\Windows\SYSTEM32\kernel.appcore.dll
0x00007ff81b090000 - 0x00007ff81b0a0000 	C:\Program Files\Microsoft\jdk-11.0.12.7-hotspot\bin\verify.dll
0x00007ff811cf0000 - 0x00007ff811ed4000 	C:\Windows\SYSTEM32\DBGHELP.DLL
0x00007ff811a80000 - 0x00007ff811aac000 	C:\Windows\SYSTEM32\dbgcore.DLL
0x00007ff820210000 - 0x00007ff820292000 	C:\Windows\System32\bcryptPrimitives.dll
0x00007ff80ed80000 - 0x00007ff80eda8000 	C:\Program Files\Microsoft\jdk-11.0.12.7-hotspot\bin\java.dll
0x00007ff81ae90000 - 0x00007ff81ae9a000 	C:\Program Files\Microsoft\jdk-11.0.12.7-hotspot\bin\jimage.dll
0x00007ff804990000 - 0x00007ff8049a7000 	C:\Program Files\Microsoft\jdk-11.0.12.7-hotspot\bin\zip.dll
0x00007ff821540000 - 0x00007ff821c84000 	C:\Windows\System32\SHELL32.dll
0x00007ff81dbc0000 - 0x00007ff81e354000 	C:\Windows\SYSTEM32\windows.storage.dll
0x00007ff8208f0000 - 0x00007ff820c44000 	C:\Windows\System32\combase.dll
0x00007ff81f500000 - 0x00007ff81f52c000 	C:\Windows\SYSTEM32\Wldp.dll
0x00007ff820440000 - 0x00007ff8204ed000 	C:\Windows\System32\SHCORE.dll
0x00007ff821e40000 - 0x00007ff821e95000 	C:\Windows\System32\shlwapi.dll
0x00007ff81f9e0000 - 0x00007ff81f9ff000 	C:\Windows\SYSTEM32\profapi.dll
0x00007ff804970000 - 0x00007ff804989000 	C:\Program Files\Microsoft\jdk-11.0.12.7-hotspot\bin\net.dll
0x00007ff817f60000 - 0x00007ff81806a000 	C:\Windows\SYSTEM32\WINHTTP.dll
0x00007ff81f260000 - 0x00007ff81f2ca000 	C:\Windows\system32\mswsock.dll
0x00007ff804810000 - 0x00007ff804822000 	C:\Program Files\Microsoft\jdk-11.0.12.7-hotspot\bin\nio.dll

dbghelp: loaded successfully - version: 4.0.5 - missing functions: none
symbol engine: initialized successfully - sym options: 0x614 - pdb path: .;C:\Program Files\Microsoft\jdk-11.0.12.7-hotspot\bin;C:\Windows\SYSTEM32;C:\Windows\WinSxS\amd64_microsoft.windows.common-controls_6595b64144ccf1df_6.0.19041.1110_none_60b5254171f9507e;C:\Program Files\Microsoft\jdk-11.0.12.7-hotspot\bin\server

VM Arguments:
java_command: com.xamarin.androidx.jetifierWrapper.Main -intermediate obj\Release\110\androidx\_AndroidXJetifyEmbeddedFiles.jetify -parallel
java_class_path (initial): C:\Users\djsha\.nuget\packages\xamarin.androidx.migration\1.0.8\buildTransitive\monoandroid90\Tools/JetifierWrapper/jetifierWrapper-1.0.jar
Launcher Type: SUN_STANDARD

[Global flags]
     intx CICompilerCount                          = 3                                         {product} {ergonomic}
     uint ConcGCThreads                            = 1                                         {product} {ergonomic}
     uint G1ConcRefinementThreads                  = 4                                         {product} {ergonomic}
   size_t G1HeapRegionSize                         = 2097152                                   {product} {ergonomic}
    uintx GCDrainStackTargetSize                   = 64                                        {product} {ergonomic}
   size_t InitialHeapSize                          = 536870912                                 {product} {ergonomic}
   size_t MarkStackSize                            = 4194304                                   {product} {ergonomic}
   size_t MaxHeapSize                              = 8581545984                                {product} {ergonomic}
   size_t MaxNewSize                               = 5148508160                                {product} {ergonomic}
   size_t MinHeapDeltaBytes                        = 2097152                                   {product} {ergonomic}
    uintx NonNMethodCodeHeapSize                   = 5830732                                {pd product} {ergonomic}
    uintx NonProfiledCodeHeapSize                  = 122913754                              {pd product} {ergonomic}
    uintx ProfiledCodeHeapSize                     = 122913754                              {pd product} {ergonomic}
    uintx ReservedCodeCacheSize                    = 251658240                              {pd product} {ergonomic}
     bool SegmentedCodeCache                       = true                                      {product} {ergonomic}
     bool UseCompressedClassPointers               = true                                 {lp64_product} {ergonomic}
     bool UseCompressedOops                        = true                                 {lp64_product} {ergonomic}
     bool UseG1GC                                  = true                                      {product} {ergonomic}
     bool UseLargePagesIndividualAllocation        = false                                  {pd product} {ergonomic}

Logging:
Log output configuration:
 #0: stdout all=warning uptime,level,tags
 #1: stderr all=off uptime,level,tags

Environment Variables:
PATH=C:\Program Files\Microsoft\jdk-11.0.12.7-hotspot\bin;C:\Program Files\Eclipse Foundation\jdk-8.0.302.8-hotspot\bin;C:\Program Files\Common Files\Oracle\Java\javapath;C:\Program Files (x86)\Common Files\Oracle\Java\javapath;C:\Windows\system32;C:\Windows;C:\Windows\System32\Wbem;C:\Windows\System32\WindowsPowerShell\v1.0\;C:\Windows\System32\OpenSSH\;C:\Program Files\Git\cmd;C:\Program Files\nodejs\;C:\Users\djsha\AppData\Local\Android\Sdk\platform-tools;C:\Users\djsha\AppData\Local\Android\Sdk\ndk\24.0.8215888;C:\Program Files (x86)\Microsoft SQL Server\150\DTS\Binn\;C:\Program Files\Azure Data Studio\bin;C:\Program Files\3D Space\TopoLT V13\;C:\Program Files\Microsoft SQL Server\130\Tools\Binn\;C:\Program Files\Microsoft SQL Server\150\Tools\Binn\;C:\Program Files\Microsoft SQL Server\Client SDK\ODBC\170\Tools\Binn\;C:\Program Files\dotnet\;C:\Users\djsha\AppData\Local\Microsoft\WindowsApps;C:\Users\djsha\AppData\Local\Programs\Microsoft VS Code\bin;C:\Users\djsha\.dotnet\tools;C:\Users\djsha\AppData\Roaming\npm;C:\Users\djsha\AppData\Local\Android\Sdk;C:\Users\djsha\AppData\Local\Android\Sdk\ndk\24.0.8215888;C:\Program Files\Azure Data Studio\bin;
USERNAME=djsha
OS=Windows_NT
PROCESSOR_IDENTIFIER=Intel64 Family 6 Model 158 Stepping 9, GenuineIntel



---------------  S Y S T E M  ---------------

OS: Windows 10 , 64 bit Build 19041 (10.0.19041.1706)
OS uptime: 4 days 4:43 hours

CPU:total 4 (initial active 4) (4 cores per cpu, 1 threads per core) family 6 model 158 stepping 9 microcode 0xb4, cmov, cx8, fxsr, mmx, sse, sse2, sse3, ssse3, sse4.1, sse4.2, popcnt, avx, avx2, aes, clmul, erms, 3dnowpref, lzcnt, tsc, tscinvbit, bmi1, bmi2, adx, fma

Memory: 4k page, system-wide physical 32730M (7208M free)
TotalPageFile size 36826M (AvailPageFile size 5M)
current process WorkingSet (physical memory assigned to process): 132M, peak: 135M
current process commit charge ("private bytes"): 632M, peak: 633M

vm_info: OpenJDK 64-Bit Server VM (11.0.12+7) for windows-amd64 JRE (11.0.12+7), built on Jul 21 2021 15:41:43 by "" with unknown MS VC++:1916

END.
