#
# There is insufficient memory for the Java Runtime Environment to continue.
# Native memory allocation (mmap) failed to map 182452224 bytes for Failed to commit area from 0x000000060c400000 to 0x0000000617200000 of length 182452224.
# Possible reasons:
#   The system is out of physical RAM or swap space
#   The process is running with CompressedOops enabled, and the Java Heap may be blocking the growth of the native heap
# Possible solutions:
#   Reduce memory load on the system
#   Increase physical memory or swap space
#   Check if swap backing store is full
#   Decrease Java heap size (-Xmx/-Xms)
#   Decrease number of Java threads
#   Decrease Java thread stack sizes (-Xss)
#   Set larger code cache with -XX:ReservedCodeCacheSize=
#   JVM is running with Zero Based Compressed Oops mode in which the Java heap is
#     placed in the first 32GB address space. The Java Heap base address is the
#     maximum limit for the native heap growth. Please use -XX:HeapBaseMinAddress
#     to set the Java Heap base and to place the Java Heap above 32GB virtual address.
# This output file may be truncated or incomplete.
#
#  Out of Memory Error (./src/hotspot/os/windows/os_windows.cpp:3380), pid=13516, tid=10180
#
# JRE version: OpenJDK Runtime Environment Microsoft-25199 (11.0.12+7) (build 11.0.12+7)
# Java VM: OpenJDK 64-Bit Server VM Microsoft-25199 (11.0.12+7, mixed mode, tiered, compressed oops, g1 gc, windows-amd64)
# No core dump will be written. Minidumps are not enabled by default on client versions of Windows
#

---------------  S U M M A R Y ------------

Command Line: -Dapplication.home=C:\Program Files\Microsoft\jdk-11.0.12.7-hotspot --add-modules=ALL-DEFAULT -Xms8m -Dfile.encoding=UTF8 -Djdk.module.main=jdk.compiler jdk.compiler/com.sun.tools.javac.Main @C:\Users\djsha\AppData\Local\Temp\tmp7DFF.tmp -target 1.8 -source 1.8

Host: Intel(R) Core(TM) i5-7400 CPU @ 3.00GHz, 4 cores, 31G,  Windows 10 , 64 bit Build 19041 (10.0.19041.1706)
Time: Thu Jun  2 21:54:46 2022 GTB Summer Time elapsed time: 4.872181 seconds (0d 0h 0m 4s)

---------------  T H R E A D  ---------------

Current thread (0x000001cdb5776800):  VMThread "VM Thread" [stack: 0x0000001904f00000,0x0000001905000000] [id=10180]

Stack: [0x0000001904f00000,0x0000001905000000]
[error occurred during error reporting (printing stack bounds), id 0xc0000005, EXCEPTION_ACCESS_VIOLATION (0xc0000005) at pc=0x000001cd90a8112d]

Native frames: (J=compiled Java code, j=interpreted, Vv=VM code, C=native code)
V  [jvm.dll+0x6090fa]
V  [jvm.dll+0x79229e]
V  [jvm.dll+0x79396f]
V  [jvm.dll+0x793f95]
V  [jvm.dll+0x793f4b]
V  [jvm.dll+0x608487]
V  [jvm.dll+0x608b98]
C  [ntdll.dll+0xa209f]
C  [ntdll.dll+0x51454]
C  [ntdll.dll+0xa0bce]
C  0x000001cd90a8112d

VM_Operation (0x00000019049fe480): G1CollectForAllocation, mode: safepoint, requested by thread 0x000001cd88339000


---------------  P R O C E S S  ---------------

Threads class SMR info:
_java_thread_list=0x000001cdb6591ac0, length=11, elements={
0x000001cd88339000, 0x000001cdb57b0800, 0x000001cdb57ba000, 0x000001cdb57ab800,
0x000001cdb57ac800, 0x000001cdb57ad800, 0x000001cdb57be800, 0x000001cdb60e4800,
0x000001cdb60e5800, 0x000001cdb6296800, 0x000001cdb6538800
}

Java Threads: ( => current thread )
  0x000001cd88339000 JavaThread "main" [_thread_blocked, id=4420, stack(0x0000001904900000,0x0000001904a00000)]
  0x000001cdb57b0800 JavaThread "Reference Handler" daemon [_thread_blocked, id=10008, stack(0x0000001905000000,0x0000001905100000)]
  0x000001cdb57ba000 JavaThread "Finalizer" daemon [_thread_blocked, id=6604, stack(0x0000001905100000,0x0000001905200000)]
  0x000001cdb57ab800 JavaThread "Signal Dispatcher" daemon [_thread_blocked, id=16820, stack(0x0000001905200000,0x0000001905300000)]
  0x000001cdb57ac800 JavaThread "Attach Listener" daemon [_thread_blocked, id=29508, stack(0x0000001905300000,0x0000001905400000)]
  0x000001cdb57ad800 JavaThread "Service Thread" daemon [_thread_blocked, id=2064, stack(0x0000001905400000,0x0000001905500000)]
  0x000001cdb57be800 JavaThread "C2 CompilerThread0" daemon [_thread_in_native, id=22492, stack(0x0000001905500000,0x0000001905600000)]
  0x000001cdb60e4800 JavaThread "C1 CompilerThread0" daemon [_thread_blocked, id=20092, stack(0x0000001905600000,0x0000001905700000)]
  0x000001cdb60e5800 JavaThread "Sweeper thread" daemon [_thread_blocked, id=528, stack(0x0000001905700000,0x0000001905800000)]
  0x000001cdb6296800 JavaThread "Common-Cleaner" daemon [_thread_blocked, id=26980, stack(0x0000001905800000,0x0000001905900000)]
  0x000001cdb6538800 JavaThread "C2 CompilerThread1" daemon [_thread_blocked, id=8264, stack(0x0000001905b00000,0x0000001905c00000)]

Other Threads:
=>0x000001cdb5776800 VMThread "VM Thread" [stack: 0x0000001904f00000,0x0000001905000000] [id=10180]
  0x000001cdb6348000 WatcherThread [stack: 0x0000001905900000,0x0000001905a00000] [id=11188]
  0x000001cd88351800 GCTaskThread "GC Thread#0" [stack: 0x0000001904a00000,0x0000001904b00000] [id=30328]
  0x000001cdb6453800 GCTaskThread "GC Thread#1" [stack: 0x0000001905a00000,0x0000001905b00000] [id=324]
  0x000001cdb9d52800 GCTaskThread "GC Thread#2" [stack: 0x0000001905d00000,0x0000001905e00000] [id=19260]
  0x000001cdb957d800 GCTaskThread "GC Thread#3" [stack: 0x0000001905e00000,0x0000001905f00000] [id=8288]
  0x000001cd88407000 ConcurrentGCThread "G1 Main Marker" [stack: 0x0000001904b00000,0x0000001904c00000] [id=3588]
  0x000001cd88408800 ConcurrentGCThread "G1 Conc#0" [stack: 0x0000001904c00000,0x0000001904d00000] [id=22720]
  0x000001cdb55d7800 ConcurrentGCThread "G1 Refine#0" [stack: 0x0000001904d00000,0x0000001904e00000] [id=8588]
  0x000001cdb743c800 ConcurrentGCThread "G1 Refine#1" [stack: 0x0000001905c00000,0x0000001905d00000] [id=27960]
  0x000001cdb9ed9000 ConcurrentGCThread "G1 Refine#2" [stack: 0x0000001905f00000,0x0000001906000000] [id=29448]
  0x000001cdb55da000 ConcurrentGCThread "G1 Young RemSet Sampling" [stack: 0x0000001904e00000,0x0000001904f00000] [id=4104]

Threads with active compile tasks:
C2 CompilerThread0   4881 4358       4       com.sun.tools.javac.comp.TransTypes::addBridgeIfNeeded (251 bytes)
C2 CompilerThread1   4881 4428       4       com.sun.tools.javac.code.Types$5::visitClassType (387 bytes)

VM state:at safepoint (normal execution)

VM Mutex/Monitor currently owned by a thread:  ([mutex/lock_event])
[0x000001cd88335250] Threads_lock - owner thread: 0x000001cdb5776800
[0x000001cd883356d0] Heap_lock - owner thread: 0x000001cd88339000

Heap address: 0x0000000600800000, size: 8184 MB, Compressed Oops mode: Zero based, Oop shift amount: 3
Narrow klass base: 0x0000000800000000, Narrow klass shift: 0
Compressed class space size: 1073741824 Address: 0x0000000800000000

Heap:
 garbage-first heap   total 370688K, used 86736K [0x0000000600800000, 0x0000000800000000)
  region size 1024K, 5 young (5120K), 5 survivors (5120K)
 Metaspace       used 18255K, capacity 18582K, committed 18816K, reserved 1067008K
  class space    used 1695K, capacity 1821K, committed 1920K, reserved 1048576K
Heap Regions: E=young(eden), S=young(survivor), O=old, HS=humongous(starts), HC=humongous(continues), CS=collection set, F=free, A=archive, TAMS=top-at-mark-start (previous, next)
|   0|0x0000000600800000, 0x0000000600900000, 0x0000000600900000|100%| O|  |TAMS 0x0000000600900000, 0x0000000600800000| Untracked 
|   1|0x0000000600900000, 0x0000000600a00000, 0x0000000600a00000|100%| O|  |TAMS 0x0000000600a00000, 0x0000000600900000| Untracked 
|   2|0x0000000600a00000, 0x0000000600b00000, 0x0000000600b00000|100%| O|  |TAMS 0x0000000600b00000, 0x0000000600a00000| Untracked 
|   3|0x0000000600b00000, 0x0000000600c00000, 0x0000000600c00000|100%| O|  |TAMS 0x0000000600c00000, 0x0000000600b00000| Untracked 
|   4|0x0000000600c00000, 0x0000000600d00000, 0x0000000600d00000|100%| O|  |TAMS 0x0000000600d00000, 0x0000000600c00000| Untracked 
|   5|0x0000000600d00000, 0x0000000600e00000, 0x0000000600e00000|100%| O|  |TAMS 0x0000000600e00000, 0x0000000600d00000| Untracked 
|   6|0x0000000600e00000, 0x0000000600f00000, 0x0000000600f00000|100%| O|  |TAMS 0x0000000600f00000, 0x0000000600e00000| Untracked 
|   7|0x0000000600f00000, 0x0000000601000000, 0x0000000601000000|100%| O|  |TAMS 0x0000000601000000, 0x0000000600f00000| Untracked 
|   8|0x0000000601000000, 0x0000000601100000, 0x0000000601100000|100%| O|  |TAMS 0x0000000601100000, 0x0000000601000000| Untracked 
|   9|0x0000000601100000, 0x0000000601200000, 0x0000000601200000|100%| O|  |TAMS 0x0000000601200000, 0x0000000601100000| Untracked 
|  10|0x0000000601200000, 0x0000000601300000, 0x0000000601300000|100%| O|  |TAMS 0x0000000601300000, 0x0000000601200000| Untracked 
|  11|0x0000000601300000, 0x0000000601400000, 0x0000000601400000|100%|HS|  |TAMS 0x0000000601400000, 0x0000000601300000| Complete 
|  12|0x0000000601400000, 0x0000000601500000, 0x0000000601500000|100%| O|  |TAMS 0x0000000601500000, 0x0000000601400000| Untracked 
|  13|0x0000000601500000, 0x0000000601600000, 0x0000000601600000|100%|HS|  |TAMS 0x0000000601600000, 0x0000000601500000| Complete 
|  14|0x0000000601600000, 0x0000000601700000, 0x0000000601700000|100%|HC|  |TAMS 0x0000000601700000, 0x0000000601600000| Complete 
|  15|0x0000000601700000, 0x0000000601800000, 0x0000000601800000|100%|HC|  |TAMS 0x0000000601800000, 0x0000000601700000| Complete 
|  16|0x0000000601800000, 0x0000000601900000, 0x0000000601900000|100%| O|  |TAMS 0x0000000601900000, 0x0000000601800000| Untracked 
|  17|0x0000000601900000, 0x0000000601a00000, 0x0000000601a00000|100%| O|  |TAMS 0x0000000601a00000, 0x0000000601900000| Untracked 
|  18|0x0000000601a00000, 0x0000000601b00000, 0x0000000601b00000|100%|HS|  |TAMS 0x0000000601b00000, 0x0000000601a00000| Complete 
|  19|0x0000000601b00000, 0x0000000601c00000, 0x0000000601c00000|100%|HC|  |TAMS 0x0000000601c00000, 0x0000000601b00000| Complete 
|  20|0x0000000601c00000, 0x0000000601d00000, 0x0000000601d00000|100%|HC|  |TAMS 0x0000000601d00000, 0x0000000601c00000| Complete 
|  21|0x0000000601d00000, 0x0000000601e00000, 0x0000000601e00000|100%|HC|  |TAMS 0x0000000601e00000, 0x0000000601d00000| Complete 
|  22|0x0000000601e00000, 0x0000000601f00000, 0x0000000601f00000|100%|HC|  |TAMS 0x0000000601f00000, 0x0000000601e00000| Complete 
|  23|0x0000000601f00000, 0x0000000602000000, 0x0000000602000000|100%| O|  |TAMS 0x0000000602000000, 0x0000000601f00000| Untracked 
|  24|0x0000000602000000, 0x0000000602100000, 0x0000000602100000|100%|HS|  |TAMS 0x0000000602100000, 0x0000000602000000| Complete 
|  25|0x0000000602100000, 0x0000000602200000, 0x0000000602200000|100%|HC|  |TAMS 0x0000000602200000, 0x0000000602100000| Complete 
|  26|0x0000000602200000, 0x0000000602300000, 0x0000000602300000|100%| O|  |TAMS 0x0000000602300000, 0x0000000602200000| Untracked 
|  27|0x0000000602300000, 0x0000000602400000, 0x0000000602400000|100%| O|  |TAMS 0x0000000602400000, 0x0000000602300000| Untracked 
|  28|0x0000000602400000, 0x0000000602500000, 0x0000000602500000|100%| O|  |TAMS 0x0000000602500000, 0x0000000602400000| Untracked 
|  29|0x0000000602500000, 0x0000000602600000, 0x0000000602600000|100%| O|  |TAMS 0x0000000602600000, 0x0000000602500000| Untracked 
|  30|0x0000000602600000, 0x0000000602700000, 0x0000000602700000|100%| O|  |TAMS 0x0000000602700000, 0x0000000602600000| Untracked 
|  31|0x0000000602700000, 0x0000000602800000, 0x0000000602800000|100%| O|  |TAMS 0x0000000602700000, 0x0000000602700000| Untracked 
|  32|0x0000000602800000, 0x0000000602900000, 0x0000000602900000|100%| O|  |TAMS 0x0000000602900000, 0x0000000602800000| Untracked 
|  33|0x0000000602900000, 0x0000000602a00000, 0x0000000602a00000|100%| O|  |TAMS 0x0000000602a00000, 0x0000000602900000| Untracked 
|  34|0x0000000602a00000, 0x0000000602b00000, 0x0000000602b00000|100%| O|  |TAMS 0x0000000602b00000, 0x0000000602a00000| Untracked 
|  35|0x0000000602b00000, 0x0000000602c00000, 0x0000000602c00000|100%| O|  |TAMS 0x0000000602c00000, 0x0000000602b00000| Untracked 
|  36|0x0000000602c00000, 0x0000000602d00000, 0x0000000602d00000|100%| O|  |TAMS 0x0000000602d00000, 0x0000000602c00000| Untracked 
|  37|0x0000000602d00000, 0x0000000602e00000, 0x0000000602e00000|100%| O|  |TAMS 0x0000000602e00000, 0x0000000602d00000| Untracked 
|  38|0x0000000602e00000, 0x0000000602f00000, 0x0000000602f00000|100%| O|  |TAMS 0x0000000602f00000, 0x0000000602e00000| Untracked 
|  39|0x0000000602f00000, 0x0000000603000000, 0x0000000603000000|100%| O|  |TAMS 0x0000000603000000, 0x0000000602f00000| Untracked 
|  40|0x0000000603000000, 0x0000000603100000, 0x0000000603100000|100%| O|  |TAMS 0x0000000603100000, 0x0000000603000000| Untracked 
|  41|0x0000000603100000, 0x0000000603200000, 0x0000000603200000|100%| O|  |TAMS 0x0000000603200000, 0x0000000603100000| Untracked 
|  42|0x0000000603200000, 0x0000000603300000, 0x0000000603300000|100%| O|  |TAMS 0x0000000603300000, 0x0000000603200000| Untracked 
|  43|0x0000000603300000, 0x0000000603400000, 0x0000000603400000|100%| O|  |TAMS 0x0000000603400000, 0x0000000603300000| Untracked 
|  44|0x0000000603400000, 0x0000000603500000, 0x0000000603500000|100%| O|  |TAMS 0x0000000603500000, 0x0000000603400000| Untracked 
|  45|0x0000000603500000, 0x0000000603600000, 0x0000000603600000|100%| O|  |TAMS 0x0000000603600000, 0x0000000603500000| Untracked 
|  46|0x0000000603600000, 0x0000000603700000, 0x0000000603700000|100%| O|  |TAMS 0x0000000603700000, 0x0000000603600000| Untracked 
|  47|0x0000000603700000, 0x0000000603800000, 0x0000000603800000|100%| O|  |TAMS 0x0000000603800000, 0x0000000603700000| Untracked 
|  48|0x0000000603800000, 0x0000000603900000, 0x0000000603900000|100%| O|  |TAMS 0x0000000603900000, 0x0000000603800000| Untracked 
|  49|0x0000000603900000, 0x0000000603a00000, 0x0000000603a00000|100%| O|  |TAMS 0x0000000603a00000, 0x0000000603900000| Untracked 
|  50|0x0000000603a00000, 0x0000000603b00000, 0x0000000603b00000|100%| O|  |TAMS 0x0000000603b00000, 0x0000000603a00000| Untracked 
|  51|0x0000000603b00000, 0x0000000603c00000, 0x0000000603c00000|100%| O|  |TAMS 0x0000000603c00000, 0x0000000603b00000| Untracked 
|  52|0x0000000603c00000, 0x0000000603d00000, 0x0000000603d00000|100%| O|  |TAMS 0x0000000603d00000, 0x0000000603c00000| Untracked 
|  53|0x0000000603d00000, 0x0000000603e00000, 0x0000000603e00000|100%| O|  |TAMS 0x0000000603e00000, 0x0000000603d00000| Untracked 
|  54|0x0000000603e00000, 0x0000000603f00000, 0x0000000603f00000|100%| O|  |TAMS 0x0000000603f00000, 0x0000000603e00000| Untracked 
|  55|0x0000000603f00000, 0x0000000604000000, 0x0000000604000000|100%| O|  |TAMS 0x0000000604000000, 0x0000000603f00000| Untracked 
|  56|0x0000000604000000, 0x0000000604100000, 0x0000000604100000|100%| O|  |TAMS 0x0000000604100000, 0x0000000604000000| Untracked 
|  57|0x0000000604100000, 0x0000000604200000, 0x0000000604200000|100%| O|  |TAMS 0x0000000604200000, 0x0000000604100000| Untracked 
|  58|0x0000000604200000, 0x0000000604300000, 0x0000000604300000|100%| O|  |TAMS 0x0000000604300000, 0x0000000604200000| Untracked 
|  59|0x0000000604300000, 0x0000000604400000, 0x0000000604400000|100%| O|  |TAMS 0x0000000604400000, 0x0000000604300000| Untracked 
|  60|0x0000000604400000, 0x0000000604500000, 0x0000000604500000|100%| O|  |TAMS 0x0000000604480000, 0x0000000604400000| Untracked 
|  61|0x0000000604500000, 0x0000000604600000, 0x0000000604600000|100%|HS|  |TAMS 0x0000000604500000, 0x0000000604500000| Complete 
|  62|0x0000000604600000, 0x0000000604700000, 0x0000000604700000|100%|HC|  |TAMS 0x0000000604600000, 0x0000000604600000| Complete 
|  63|0x0000000604700000, 0x0000000604800000, 0x0000000604800000|100%| O|  |TAMS 0x0000000604700000, 0x0000000604700000| Untracked 
|  64|0x0000000604800000, 0x0000000604900000, 0x0000000604900000|100%| O|  |TAMS 0x0000000604800000, 0x0000000604800000| Untracked 
|  65|0x0000000604900000, 0x0000000604a00000, 0x0000000604a00000|100%| O|  |TAMS 0x0000000604900000, 0x0000000604900000| Untracked 
|  66|0x0000000604a00000, 0x0000000604b00000, 0x0000000604b00000|100%| O|  |TAMS 0x0000000604a00000, 0x0000000604a00000| Untracked 
|  67|0x0000000604b00000, 0x0000000604c00000, 0x0000000604c00000|100%| O|  |TAMS 0x0000000604b00000, 0x0000000604b00000| Untracked 
|  68|0x0000000604c00000, 0x0000000604d00000, 0x0000000604d00000|100%| O|  |TAMS 0x0000000604c00000, 0x0000000604c00000| Untracked 
|  69|0x0000000604d00000, 0x0000000604e00000, 0x0000000604e00000|100%| O|  |TAMS 0x0000000604d00000, 0x0000000604d00000| Untracked 
|  70|0x0000000604e00000, 0x0000000604f00000, 0x0000000604f00000|100%| O|  |TAMS 0x0000000604e00000, 0x0000000604e00000| Untracked 
|  71|0x0000000604f00000, 0x0000000605000000, 0x0000000605000000|100%| O|  |TAMS 0x0000000604f00000, 0x0000000604f00000| Untracked 
|  72|0x0000000605000000, 0x0000000605100000, 0x0000000605100000|100%| O|  |TAMS 0x0000000605000000, 0x0000000605000000| Untracked 
|  73|0x0000000605100000, 0x0000000605200000, 0x0000000605200000|100%| O|  |TAMS 0x0000000605100000, 0x0000000605100000| Untracked 
|  74|0x0000000605200000, 0x0000000605300000, 0x0000000605300000|100%| O|  |TAMS 0x0000000605200000, 0x0000000605200000| Untracked 
|  75|0x0000000605300000, 0x0000000605400000, 0x0000000605400000|100%| O|  |TAMS 0x0000000605300000, 0x0000000605300000| Untracked 
|  76|0x0000000605400000, 0x0000000605500000, 0x0000000605500000|100%| O|  |TAMS 0x0000000605400000, 0x0000000605400000| Untracked 
|  77|0x0000000605500000, 0x0000000605600000, 0x0000000605600000|100%| O|  |TAMS 0x0000000605500000, 0x0000000605500000| Untracked 
|  78|0x0000000605600000, 0x0000000605700000, 0x0000000605700000|100%| O|  |TAMS 0x0000000605600000, 0x0000000605600000| Untracked 
|  79|0x0000000605700000, 0x0000000605800000, 0x0000000605800000|100%| O|  |TAMS 0x0000000605700000, 0x0000000605700000| Untracked 
|  80|0x0000000605800000, 0x0000000605800000, 0x0000000605900000|  0%| F|  |TAMS 0x0000000605800000, 0x0000000605800000| Untracked 
|  81|0x0000000605900000, 0x0000000605900000, 0x0000000605a00000|  0%| F|  |TAMS 0x0000000605900000, 0x0000000605900000| Untracked 
|  82|0x0000000605a00000, 0x0000000605a00000, 0x0000000605b00000|  0%| F|  |TAMS 0x0000000605a00000, 0x0000000605a00000| Untracked 
|  83|0x0000000605b00000, 0x0000000605b00000, 0x0000000605c00000|  0%| F|  |TAMS 0x0000000605b00000, 0x0000000605b00000| Untracked 
|  84|0x0000000605c00000, 0x0000000605c00000, 0x0000000605d00000|  0%| F|  |TAMS 0x0000000605c00000, 0x0000000605c00000| Untracked 
|  85|0x0000000605d00000, 0x0000000605d00000, 0x0000000605e00000|  0%| F|  |TAMS 0x0000000605d00000, 0x0000000605d00000| Untracked 
|  86|0x0000000605e00000, 0x0000000605e00000, 0x0000000605f00000|  0%| F|  |TAMS 0x0000000605e00000, 0x0000000605e00000| Untracked 
|  87|0x0000000605f00000, 0x0000000605f00000, 0x0000000606000000|  0%| F|  |TAMS 0x0000000605f00000, 0x0000000605f00000| Untracked 
|  88|0x0000000606000000, 0x0000000606000000, 0x0000000606100000|  0%| F|  |TAMS 0x0000000606000000, 0x0000000606000000| Untracked 
|  89|0x0000000606100000, 0x0000000606100000, 0x0000000606200000|  0%| F|  |TAMS 0x0000000606100000, 0x0000000606100000| Untracked 
|  90|0x0000000606200000, 0x0000000606200000, 0x0000000606300000|  0%| F|  |TAMS 0x0000000606200000, 0x0000000606200000| Untracked 
|  91|0x0000000606300000, 0x0000000606300000, 0x0000000606400000|  0%| F|  |TAMS 0x0000000606300000, 0x0000000606300000| Untracked 
|  92|0x0000000606400000, 0x0000000606400000, 0x0000000606500000|  0%| F|  |TAMS 0x0000000606400000, 0x0000000606400000| Untracked 
|  93|0x0000000606500000, 0x0000000606500000, 0x0000000606600000|  0%| F|  |TAMS 0x0000000606500000, 0x0000000606500000| Untracked 
|  94|0x0000000606600000, 0x0000000606600000, 0x0000000606700000|  0%| F|  |TAMS 0x0000000606600000, 0x0000000606600000| Untracked 
|  95|0x0000000606700000, 0x0000000606700000, 0x0000000606800000|  0%| F|  |TAMS 0x0000000606700000, 0x0000000606700000| Untracked 
|  96|0x0000000606800000, 0x0000000606800000, 0x0000000606900000|  0%| F|  |TAMS 0x0000000606800000, 0x0000000606800000| Untracked 
|  97|0x0000000606900000, 0x0000000606900000, 0x0000000606a00000|  0%| F|  |TAMS 0x0000000606900000, 0x0000000606900000| Untracked 
|  98|0x0000000606a00000, 0x0000000606a00000, 0x0000000606b00000|  0%| F|  |TAMS 0x0000000606a00000, 0x0000000606a00000| Untracked 
|  99|0x0000000606b00000, 0x0000000606b00000, 0x0000000606c00000|  0%| F|  |TAMS 0x0000000606b00000, 0x0000000606b00000| Untracked 
| 100|0x0000000606c00000, 0x0000000606c00000, 0x0000000606d00000|  0%| F|  |TAMS 0x0000000606c00000, 0x0000000606c00000| Untracked 
| 101|0x0000000606d00000, 0x0000000606d00000, 0x0000000606e00000|  0%| F|  |TAMS 0x0000000606d00000, 0x0000000606d00000| Untracked 
| 102|0x0000000606e00000, 0x0000000606e00000, 0x0000000606f00000|  0%| F|  |TAMS 0x0000000606e00000, 0x0000000606e00000| Untracked 
| 103|0x0000000606f00000, 0x0000000606f00000, 0x0000000607000000|  0%| F|  |TAMS 0x0000000606f00000, 0x0000000606f00000| Untracked 
| 104|0x0000000607000000, 0x0000000607000000, 0x0000000607100000|  0%| F|  |TAMS 0x0000000607000000, 0x0000000607000000| Untracked 
| 105|0x0000000607100000, 0x0000000607100000, 0x0000000607200000|  0%| F|  |TAMS 0x0000000607100000, 0x0000000607100000| Untracked 
| 106|0x0000000607200000, 0x0000000607200000, 0x0000000607300000|  0%| F|  |TAMS 0x0000000607200000, 0x0000000607200000| Untracked 
| 107|0x0000000607300000, 0x0000000607300000, 0x0000000607400000|  0%| F|  |TAMS 0x0000000607300000, 0x0000000607300000| Untracked 
| 108|0x0000000607400000, 0x0000000607400000, 0x0000000607500000|  0%| F|  |TAMS 0x0000000607400000, 0x0000000607400000| Untracked 
| 109|0x0000000607500000, 0x0000000607500000, 0x0000000607600000|  0%| F|  |TAMS 0x0000000607500000, 0x0000000607500000| Untracked 
| 110|0x0000000607600000, 0x0000000607600000, 0x0000000607700000|  0%| F|  |TAMS 0x0000000607600000, 0x0000000607600000| Untracked 
| 111|0x0000000607700000, 0x0000000607700000, 0x0000000607800000|  0%| F|  |TAMS 0x0000000607700000, 0x0000000607700000| Untracked 
| 112|0x0000000607800000, 0x0000000607800000, 0x0000000607900000|  0%| F|  |TAMS 0x0000000607800000, 0x0000000607800000| Untracked 
| 113|0x0000000607900000, 0x0000000607900000, 0x0000000607a00000|  0%| F|  |TAMS 0x0000000607900000, 0x0000000607900000| Untracked 
| 114|0x0000000607a00000, 0x0000000607a00000, 0x0000000607b00000|  0%| F|  |TAMS 0x0000000607a00000, 0x0000000607a00000| Untracked 
| 115|0x0000000607b00000, 0x0000000607b00000, 0x0000000607c00000|  0%| F|  |TAMS 0x0000000607b00000, 0x0000000607b00000| Untracked 
| 116|0x0000000607c00000, 0x0000000607c00000, 0x0000000607d00000|  0%| F|  |TAMS 0x0000000607c00000, 0x0000000607c00000| Untracked 
| 117|0x0000000607d00000, 0x0000000607d00000, 0x0000000607e00000|  0%| F|  |TAMS 0x0000000607d00000, 0x0000000607d00000| Untracked 
| 118|0x0000000607e00000, 0x0000000607e00000, 0x0000000607f00000|  0%| F|  |TAMS 0x0000000607e00000, 0x0000000607e00000| Untracked 
| 119|0x0000000607f00000, 0x0000000607f00000, 0x0000000608000000|  0%| F|  |TAMS 0x0000000607f00000, 0x0000000607f00000| Untracked 
| 120|0x0000000608000000, 0x0000000608000000, 0x0000000608100000|  0%| F|  |TAMS 0x0000000608000000, 0x0000000608000000| Untracked 
| 121|0x0000000608100000, 0x0000000608100000, 0x0000000608200000|  0%| F|  |TAMS 0x0000000608100000, 0x0000000608100000| Untracked 
| 122|0x0000000608200000, 0x0000000608200000, 0x0000000608300000|  0%| F|  |TAMS 0x0000000608200000, 0x0000000608200000| Untracked 
| 123|0x0000000608300000, 0x0000000608300000, 0x0000000608400000|  0%| F|  |TAMS 0x0000000608300000, 0x0000000608300000| Untracked 
| 124|0x0000000608400000, 0x0000000608400000, 0x0000000608500000|  0%| F|  |TAMS 0x0000000608400000, 0x0000000608400000| Untracked 
| 125|0x0000000608500000, 0x0000000608500000, 0x0000000608600000|  0%| F|  |TAMS 0x0000000608500000, 0x0000000608500000| Untracked 
| 126|0x0000000608600000, 0x0000000608600000, 0x0000000608700000|  0%| F|  |TAMS 0x0000000608600000, 0x0000000608600000| Untracked 
| 127|0x0000000608700000, 0x0000000608700000, 0x0000000608800000|  0%| F|  |TAMS 0x0000000608700000, 0x0000000608700000| Untracked 
| 128|0x0000000608800000, 0x0000000608800000, 0x0000000608900000|  0%| F|  |TAMS 0x0000000608800000, 0x0000000608800000| Untracked 
| 129|0x0000000608900000, 0x0000000608900000, 0x0000000608a00000|  0%| F|  |TAMS 0x0000000608900000, 0x0000000608900000| Untracked 
| 130|0x0000000608a00000, 0x0000000608a00000, 0x0000000608b00000|  0%| F|  |TAMS 0x0000000608a00000, 0x0000000608a00000| Untracked 
| 131|0x0000000608b00000, 0x0000000608b00000, 0x0000000608c00000|  0%| F|  |TAMS 0x0000000608b00000, 0x0000000608b00000| Untracked 
| 132|0x0000000608c00000, 0x0000000608c00000, 0x0000000608d00000|  0%| F|  |TAMS 0x0000000608c00000, 0x0000000608c00000| Untracked 
| 133|0x0000000608d00000, 0x0000000608d00000, 0x0000000608e00000|  0%| F|  |TAMS 0x0000000608d00000, 0x0000000608d00000| Untracked 
| 134|0x0000000608e00000, 0x0000000608e00000, 0x0000000608f00000|  0%| F|  |TAMS 0x0000000608e00000, 0x0000000608e00000| Untracked 
| 135|0x0000000608f00000, 0x0000000608fb42a8, 0x0000000609000000| 70%| S|CS|TAMS 0x0000000608f00000, 0x0000000608f00000| Complete 
| 136|0x0000000609000000, 0x0000000609100000, 0x0000000609100000|100%| S|CS|TAMS 0x0000000609000000, 0x0000000609000000| Complete 
| 137|0x0000000609100000, 0x0000000609200000, 0x0000000609200000|100%| S|CS|TAMS 0x0000000609100000, 0x0000000609100000| Complete 
| 138|0x0000000609200000, 0x0000000609300000, 0x0000000609300000|100%| S|CS|TAMS 0x0000000609200000, 0x0000000609200000| Complete 
| 139|0x0000000609300000, 0x0000000609400000, 0x0000000609400000|100%| S|CS|TAMS 0x0000000609300000, 0x0000000609300000| Complete 
| 140|0x0000000609400000, 0x0000000609400000, 0x0000000609500000|  0%| F|  |TAMS 0x0000000609400000, 0x0000000609400000| Untracked 
| 141|0x0000000609500000, 0x0000000609500000, 0x0000000609600000|  0%| F|  |TAMS 0x0000000609500000, 0x0000000609500000| Untracked 
| 142|0x0000000609600000, 0x0000000609600000, 0x0000000609700000|  0%| F|  |TAMS 0x0000000609600000, 0x0000000609600000| Untracked 
| 143|0x0000000609700000, 0x0000000609700000, 0x0000000609800000|  0%| F|  |TAMS 0x0000000609700000, 0x0000000609700000| Untracked 
| 144|0x0000000609800000, 0x0000000609800000, 0x0000000609900000|  0%| F|  |TAMS 0x0000000609800000, 0x0000000609800000| Untracked 
| 145|0x0000000609900000, 0x0000000609900000, 0x0000000609a00000|  0%| F|  |TAMS 0x0000000609900000, 0x0000000609900000| Untracked 
| 146|0x0000000609a00000, 0x0000000609a00000, 0x0000000609b00000|  0%| F|  |TAMS 0x0000000609a00000, 0x0000000609a00000| Untracked 
| 147|0x0000000609b00000, 0x0000000609b00000, 0x0000000609c00000|  0%| F|  |TAMS 0x0000000609b00000, 0x0000000609b00000| Untracked 
| 148|0x0000000609c00000, 0x0000000609c00000, 0x0000000609d00000|  0%| F|  |TAMS 0x0000000609c00000, 0x0000000609c00000| Untracked 
| 149|0x0000000609d00000, 0x0000000609d00000, 0x0000000609e00000|  0%| F|  |TAMS 0x0000000609d00000, 0x0000000609d00000| Untracked 
| 150|0x0000000609e00000, 0x0000000609e00000, 0x0000000609f00000|  0%| F|  |TAMS 0x0000000609e00000, 0x0000000609e00000| Untracked 
| 151|0x0000000609f00000, 0x0000000609f00000, 0x000000060a000000|  0%| F|  |TAMS 0x0000000609f00000, 0x0000000609f00000| Untracked 
| 152|0x000000060a000000, 0x000000060a000000, 0x000000060a100000|  0%| F|  |TAMS 0x000000060a000000, 0x000000060a000000| Untracked 
| 153|0x000000060a100000, 0x000000060a100000, 0x000000060a200000|  0%| F|  |TAMS 0x000000060a100000, 0x000000060a100000| Untracked 
| 154|0x000000060a200000, 0x000000060a200000, 0x000000060a300000|  0%| F|  |TAMS 0x000000060a200000, 0x000000060a200000| Untracked 
| 155|0x000000060a300000, 0x000000060a300000, 0x000000060a400000|  0%| F|  |TAMS 0x000000060a300000, 0x000000060a300000| Untracked 
| 156|0x000000060a400000, 0x000000060a400000, 0x000000060a500000|  0%| F|  |TAMS 0x000000060a400000, 0x000000060a400000| Untracked 
| 157|0x000000060a500000, 0x000000060a500000, 0x000000060a600000|  0%| F|  |TAMS 0x000000060a500000, 0x000000060a500000| Untracked 
| 158|0x000000060a600000, 0x000000060a600000, 0x000000060a700000|  0%| F|  |TAMS 0x000000060a600000, 0x000000060a600000| Untracked 
| 159|0x000000060a700000, 0x000000060a700000, 0x000000060a800000|  0%| F|  |TAMS 0x000000060a700000, 0x000000060a700000| Untracked 
| 160|0x000000060a800000, 0x000000060a800000, 0x000000060a900000|  0%| F|  |TAMS 0x000000060a800000, 0x000000060a800000| Untracked 
| 161|0x000000060a900000, 0x000000060a900000, 0x000000060aa00000|  0%| F|  |TAMS 0x000000060a900000, 0x000000060a900000| Untracked 
| 162|0x000000060aa00000, 0x000000060aa00000, 0x000000060ab00000|  0%| F|  |TAMS 0x000000060aa00000, 0x000000060aa00000| Untracked 
| 163|0x000000060ab00000, 0x000000060ab00000, 0x000000060ac00000|  0%| F|  |TAMS 0x000000060ab00000, 0x000000060ab00000| Untracked 
| 164|0x000000060ac00000, 0x000000060ac00000, 0x000000060ad00000|  0%| F|  |TAMS 0x000000060ac00000, 0x000000060ac00000| Untracked 
| 165|0x000000060ad00000, 0x000000060ad00000, 0x000000060ae00000|  0%| F|  |TAMS 0x000000060ad00000, 0x000000060ad00000| Untracked 
| 166|0x000000060ae00000, 0x000000060ae00000, 0x000000060af00000|  0%| F|  |TAMS 0x000000060ae00000, 0x000000060ae00000| Untracked 
| 167|0x000000060af00000, 0x000000060af00000, 0x000000060b000000|  0%| F|  |TAMS 0x000000060af00000, 0x000000060af00000| Untracked 
| 168|0x000000060b000000, 0x000000060b000000, 0x000000060b100000|  0%| F|  |TAMS 0x000000060b000000, 0x000000060b000000| Untracked 
| 169|0x000000060b100000, 0x000000060b100000, 0x000000060b200000|  0%| F|  |TAMS 0x000000060b100000, 0x000000060b100000| Untracked 
| 170|0x000000060b200000, 0x000000060b200000, 0x000000060b300000|  0%| F|  |TAMS 0x000000060b200000, 0x000000060b200000| Untracked 
| 171|0x000000060b300000, 0x000000060b300000, 0x000000060b400000|  0%| F|  |TAMS 0x000000060b300000, 0x000000060b300000| Untracked 
| 172|0x000000060b400000, 0x000000060b400000, 0x000000060b500000|  0%| F|  |TAMS 0x000000060b400000, 0x000000060b400000| Untracked 
| 173|0x000000060b500000, 0x000000060b500000, 0x000000060b600000|  0%| F|  |TAMS 0x000000060b500000, 0x000000060b500000| Untracked 
| 174|0x000000060b600000, 0x000000060b600000, 0x000000060b700000|  0%| F|  |TAMS 0x000000060b600000, 0x000000060b600000| Untracked 
| 175|0x000000060b700000, 0x000000060b700000, 0x000000060b800000|  0%| F|  |TAMS 0x000000060b700000, 0x000000060b700000| Untracked 
| 176|0x000000060b800000, 0x000000060b800000, 0x000000060b900000|  0%| F|  |TAMS 0x000000060b800000, 0x000000060b800000| Untracked 
| 177|0x000000060b900000, 0x000000060b900000, 0x000000060ba00000|  0%| F|  |TAMS 0x000000060b900000, 0x000000060b900000| Untracked 
| 178|0x000000060ba00000, 0x000000060ba00000, 0x000000060bb00000|  0%| F|  |TAMS 0x000000060ba00000, 0x000000060ba00000| Untracked 
| 179|0x000000060bb00000, 0x000000060bb00000, 0x000000060bc00000|  0%| F|  |TAMS 0x000000060bb00000, 0x000000060bb00000| Untracked 
| 180|0x000000060bc00000, 0x000000060bc00000, 0x000000060bd00000|  0%| F|  |TAMS 0x000000060bc00000, 0x000000060bc00000| Untracked 
| 181|0x000000060bd00000, 0x000000060bd00000, 0x000000060be00000|  0%| F|  |TAMS 0x000000060bd00000, 0x000000060bd00000| Untracked 
| 182|0x000000060be00000, 0x000000060be00000, 0x000000060bf00000|  0%| F|  |TAMS 0x000000060be00000, 0x000000060be00000| Untracked 
| 183|0x000000060bf00000, 0x000000060bf00000, 0x000000060c000000|  0%| F|  |TAMS 0x000000060bf00000, 0x000000060bf00000| Untracked 
| 184|0x000000060c000000, 0x000000060c000000, 0x000000060c100000|  0%| F|  |TAMS 0x000000060c000000, 0x000000060c000000| Untracked 
| 185|0x000000060c100000, 0x000000060c100000, 0x000000060c200000|  0%| F|  |TAMS 0x000000060c100000, 0x000000060c100000| Untracked 
| 186|0x000000060c200000, 0x000000060c200000, 0x000000060c300000|  0%| F|  |TAMS 0x000000060c200000, 0x000000060c200000| Untracked 
| 187|0x000000060c300000, 0x000000060c300000, 0x000000060c400000|  0%| F|  |TAMS 0x000000060c300000, 0x000000060c300000| Untracked 

Card table byte_map: [0x000001cda10b0000,0x000001cda20b0000] _byte_map_base: 0x000001cd9e0ac000

Marking Bits (Prev, Next): (CMBitMap*) 0x000001cd883e6390, (CMBitMap*) 0x000001cd883e6358
 Prev Bits: [0x000001cdab090000, 0x000001cdb3070000)
 Next Bits: [0x000001cda30b0000, 0x000001cdab090000)

Polling page: 0x000001cd88420000

Metaspace:

Usage:
  Non-class:     16.37 MB capacity,    16.17 MB ( 99%) used,   166.69 KB ( <1%) free+waste,    33.94 KB ( <1%) overhead. 
      Class:      1.78 MB capacity,     1.66 MB ( 93%) used,   111.91 KB (  6%) free+waste,    13.56 KB ( <1%) overhead. 
       Both:     18.15 MB capacity,    17.83 MB ( 98%) used,   278.59 KB (  1%) free+waste,    47.50 KB ( <1%) overhead. 

Virtual space:
  Non-class space:       18.00 MB reserved,      16.50 MB ( 92%) committed 
      Class space:        1.00 GB reserved,       1.88 MB ( <1%) committed 
             Both:        1.02 GB reserved,      18.38 MB (  2%) committed 

Chunk freelists:
   Non-Class:  7.00 KB
       Class:  3.00 KB
        Both:  10.00 KB

MaxMetaspaceSize: 17179869184.00 GB
CompressedClassSpaceSize: 1.00 GB
Initial GC threshold: 20.80 MB
Current GC threshold: 27.09 MB
CDS: off

CodeHeap 'non-profiled nmethods': size=120064Kb used=2631Kb max_used=2631Kb free=117432Kb
 bounds [0x000001cd98540000, 0x000001cd987e0000, 0x000001cd9fa80000]
CodeHeap 'profiled nmethods': size=120000Kb used=11198Kb max_used=11198Kb free=108801Kb
 bounds [0x000001cd91010000, 0x000001cd91b00000, 0x000001cd98540000]
CodeHeap 'non-nmethods': size=5696Kb used=1160Kb max_used=1231Kb free=4536Kb
 bounds [0x000001cd90a80000, 0x000001cd90cf0000, 0x000001cd91010000]
 total_blobs=4745 nmethods=4339 adapters=318
 compilation: enabled
              stopped_count=0, restarted_count=0
 full_count=0

Compilation events (20 events):
Event: 4.847 Thread 0x000001cdb6538800 4312       4       com.sun.tools.javac.code.Types::membersClosure (50 bytes)
Event: 4.847 Thread 0x000001cdb60e4800 nmethod 4419 0x000001cd91afab90 code [0x000001cd91afaea0, 0x000001cd91afbbd8]
Event: 4.847 Thread 0x000001cdb60e4800 4420       2       com.sun.tools.javac.jvm.Gen::visitBinary (273 bytes)
Event: 4.849 Thread 0x000001cdb60e4800 nmethod 4420 0x000001cd91afc410 code [0x000001cd91afc6e0, 0x000001cd91afd408]
Event: 4.849 Thread 0x000001cdb60e4800 4422       2       com.sun.tools.javac.jvm.Code$StackMapFormat$2::getAttributeName (5 bytes)
Event: 4.849 Thread 0x000001cdb60e4800 nmethod 4422 0x000001cd91afd890 code [0x000001cd91afda40, 0x000001cd91afdb58]
Event: 4.849 Thread 0x000001cdb60e4800 4423       2       com.sun.tools.javac.jvm.ClassWriter$StackMapTableFrame::write (46 bytes)
Event: 4.850 Thread 0x000001cdb60e4800 nmethod 4423 0x000001cd91afdc10 code [0x000001cd91afde60, 0x000001cd91afe548]
Event: 4.852 Thread 0x000001cdb60e4800 4426       2       com.sun.tools.javac.jvm.Items$MemberItem::load (40 bytes)
Event: 4.853 Thread 0x000001cdb60e4800 nmethod 4426 0x000001cd91afe910 code [0x000001cd91afeae0, 0x000001cd91afecb8]
Event: 4.853 Thread 0x000001cdb60e4800 4427       2       com.sun.tools.javac.jvm.ClassWriter$StackMapTableFrame$SameFrame::getFrameType (20 bytes)
Event: 4.853 Thread 0x000001cdb60e4800 nmethod 4427 0x000001cd91afee90 code [0x000001cd91aff040, 0x000001cd91aff158]
Event: 4.856 Thread 0x000001cdb6538800 nmethod 4312 0x000001cd987d0890 code [0x000001cd987d0a60, 0x000001cd987d1238]
Event: 4.856 Thread 0x000001cdb6538800 4424       4       com.sun.tools.javac.code.Scope$CompoundScope::getSymbolsByName (10 bytes)
Event: 4.859 Thread 0x000001cdb6538800 nmethod 4424 0x000001cd987d1490 code [0x000001cd987d1620, 0x000001cd987d19f8]
Event: 4.859 Thread 0x000001cdb6538800 4415       4       com.sun.tools.javac.code.Types$5::visitClassType (10 bytes)
Event: 4.860 Thread 0x000001cdb6538800 nmethod 4415 0x000001cd987d1b10 code [0x000001cd987d1cc0, 0x000001cd987d1d88]
Event: 4.860 Thread 0x000001cdb6538800 4428       4       com.sun.tools.javac.code.Types$5::visitClassType (387 bytes)
Event: 4.863 Thread 0x000001cdb60e4800 4429       2       com.sun.tools.javac.code.Type$TypeVar::<init> (49 bytes)
Event: 4.863 Thread 0x000001cdb60e4800 nmethod 4429 0x000001cd91aff210 code [0x000001cd91aff400, 0x000001cd91aff8a8]

GC Heap History (20 events):
Event: 1.434 GC heap after
{Heap after GC invocations=34 (full 0):
 garbage-first heap   total 38912K, used 23760K [0x0000000600800000, 0x0000000800000000)
  region size 1024K, 1 young (1024K), 1 survivors (1024K)
 Metaspace       used 13822K, capacity 14132K, committed 14336K, reserved 1062912K
  class space    used 1434K, capacity 1503K, committed 1536K, reserved 1048576K
}
Event: 1.455 GC heap before
{Heap before GC invocations=34 (full 0):
 garbage-first heap   total 38912K, used 27856K [0x0000000600800000, 0x0000000800000000)
  region size 1024K, 5 young (5120K), 1 survivors (1024K)
 Metaspace       used 13822K, capacity 14132K, committed 14336K, reserved 1062912K
  class space    used 1434K, capacity 1503K, committed 1536K, reserved 1048576K
}
Event: 1.456 GC heap after
{Heap after GC invocations=35 (full 0):
 garbage-first heap   total 38912K, used 24091K [0x0000000600800000, 0x0000000800000000)
  region size 1024K, 1 young (1024K), 1 survivors (1024K)
 Metaspace       used 13822K, capacity 14132K, committed 14336K, reserved 1062912K
  class space    used 1434K, capacity 1503K, committed 1536K, reserved 1048576K
}
Event: 1.544 GC heap before
{Heap before GC invocations=36 (full 0):
 garbage-first heap   total 48128K, used 42523K [0x0000000600800000, 0x0000000800000000)
  region size 1024K, 5 young (5120K), 1 survivors (1024K)
 Metaspace       used 13865K, capacity 14132K, committed 14336K, reserved 1062912K
  class space    used 1434K, capacity 1503K, committed 1536K, reserved 1048576K
}
Event: 1.547 GC heap after
{Heap after GC invocations=37 (full 0):
 garbage-first heap   total 96256K, used 25123K [0x0000000600800000, 0x0000000800000000)
  region size 1024K, 1 young (1024K), 1 survivors (1024K)
 Metaspace       used 13865K, capacity 14132K, committed 14336K, reserved 1062912K
  class space    used 1434K, capacity 1503K, committed 1536K, reserved 1048576K
}
Event: 1.944 GC heap before
{Heap before GC invocations=37 (full 0):
 garbage-first heap   total 96256K, used 49699K [0x0000000600800000, 0x0000000800000000)
  region size 1024K, 23 young (23552K), 1 survivors (1024K)
 Metaspace       used 15085K, capacity 15370K, committed 15488K, reserved 1062912K
  class space    used 1527K, capacity 1638K, committed 1664K, reserved 1048576K
}
Event: 1.952 GC heap after
{Heap after GC invocations=38 (full 0):
 garbage-first heap   total 96256K, used 34757K [0x0000000600800000, 0x0000000800000000)
  region size 1024K, 3 young (3072K), 3 survivors (3072K)
 Metaspace       used 15085K, capacity 15370K, committed 15488K, reserved 1062912K
  class space    used 1527K, capacity 1638K, committed 1664K, reserved 1048576K
}
Event: 2.373 GC heap before
{Heap before GC invocations=38 (full 0):
 garbage-first heap   total 96256K, used 57285K [0x0000000600800000, 0x0000000800000000)
  region size 1024K, 24 young (24576K), 3 survivors (3072K)
 Metaspace       used 15589K, capacity 15897K, committed 16128K, reserved 1062912K
  class space    used 1563K, capacity 1685K, committed 1792K, reserved 1048576K
}
Event: 2.383 GC heap after
{Heap after GC invocations=39 (full 0):
 garbage-first heap   total 96256K, used 40960K [0x0000000600800000, 0x0000000800000000)
  region size 1024K, 3 young (3072K), 3 survivors (3072K)
 Metaspace       used 15589K, capacity 15897K, committed 16128K, reserved 1062912K
  class space    used 1563K, capacity 1685K, committed 1792K, reserved 1048576K
}
Event: 2.508 GC heap before
{Heap before GC invocations=39 (full 0):
 garbage-first heap   total 96256K, used 61440K [0x0000000600800000, 0x0000000800000000)
  region size 1024K, 23 young (23552K), 3 survivors (3072K)
 Metaspace       used 15936K, capacity 16257K, committed 16384K, reserved 1064960K
  class space    used 1588K, capacity 1696K, committed 1792K, reserved 1048576K
}
Event: 2.528 GC heap after
{Heap after GC invocations=40 (full 0):
 garbage-first heap   total 96256K, used 54739K [0x0000000600800000, 0x0000000800000000)
  region size 1024K, 3 young (3072K), 3 survivors (3072K)
 Metaspace       used 15936K, capacity 16257K, committed 16384K, reserved 1064960K
  class space    used 1588K, capacity 1696K, committed 1792K, reserved 1048576K
}
Event: 2.553 GC heap before
{Heap before GC invocations=40 (full 0):
 garbage-first heap   total 96256K, used 67027K [0x0000000600800000, 0x0000000800000000)
  region size 1024K, 15 young (15360K), 3 survivors (3072K)
 Metaspace       used 15970K, capacity 16265K, committed 16384K, reserved 1064960K
  class space    used 1590K, capacity 1699K, committed 1792K, reserved 1048576K
}
Event: 2.573 GC heap after
{Heap after GC invocations=41 (full 0):
 garbage-first heap   total 192512K, used 64000K [0x0000000600800000, 0x0000000800000000)
  region size 1024K, 2 young (2048K), 2 survivors (2048K)
 Metaspace       used 15970K, capacity 16265K, committed 16384K, reserved 1064960K
  class space    used 1590K, capacity 1699K, committed 1792K, reserved 1048576K
}
Event: 2.871 GC heap before
{Heap before GC invocations=42 (full 0):
 garbage-first heap   total 192512K, used 103936K [0x0000000600800000, 0x0000000800000000)
  region size 1024K, 39 young (39936K), 2 survivors (2048K)
 Metaspace       used 16296K, capacity 16542K, committed 16640K, reserved 1064960K
  class space    used 1596K, capacity 1700K, committed 1792K, reserved 1048576K
}
Event: 2.886 GC heap after
{Heap after GC invocations=43 (full 0):
 garbage-first heap   total 192512K, used 75776K [0x0000000600800000, 0x0000000800000000)
  region size 1024K, 5 young (5120K), 5 survivors (5120K)
 Metaspace       used 16296K, capacity 16542K, committed 16640K, reserved 1064960K
  class space    used 1596K, capacity 1700K, committed 1792K, reserved 1048576K
}
Event: 3.727 GC heap before
{Heap before GC invocations=43 (full 0):
 garbage-first heap   total 192512K, used 115712K [0x0000000600800000, 0x0000000800000000)
  region size 1024K, 44 young (45056K), 5 survivors (5120K)
 Metaspace       used 17680K, capacity 18001K, committed 18304K, reserved 1064960K
  class space    used 1693K, capacity 1821K, committed 1920K, reserved 1048576K
}
Event: 3.740 GC heap after
{Heap after GC invocations=44 (full 0):
 garbage-first heap   total 192512K, used 82089K [0x0000000600800000, 0x0000000800000000)
  region size 1024K, 6 young (6144K), 6 survivors (6144K)
 Metaspace       used 17680K, capacity 18001K, committed 18304K, reserved 1064960K
  class space    used 1693K, capacity 1821K, committed 1920K, reserved 1048576K
}
Event: 4.536 GC heap before
{Heap before GC invocations=44 (full 0):
 garbage-first heap   total 192512K, used 123049K [0x0000000600800000, 0x0000000800000000)
  region size 1024K, 46 young (47104K), 6 survivors (6144K)
 Metaspace       used 18121K, capacity 18453K, committed 18560K, reserved 1067008K
  class space    used 1695K, capacity 1821K, committed 1920K, reserved 1048576K
}
Event: 4.544 GC heap after
{Heap after GC invocations=45 (full 0):
 garbage-first heap   total 192512K, used 84462K [0x0000000600800000, 0x0000000800000000)
  region size 1024K, 3 young (3072K), 3 survivors (3072K)
 Metaspace       used 18121K, capacity 18453K, committed 18560K, reserved 1067008K
  class space    used 1695K, capacity 1821K, committed 1920K, reserved 1048576K
}
Event: 4.864 GC heap before
{Heap before GC invocations=45 (full 0):
 garbage-first heap   total 192512K, used 130542K [0x0000000600800000, 0x0000000800000000)
  region size 1024K, 48 young (49152K), 3 survivors (3072K)
 Metaspace       used 18255K, capacity 18582K, committed 18816K, reserved 1067008K
  class space    used 1695K, capacity 1821K, committed 1920K, reserved 1048576K
}

Deoptimization events (20 events):
Event: 4.630 Thread 0x000001cd88339000 Uncommon trap: trap_request=0xffffffc6 fr.pc=0x000001cd98791724 relative=0x0000000000000124
Event: 4.630 Thread 0x000001cd88339000 Uncommon trap: reason=bimorphic_or_optimized_type_check action=maybe_recompile pc=0x000001cd98791724 method=com.sun.tools.javac.code.Types$5.visitType(Lcom/sun/tools/javac/code/Type;Lcom/sun/tools/javac/code/Type;)Ljava/lang/Boolean; @ 14 c2
Event: 4.630 Thread 0x000001cd88339000 DEOPT PACKING pc=0x000001cd98791724 sp=0x00000019049fe2f0
Event: 4.630 Thread 0x000001cd88339000 DEOPT UNPACKING pc=0x000001cd90aca1af sp=0x00000019049fe228 mode 2
Event: 4.630 Thread 0x000001cd88339000 Uncommon trap: trap_request=0xffffffc6 fr.pc=0x000001cd98791724 relative=0x0000000000000124
Event: 4.630 Thread 0x000001cd88339000 Uncommon trap: reason=bimorphic_or_optimized_type_check action=maybe_recompile pc=0x000001cd98791724 method=com.sun.tools.javac.code.Types$5.visitType(Lcom/sun/tools/javac/code/Type;Lcom/sun/tools/javac/code/Type;)Ljava/lang/Boolean; @ 14 c2
Event: 4.630 Thread 0x000001cd88339000 DEOPT PACKING pc=0x000001cd98791724 sp=0x00000019049fe3c0
Event: 4.630 Thread 0x000001cd88339000 DEOPT UNPACKING pc=0x000001cd90aca1af sp=0x00000019049fe2f8 mode 2
Event: 4.630 Thread 0x000001cd88339000 Uncommon trap: trap_request=0xffffffc6 fr.pc=0x000001cd98791724 relative=0x0000000000000124
Event: 4.630 Thread 0x000001cd88339000 Uncommon trap: reason=bimorphic_or_optimized_type_check action=maybe_recompile pc=0x000001cd98791724 method=com.sun.tools.javac.code.Types$5.visitType(Lcom/sun/tools/javac/code/Type;Lcom/sun/tools/javac/code/Type;)Ljava/lang/Boolean; @ 14 c2
Event: 4.630 Thread 0x000001cd88339000 DEOPT PACKING pc=0x000001cd98791724 sp=0x00000019049fe2f0
Event: 4.630 Thread 0x000001cd88339000 DEOPT UNPACKING pc=0x000001cd90aca1af sp=0x00000019049fe228 mode 2
Event: 4.651 Thread 0x000001cd88339000 DEOPT PACKING pc=0x000001cd91a59b01 sp=0x00000019049fe4d0
Event: 4.651 Thread 0x000001cd88339000 DEOPT UNPACKING pc=0x000001cd90aca95e sp=0x00000019049fd970 mode 0
Event: 4.658 Thread 0x000001cd88339000 DEOPT PACKING pc=0x000001cd91992ac3 sp=0x00000019049fda20
Event: 4.658 Thread 0x000001cd88339000 DEOPT UNPACKING pc=0x000001cd90aca95e sp=0x00000019049fcf30 mode 0
Event: 4.739 Thread 0x000001cd88339000 Uncommon trap: trap_request=0xffffff4d fr.pc=0x000001cd987aaa4c relative=0x000000000000230c
Event: 4.739 Thread 0x000001cd88339000 Uncommon trap: reason=unstable_if action=reinterpret pc=0x000001cd987aaa4c method=com.sun.tools.javac.code.Symbol$MethodSymbol.binaryOverrides(Lcom/sun/tools/javac/code/Symbol;Lcom/sun/tools/javac/code/Symbol$TypeSymbol;Lcom/sun/tools/javac/code/Types;)Z 
Event: 4.739 Thread 0x000001cd88339000 DEOPT PACKING pc=0x000001cd987aaa4c sp=0x00000019049fe710
Event: 4.739 Thread 0x000001cd88339000 DEOPT UNPACKING pc=0x000001cd90aca1af sp=0x00000019049fe6b0 mode 2

Classes redefined (0 events):
No events

Internal exceptions (20 events):
Event: 4.727 Thread 0x000001cd88339000 Exception <a 'sun/nio/fs/WindowsException'{0x000000060aef4640}> (0x000000060aef4640) thrown at [./src/hotspot/share/prims/jni.cpp, line 615]
Event: 4.732 Thread 0x000001cd88339000 Exception <a 'sun/nio/fs/WindowsException'{0x000000060ad19de0}> (0x000000060ad19de0) thrown at [./src/hotspot/share/prims/jni.cpp, line 615]
Event: 4.745 Thread 0x000001cd88339000 Exception <a 'sun/nio/fs/WindowsException'{0x000000060aa77038}> (0x000000060aa77038) thrown at [./src/hotspot/share/prims/jni.cpp, line 615]
Event: 4.749 Thread 0x000001cd88339000 Exception <a 'sun/nio/fs/WindowsException'{0x000000060aa81868}> (0x000000060aa81868) thrown at [./src/hotspot/share/prims/jni.cpp, line 615]
Event: 4.754 Thread 0x000001cd88339000 Exception <a 'sun/nio/fs/WindowsException'{0x000000060aaaed68}> (0x000000060aaaed68) thrown at [./src/hotspot/share/prims/jni.cpp, line 615]
Event: 4.758 Thread 0x000001cd88339000 Exception <a 'sun/nio/fs/WindowsException'{0x000000060aad04a0}> (0x000000060aad04a0) thrown at [./src/hotspot/share/prims/jni.cpp, line 615]
Event: 4.765 Thread 0x000001cd88339000 Exception <a 'sun/nio/fs/WindowsException'{0x000000060a989f60}> (0x000000060a989f60) thrown at [./src/hotspot/share/prims/jni.cpp, line 615]
Event: 4.768 Thread 0x000001cd88339000 Exception <a 'sun/nio/fs/WindowsException'{0x000000060a9a84f0}> (0x000000060a9a84f0) thrown at [./src/hotspot/share/prims/jni.cpp, line 615]
Event: 4.772 Thread 0x000001cd88339000 Exception <a 'sun/nio/fs/WindowsException'{0x000000060a9fba98}> (0x000000060a9fba98) thrown at [./src/hotspot/share/prims/jni.cpp, line 615]
Event: 4.774 Thread 0x000001cd88339000 Exception <a 'sun/nio/fs/WindowsException'{0x000000060a803368}> (0x000000060a803368) thrown at [./src/hotspot/share/prims/jni.cpp, line 615]
Event: 4.799 Thread 0x000001cd88339000 Exception <a 'sun/nio/fs/WindowsException'{0x000000060a7f4108}> (0x000000060a7f4108) thrown at [./src/hotspot/share/prims/jni.cpp, line 615]
Event: 4.808 Thread 0x000001cd88339000 Exception <a 'sun/nio/fs/WindowsException'{0x000000060a24e1f0}> (0x000000060a24e1f0) thrown at [./src/hotspot/share/prims/jni.cpp, line 615]
Event: 4.811 Thread 0x000001cd88339000 Exception <a 'sun/nio/fs/WindowsException'{0x000000060a2587d8}> (0x000000060a2587d8) thrown at [./src/hotspot/share/prims/jni.cpp, line 615]
Event: 4.816 Thread 0x000001cd88339000 Exception <a 'sun/nio/fs/WindowsException'{0x000000060a1428a8}> (0x000000060a1428a8) thrown at [./src/hotspot/share/prims/jni.cpp, line 615]
Event: 4.838 Thread 0x000001cd88339000 Exception <a 'sun/nio/fs/WindowsException'{0x00000006096f1988}> (0x00000006096f1988) thrown at [./src/hotspot/share/prims/jni.cpp, line 615]
Event: 4.840 Thread 0x000001cd88339000 Exception <a 'sun/nio/fs/WindowsException'{0x00000006096fae70}> (0x00000006096fae70) thrown at [./src/hotspot/share/prims/jni.cpp, line 615]
Event: 4.842 Thread 0x000001cd88339000 Exception <a 'sun/nio/fs/WindowsException'{0x0000000609504898}> (0x0000000609504898) thrown at [./src/hotspot/share/prims/jni.cpp, line 615]
Event: 4.846 Thread 0x000001cd88339000 Exception <a 'sun/nio/fs/WindowsException'{0x000000060950de70}> (0x000000060950de70) thrown at [./src/hotspot/share/prims/jni.cpp, line 615]
Event: 4.853 Thread 0x000001cd88339000 Exception <a 'sun/nio/fs/WindowsException'{0x00000006095617f0}> (0x00000006095617f0) thrown at [./src/hotspot/share/prims/jni.cpp, line 615]
Event: 4.858 Thread 0x000001cd88339000 Exception <a 'sun/nio/fs/WindowsException'{0x00000006094a5e80}> (0x00000006094a5e80) thrown at [./src/hotspot/share/prims/jni.cpp, line 615]

Events (20 events):
Event: 3.661 Executing VM operation: ICBufferFull
Event: 3.661 Executing VM operation: ICBufferFull done
Event: 3.726 Executing VM operation: G1CollectForAllocation
Event: 3.740 Executing VM operation: G1CollectForAllocation done
Event: 4.007 Loaded shared library C:\Program Files\Microsoft\jdk-11.0.12.7-hotspot\bin\nio.dll
Event: 4.086 Executing VM operation: ICBufferFull
Event: 4.086 Executing VM operation: ICBufferFull done
Event: 4.155 Executing VM operation: ICBufferFull
Event: 4.156 Executing VM operation: ICBufferFull done
Event: 4.338 Executing VM operation: ICBufferFull
Event: 4.338 Executing VM operation: ICBufferFull done
Event: 4.418 Executing VM operation: ICBufferFull
Event: 4.418 Executing VM operation: ICBufferFull done
Event: 4.533 Executing VM operation: ICBufferFull
Event: 4.533 Executing VM operation: ICBufferFull done
Event: 4.536 Executing VM operation: G1CollectForAllocation
Event: 4.544 Executing VM operation: G1CollectForAllocation done
Event: 4.731 Executing VM operation: ICBufferFull
Event: 4.731 Executing VM operation: ICBufferFull done
Event: 4.864 Executing VM operation: G1CollectForAllocation


Dynamic libraries:
0x00007ff65f830000 - 0x00007ff65f837000 	C:\Program Files\Microsoft\jdk-11.0.12.7-hotspot\bin\javac.exe
0x00007ff822390000 - 0x00007ff822585000 	C:\Windows\SYSTEM32\ntdll.dll
0x00007ff821ea0000 - 0x00007ff821f5d000 	C:\Windows\System32\KERNEL32.DLL
0x00007ff81fde0000 - 0x00007ff8200ad000 	C:\Windows\System32\KERNELBASE.dll
0x00007ff81fbe0000 - 0x00007ff81fce0000 	C:\Windows\System32\ucrtbase.dll
0x00007ff81ae80000 - 0x00007ff81ae95000 	C:\Program Files\Microsoft\jdk-11.0.12.7-hotspot\bin\VCRUNTIME140.dll
0x00007ff81af10000 - 0x00007ff81af27000 	C:\Program Files\Microsoft\jdk-11.0.12.7-hotspot\bin\jli.dll
0x00007ff821f60000 - 0x00007ff822100000 	C:\Windows\System32\USER32.dll
0x00007ff8203b0000 - 0x00007ff8203d2000 	C:\Windows\System32\win32u.dll
0x00007ff814340000 - 0x00007ff8145da000 	C:\Windows\WinSxS\amd64_microsoft.windows.common-controls_6595b64144ccf1df_6.0.19041.1110_none_60b5254171f9507e\COMCTL32.dll
0x00007ff821430000 - 0x00007ff82145a000 	C:\Windows\System32\GDI32.dll
0x00007ff820db0000 - 0x00007ff820e4e000 	C:\Windows\System32\msvcrt.dll
0x00007ff8202a0000 - 0x00007ff8203ab000 	C:\Windows\System32\gdi32full.dll
0x00007ff81faa0000 - 0x00007ff81fb3d000 	C:\Windows\System32\msvcp_win.dll
0x00007ff821e10000 - 0x00007ff821e40000 	C:\Windows\System32\IMM32.DLL
0x00007ff80d390000 - 0x00007ff80d42b000 	C:\Program Files\Microsoft\jdk-11.0.12.7-hotspot\bin\msvcp140.dll
0x00007fffe2580000 - 0x00007fffe30e1000 	C:\Program Files\Microsoft\jdk-11.0.12.7-hotspot\bin\server\jvm.dll
0x00007ff821d00000 - 0x00007ff821dae000 	C:\Windows\System32\ADVAPI32.dll
0x00007ff820e50000 - 0x00007ff820eec000 	C:\Windows\System32\sechost.dll
0x00007ff8204f0000 - 0x00007ff820615000 	C:\Windows\System32\RPCRT4.dll
0x00007ff820da0000 - 0x00007ff820da8000 	C:\Windows\System32\PSAPI.DLL
0x00007ff811a70000 - 0x00007ff811a79000 	C:\Windows\SYSTEM32\WSOCK32.dll
0x00007ff821c90000 - 0x00007ff821cfb000 	C:\Windows\System32\WS2_32.dll
0x00007ff815300000 - 0x00007ff815327000 	C:\Windows\SYSTEM32\WINMM.dll
0x00007ff8199b0000 - 0x00007ff8199ba000 	C:\Windows\SYSTEM32\VERSION.dll
0x00007ff81d8e0000 - 0x00007ff81d8f2000 	C:\Windows\SYSTEM32\kernel.appcore.dll
0x00007ff81ae70000 - 0x00007ff81ae80000 	C:\Program Files\Microsoft\jdk-11.0.12.7-hotspot\bin\verify.dll
0x00007ff811cf0000 - 0x00007ff811ed4000 	C:\Windows\SYSTEM32\DBGHELP.DLL
0x00007ff811a80000 - 0x00007ff811aac000 	C:\Windows\SYSTEM32\dbgcore.DLL
0x00007ff820210000 - 0x00007ff820292000 	C:\Windows\System32\bcryptPrimitives.dll
0x00007ff81ac10000 - 0x00007ff81ac38000 	C:\Program Files\Microsoft\jdk-11.0.12.7-hotspot\bin\java.dll
0x00007ff8192e0000 - 0x00007ff8192ea000 	C:\Program Files\Microsoft\jdk-11.0.12.7-hotspot\bin\jimage.dll
0x00007ff8192c0000 - 0x00007ff8192d7000 	C:\Program Files\Microsoft\jdk-11.0.12.7-hotspot\bin\zip.dll
0x00007ff821540000 - 0x00007ff821c84000 	C:\Windows\System32\SHELL32.dll
0x00007ff81dbc0000 - 0x00007ff81e354000 	C:\Windows\SYSTEM32\windows.storage.dll
0x00007ff8208f0000 - 0x00007ff820c44000 	C:\Windows\System32\combase.dll
0x00007ff81f500000 - 0x00007ff81f52c000 	C:\Windows\SYSTEM32\Wldp.dll
0x00007ff820440000 - 0x00007ff8204ed000 	C:\Windows\System32\SHCORE.dll
0x00007ff821e40000 - 0x00007ff821e95000 	C:\Windows\System32\shlwapi.dll
0x00007ff81f9e0000 - 0x00007ff81f9ff000 	C:\Windows\SYSTEM32\profapi.dll
0x00007ff811bb0000 - 0x00007ff811bc9000 	C:\Program Files\Microsoft\jdk-11.0.12.7-hotspot\bin\net.dll
0x00007ff817f60000 - 0x00007ff81806a000 	C:\Windows\SYSTEM32\WINHTTP.dll
0x00007ff81f260000 - 0x00007ff81f2ca000 	C:\Windows\system32\mswsock.dll
0x00007ff811b90000 - 0x00007ff811ba2000 	C:\Program Files\Microsoft\jdk-11.0.12.7-hotspot\bin\nio.dll

dbghelp: loaded successfully - version: 4.0.5 - missing functions: none
symbol engine: initialized successfully - sym options: 0x614 - pdb path: .;C:\Program Files\Microsoft\jdk-11.0.12.7-hotspot\bin;C:\Windows\SYSTEM32;C:\Windows\WinSxS\amd64_microsoft.windows.common-controls_6595b64144ccf1df_6.0.19041.1110_none_60b5254171f9507e;C:\Program Files\Microsoft\jdk-11.0.12.7-hotspot\bin\server

VM Arguments:
jvm_args: -Dapplication.home=C:\Program Files\Microsoft\jdk-11.0.12.7-hotspot --add-modules=ALL-DEFAULT -Xms8m -Dfile.encoding=UTF8 -Djdk.module.main=jdk.compiler 
java_command: jdk.compiler/com.sun.tools.javac.Main @C:\Users\djsha\AppData\Local\Temp\tmp7DFF.tmp -target 1.8 -source 1.8
java_class_path (initial): <not set>
Launcher Type: SUN_STANDARD

[Global flags]
     intx CICompilerCount                          = 3                                         {product} {ergonomic}
     uint ConcGCThreads                            = 1                                         {product} {ergonomic}
     uint G1ConcRefinementThreads                  = 4                                         {product} {ergonomic}
   size_t G1HeapRegionSize                         = 1048576                                   {product} {ergonomic}
    uintx GCDrainStackTargetSize                   = 64                                        {product} {ergonomic}
   size_t InitialHeapSize                          = 8388608                                   {product} {command line}
   size_t MarkStackSize                            = 4194304                                   {product} {ergonomic}
   size_t MaxHeapSize                              = 8581545984                                {product} {ergonomic}
   size_t MaxNewSize                               = 5148508160                                {product} {ergonomic}
   size_t MinHeapDeltaBytes                        = 1048576                                   {product} {ergonomic}
    uintx NonNMethodCodeHeapSize                   = 5830732                                {pd product} {ergonomic}
    uintx NonProfiledCodeHeapSize                  = 122913754                              {pd product} {ergonomic}
    uintx ProfiledCodeHeapSize                     = 122913754                              {pd product} {ergonomic}
    uintx ReservedCodeCacheSize                    = 251658240                              {pd product} {ergonomic}
     bool SegmentedCodeCache                       = true                                      {product} {ergonomic}
     bool UseCompressedClassPointers               = true                                 {lp64_product} {ergonomic}
     bool UseCompressedOops                        = true                                 {lp64_product} {ergonomic}
     bool UseG1GC                                  = true                                      {product} {ergonomic}
     bool UseLargePagesIndividualAllocation        = false                                  {pd product} {ergonomic}

Logging:
Log output configuration:
 #0: stdout all=warning uptime,level,tags
 #1: stderr all=off uptime,level,tags

Environment Variables:
PATH=C:\Program Files\Microsoft\jdk-11.0.12.7-hotspot\bin;C:\Program Files\Eclipse Foundation\jdk-8.0.302.8-hotspot\bin;C:\Program Files\Common Files\Oracle\Java\javapath;C:\Program Files (x86)\Common Files\Oracle\Java\javapath;C:\Windows\system32;C:\Windows;C:\Windows\System32\Wbem;C:\Windows\System32\WindowsPowerShell\v1.0\;C:\Windows\System32\OpenSSH\;C:\Program Files\Git\cmd;C:\Program Files\nodejs\;C:\Users\djsha\AppData\Local\Android\Sdk\platform-tools;C:\Users\djsha\AppData\Local\Android\Sdk\ndk\24.0.8215888;C:\Program Files (x86)\Microsoft SQL Server\150\DTS\Binn\;C:\Program Files\Azure Data Studio\bin;C:\Program Files\3D Space\TopoLT V13\;C:\Program Files\Microsoft SQL Server\130\Tools\Binn\;C:\Program Files\Microsoft SQL Server\150\Tools\Binn\;C:\Program Files\Microsoft SQL Server\Client SDK\ODBC\170\Tools\Binn\;C:\Program Files\dotnet\;C:\Users\djsha\AppData\Local\Microsoft\WindowsApps;C:\Users\djsha\AppData\Local\Programs\Microsoft VS Code\bin;C:\Users\djsha\.dotnet\tools;C:\Users\djsha\AppData\Roaming\npm;C:\Users\djsha\AppData\Local\Android\Sdk;C:\Users\djsha\AppData\Local\Android\Sdk\ndk\24.0.8215888;C:\Program Files\Azure Data Studio\bin;
USERNAME=djsha
OS=Windows_NT
PROCESSOR_IDENTIFIER=Intel64 Family 6 Model 158 Stepping 9, GenuineIntel



---------------  S Y S T E M  ---------------

OS: Windows 10 , 64 bit Build 19041 (10.0.19041.1706)
OS uptime: 6 days 14:34 hours

CPU:total 4 (initial active 4) (4 cores per cpu, 1 threads per core) family 6 model 158 stepping 9 microcode 0xb4, cmov, cx8, fxsr, mmx, sse, sse2, sse3, ssse3, sse4.1, sse4.2, popcnt, avx, avx2, aes, clmul, erms, 3dnowpref, lzcnt, tsc, tscinvbit, bmi1, bmi2, adx, fma

Memory: 4k page, system-wide physical 32730M (11383M free)
TotalPageFile size 36826M (AvailPageFile size 169M)
current process WorkingSet (physical memory assigned to process): 264M, peak: 264M
current process commit charge ("private bytes"): 336M, peak: 508M

vm_info: OpenJDK 64-Bit Server VM (11.0.12+7) for windows-amd64 JRE (11.0.12+7), built on Jul 21 2021 15:41:43 by "" with unknown MS VC++:1916

END.
